<?xml version="1.0" encoding="utf-8"?><testsuites name="pytest tests"><testsuite name="pytest" errors="0" failures="4" skipped="18" tests="170" time="4385.419" timestamp="2026-06-12T11:01:18.344710+00:00" hostname="ddu-mac-mini.ncl.ac.uk"><testcase classname="" name="test_i2run" time="0.000"><skipped message="collection skipped">('/Users/nmemn/Developer/ccp4i2/server/ccp4i2/tests/i2run/test_i2run.py', 4, 'Skipped: Historic tests - require test101 project zips')</skipped></testcase><testcase classname="test_acedrg" name="test_from_cif_monomer_library" time="19.382" /><testcase classname="test_acedrg" name="test_from_cif_rcsb" time="53.280" /><testcase classname="test_acedrg" name="test_from_cif_rcsb_metal_af3" time="18.584" /><testcase classname="test_acedrg" name="test_from_mol" time="44.397" /><testcase classname="test_acedrg" name="test_from_sdf" time="43.995" /><testcase classname="test_acedrg" name="test_from_smiles" time="49.218" /><testcase classname="test_acedrg" name="test_from_mol2" time="39.920" /><testcase classname="test_acedrg" name="test_from_smiles_atom_name_matching" time="40.116" /><testcase classname="test_acedrg" name="test_from_cif_rcsb_metal_OEX" time="11.475" /><testcase classname="test_acorn" name="test_acorn" time="6.930" /><testcase classname="test_add_fractional_coords" name="test_gamma_model" time="0.665" /><testcase classname="test_adding_stats" name="test_adding_stats" time="0.000"><skipped type="pytest.skip" message="Requires a prior refinement job in the same project (complex setup)">/Users/nmemn/Developer/ccp4i2/server/ccp4i2/tests/i2run/test_adding_stats.py:5: Requires a prior refinement job in the same project (complex setup)</skipped></testcase><testcase classname="test_aimless" name="test_gamma" time="10.966" /><testcase classname="test_aimless" name="test_mdm2" time="18.692" /><testcase classname="test_alternative_import_xia2" name="test_import_xia2" time="0.000"><skipped type="pytest.skip" message="Requires XIA2 output directory structure not in demo_data">/Users/nmemn/Developer/ccp4i2/server/ccp4i2/tests/i2run/test_alternative_import_xia2.py:5: Requires XIA2 output directory structure not in demo_data</skipped></testcase><testcase classname="test_ample" name="test_8xfm" time="0.948" /><testcase classname="test_arcimboldo" name="test_arcimboldo" time="0.000"><skipped type="pytest.skip" message="Skipping temporarily as no shelx in build">/Users/nmemn/Developer/ccp4i2/server/ccp4i2/tests/i2run/test_arcimboldo.py:17: Skipping temporarily as no shelx in build</skipped></testcase><testcase classname="test_areaimol" name="test_5a3h" time="1.346" /><testcase classname="test_areaimol" name="test_5a3h_imol" time="1.492" /><testcase classname="test_areaimol" name="test_compare_5a3h_and_8a3h" time="1.586" /><testcase classname="test_arpwarp" name="test_arpwarp" time="0.000"><skipped type="pytest.skip" message="Skipping temporarily for comprehensive test">/Users/nmemn/Developer/ccp4i2/server/ccp4i2/tests/i2run/test_arpwarp.py:14: Skipping temporarily for comprehensive test</skipped></testcase><testcase classname="test_asu_contents" name="test_beta_blip" time="0.326" /><testcase classname="test_auspex" name="test_auspex" time="4.917" /><testcase classname="test_chainsaw" name="test_gamma_chainsaw" time="0.527" /><testcase classname="test_chltofom" name="test_hl_to_phifom" time="0.514" /><testcase classname="test_clustalw" name="test_cdk2_cdk6_alignment" time="8.137" /><testcase classname="test_cmapcoeff" name="test_gamma_anomalous" time="4.501" /><testcase classname="test_comit" name="test_comit" time="3.013" /><testcase classname="test_coordinate_selector" name="test_8xfm" time="0.975" /><testcase classname="test_coot_script_lines" name="test_rename_chain" time="0.000"><skipped type="pytest.skip" message="Requires coot --no-graphics binary; may not be available in CI">/Users/nmemn/Developer/ccp4i2/server/ccp4i2/tests/i2run/test_coot_script_lines.py:5: Requires coot --no-graphics binary; may not be available in CI</skipped></testcase><testcase classname="test_cpatterson" name="test_gamma_native" time="2.969" /><testcase classname="test_cphasematch" name="test_gamma_phase_comparison" time="2.514" /><testcase classname="test_crank2" name="test_crank2" time="139.384" /><testcase classname="test_csymmatch" name="test_8xfm" time="0.809" /><testcase classname="test_ctruncate" name="test_gamma_intensities" time="0.000"><skipped type="pytest.skip" message="KeywordExtractor bug: get_merged_metadata is None for ctruncate container">/Users/nmemn/Developer/ccp4i2/server/ccp4i2/tests/i2run/test_ctruncate.py:5: KeywordExtractor bug: get_merged_metadata is None for ctruncate container</skipped></testcase><testcase classname="test_density_calculator" name="test_gamma_model" time="0.359" /><testcase classname="test_dimple" name="test_dimple" time="25.544" /><testcase classname="test_editbfac" name="test_alphafold_pdb" time="13.930" /><testcase classname="test_editbfac" name="test_alphafold_cif" time="3.985" /><testcase classname="test_editbfac" name="test_alphafold_pae" time="0.000"><skipped type="pytest.skip" message="Skipping temporarily due to error in process predicted model">/Users/nmemn/Developer/ccp4i2/server/ccp4i2/tests/i2run/test_editbfac.py:60: Skipping temporarily due to error in process predicted model</skipped></testcase><testcase classname="test_editbfac" name="test_robetta" time="22.446" /><testcase classname="test_edstats_wrapper" name="test_8xfm" time="11.624" /><testcase classname="test_find_ligand" name="test_8xfm" time="0.000"><skipped type="pytest.skip" message="Skipping temporarily until task is in registry">/Users/nmemn/Developer/ccp4i2/server/ccp4i2/tests/i2run/test_find_ligand.py:11: Skipping temporarily until task is in registry</skipped></testcase><testcase classname="test_find_waters" name="test_8xfm" time="0.808" /><testcase classname="test_findmyseq" name="test_gamma" time="0.000"><skipped type="pytest.skip" message="Needs FPHI map coefficients from the gamma crystal — no standalone FPHI MTZ in demo data, and PDB-REDO cells don't match">/Users/nmemn/Developer/ccp4i2/server/ccp4i2/tests/i2run/test_findmyseq.py:5: Needs FPHI map coefficients from the gamma crystal — no standalone FPHI MTZ in demo data, and PDB-REDO cells don't match</skipped></testcase><testcase classname="test_freerflag" name="test_freerflag" time="0.447" /><testcase classname="test_gesamt" name="test_self_superposition" time="0.773" /><testcase classname="test_import_merged" name="test_2ceu_cif" time="6.312" /><testcase classname="test_import_merged" name="test_gamma_mtz" time="2.791" /><testcase classname="test_import_serial_pipe" name="test_serial_import" time="0.001"><skipped type="pytest.skip" message="Requires CrystFEL serial crystallography input data not in demo_data">/Users/nmemn/Developer/ccp4i2/server/ccp4i2/tests/i2run/test_import_serial_pipe.py:5: Requires CrystFEL serial crystallography input data not in demo_data</skipped></testcase><testcase classname="test_import_tasks" name="test_import_coordinate" time="1.216" /><testcase classname="test_import_tasks" name="test_import_dictionary" time="1.705" /><testcase classname="test_import_tasks" name="test_import_freer_auto" time="1.373" /><testcase classname="test_import_tasks" name="test_import_phases_auto" time="1.445" /><testcase classname="test_import_tasks" name="test_import_obs_auto" time="0.573" /><testcase classname="test_import_tasks" name="test_import_mapcoeffs_explicit_columns" time="0.424" /><testcase classname="test_import_tasks" name="test_import_mapcoeffs_ambiguous_fails" time="0.242" /><testcase classname="test_lorestr" name="test_lorestr_1h1s" time="907.009" /><testcase classname="test_lorestr" name="test_lorestr_8xfm_mmcif" time="281.982" /><testcase classname="test_make_link" name="test_6ndn" time="49.559" /><testcase classname="test_matthews" name="test_gamma_from_nres" time="1.040" /><testcase classname="test_matthews" name="test_gamma_from_molwt" time="0.860" /><testcase classname="test_merge_mtz" name="test_gamma_merge_two_mtz" time="0.000"><skipped type="pytest.skip" message="CLI list parsing creates CString items instead of CMergeMiniMtzItem — wrapper expects .fileName attribute">/Users/nmemn/Developer/ccp4i2/server/ccp4i2/tests/i2run/test_merge_mtz.py:6: CLI list parsing creates CString items instead of CMergeMiniMtzItem — wrapper expects .fileName attribute</skipped></testcase><testcase classname="test_metalcoord" name="test_metalcoord" time="7.482" /><testcase classname="test_model_asu_check" name="test_8xfm" time="0.497" /><testcase classname="test_modelcraft" name="test_8xfm" time="148.669"><failure message="FileNotFoundError: [Errno 2] unable to open() file /Users/nmemn/.cache/ccp4i2-tests/20260612_113237_234d_modelcraft_test_8xfm/CCP4_JOBS/job_1/XYZOUT.pdb for reading: No such file or directory">ccp4i2/tests/i2run/test_modelcraft.py:24: in test_8xfm
    _check_output(job, max_rfree=0.3)
ccp4i2/tests/i2run/test_modelcraft.py:8: in _check_output
    read_structure(str(job / "XYZOUT.pdb"), format=CoorFormat.Mmcif)
E   FileNotFoundError: [Errno 2] unable to open() file /Users/nmemn/.cache/ccp4i2-tests/20260612_113237_234d_modelcraft_test_8xfm/CCP4_JOBS/job_1/XYZOUT.pdb for reading: No such file or directory</failure></testcase><testcase classname="test_modelcraft" name="test_gamma_ep" time="85.764"><failure message="FileNotFoundError: [Errno 2] unable to open() file /Users/nmemn/.cache/ccp4i2-tests/20260612_113505_6241_modelcraft_test_gamma_ep/CCP4_JOBS/job_1/XYZOUT.pdb for reading: No such file or directory">ccp4i2/tests/i2run/test_modelcraft.py:37: in test_gamma_ep
    _check_output(job, max_rfree=0.35)
ccp4i2/tests/i2run/test_modelcraft.py:8: in _check_output
    read_structure(str(job / "XYZOUT.pdb"), format=CoorFormat.Mmcif)
E   FileNotFoundError: [Errno 2] unable to open() file /Users/nmemn/.cache/ccp4i2-tests/20260612_113505_6241_modelcraft_test_gamma_ep/CCP4_JOBS/job_1/XYZOUT.pdb for reading: No such file or directory</failure></testcase><testcase classname="test_molrep" name="test_molrep" time="20.415" /><testcase classname="test_molrep_den" name="test_gamma_density" time="10.990" /><testcase classname="test_molrep_selfrot" name="test_1h1s_selfrot" time="20.632" /><testcase classname="test_monomer_coverage.TestCheckMonomeCoverage" name="test_standard_amino_acids_only" time="0.239" /><testcase classname="test_monomer_coverage.TestCheckMonomeCoverage" name="test_known_library_ligand" time="0.249" /><testcase classname="test_monomer_coverage.TestCheckMonomeCoverage" name="test_code_collision_detected" time="0.211" /><testcase classname="test_monomer_coverage.TestCheckMonomeCoverage" name="test_user_dict_resolves_collision" time="0.202" /><testcase classname="test_monomer_coverage.TestCheckMonomeCoverage" name="test_completely_unknown_code" time="0.207" /><testcase classname="test_monomer_coverage.TestCheckMonomeCoverage" name="test_user_dict_covers_unknown_code" time="0.204" /><testcase classname="test_monomer_coverage.TestCheckMonomeCoverage" name="test_partial_dict_coverage_fails" time="0.199" /><testcase classname="test_monomer_coverage.TestCheckMonomeCoverage" name="test_water_and_ions_pass" time="0.204" /><testcase classname="test_monomer_coverage.TestCheckMonomeCoverage" name="test_multiple_instances_all_checked" time="0.210" /><testcase classname="test_monomer_coverage.TestCheckMonomeCoverage" name="test_empty_structure_passes" time="0.204" /><testcase classname="test_mrbump" name="test_mrbump" time="69.798" /><testcase classname="test_mrparse" name="test_mrparse" time="5.493" /><testcase classname="test_nucleofind" name="test_1hr2" time="0.796"><failure message="SystemExit: 2">ccp4i2/tests/i2run/test_nucleofind.py:17: in test_1hr2
    with i2run(args) as job:
../../ccp4-20251105/Frameworks/Python.framework/Versions/3.11/lib/python3.11/contextlib.py:137: in __enter__
    return next(self.gen)
           ^^^^^^^^^^^^^^
ccp4i2/tests/i2run/utils.py:165: in i2run
    call_command(
../../ccp4-20251105/Frameworks/Python.framework/Versions/3.11/lib/python3.11/site-packages/django/core/management/__init__.py:194: in call_command
    return command.execute(*args, **defaults)
           ^^^^^^^^^^^^^^^^^^^^^^^^^^^^^^^^^^
../../ccp4-20251105/Frameworks/Python.framework/Versions/3.11/lib/python3.11/site-packages/django/core/management/base.py:458: in execute
    output = self.handle(*args, **options)
             ^^^^^^^^^^^^^^^^^^^^^^^^^^^^^
ccp4i2/db/management/commands/i2run.py:54: in handle
    self.i2_runner.parseArgs()
ccp4i2/cli/i2run/CCP4i2RunnerBase.py:133: in parseArgs
    self.parsed_args = self.parser.parse_args(self.args)
                       ^^^^^^^^^^^^^^^^^^^^^^^^^^^^^^^^^
../../ccp4-20251105/Frameworks/Python.framework/Versions/3.11/lib/python3.11/argparse.py:1877: in parse_args
    self.error(msg % ' '.join(argv))
../../ccp4-20251105/Frameworks/Python.framework/Versions/3.11/lib/python3.11/argparse.py:2640: in error
    self.exit(2, _('%(prog)s: error: %(message)s\n') % args)
../../ccp4-20251105/Frameworks/Python.framework/Versions/3.11/lib/python3.11/argparse.py:2627: in exit
    _sys.exit(status)
E   SystemExit: 2</failure></testcase><testcase classname="test_nucleofind" name="test_1hr2_raw" time="0.209"><failure message="SystemExit: 2">ccp4i2/tests/i2run/test_nucleofind.py:27: in test_1hr2_raw
    with i2run(args) as job:
../../ccp4-20251105/Frameworks/Python.framework/Versions/3.11/lib/python3.11/contextlib.py:137: in __enter__
    return next(self.gen)
           ^^^^^^^^^^^^^^
ccp4i2/tests/i2run/utils.py:165: in i2run
    call_command(
../../ccp4-20251105/Frameworks/Python.framework/Versions/3.11/lib/python3.11/site-packages/django/core/management/__init__.py:194: in call_command
    return command.execute(*args, **defaults)
           ^^^^^^^^^^^^^^^^^^^^^^^^^^^^^^^^^^
../../ccp4-20251105/Frameworks/Python.framework/Versions/3.11/lib/python3.11/site-packages/django/core/management/base.py:458: in execute
    output = self.handle(*args, **options)
             ^^^^^^^^^^^^^^^^^^^^^^^^^^^^^
ccp4i2/db/management/commands/i2run.py:54: in handle
    self.i2_runner.parseArgs()
ccp4i2/cli/i2run/CCP4i2RunnerBase.py:133: in parseArgs
    self.parsed_args = self.parser.parse_args(self.args)
                       ^^^^^^^^^^^^^^^^^^^^^^^^^^^^^^^^^
../../ccp4-20251105/Frameworks/Python.framework/Versions/3.11/lib/python3.11/argparse.py:1877: in parse_args
    self.error(msg % ' '.join(argv))
../../ccp4-20251105/Frameworks/Python.framework/Versions/3.11/lib/python3.11/argparse.py:2640: in error
    self.exit(2, _('%(prog)s: error: %(message)s\n') % args)
../../ccp4-20251105/Frameworks/Python.framework/Versions/3.11/lib/python3.11/argparse.py:2627: in exit
    _sys.exit(status)
E   SystemExit: 2</failure></testcase><testcase classname="test_pairef" name="test_pairef" time="53.192" /><testcase classname="test_parrot" name="test_parrot" time="3.059" /><testcase classname="test_pdb_redo_api" name="test_pdb_redo" time="0.000"><skipped type="pytest.skip" message="Requires external PDB-REDO web service; not suitable for offline CI">/Users/nmemn/Developer/ccp4i2/server/ccp4i2/tests/i2run/test_pdb_redo_api.py:5: Requires external PDB-REDO web service; not suitable for offline CI</skipped></testcase><testcase classname="test_pdbset_ui" name="test_gamma_model" time="0.726" /><testcase classname="test_phaser_ensembler" name="test_mdm2_two_models" time="1.544" /><testcase classname="test_phaser_ep" name="test_phaser_ep" time="7.244" /><testcase classname="test_phaser_ep_auto" name="test_gamma_xe" time="7.027" /><testcase classname="test_phaser_ep_llg" name="test_gamma_xe" time="1.737" /><testcase classname="test_phaser_expert" name="test_beta_blip_default" time="32.872" /><testcase classname="test_phaser_expert" name="test_beta_blip_asu" time="10.183" /><testcase classname="test_phaser_rnp_pipeline" name="test_phaser_rnp_pipeline_chain_selections" time="19.612" /><testcase classname="test_phaser_simple" name="test_gamma_basic" time="7.698" /><testcase classname="test_phaser_simple" name="test_gamma_sheetbend" time="9.423" /><testcase classname="test_phaser_simple" name="test_gamma" time="18.988" /><testcase classname="test_phaser_simple" name="test_no_solution" time="5.354" /><testcase classname="test_phasertng_picard" name="test_instantiation" time="0.406" /><testcase classname="test_phasertng_picard" name="test_json_serialization" time="0.446" /><testcase classname="test_phasertng_picard" name="test_extract_no_user_changes" time="0.404" /><testcase classname="test_phasertng_picard" name="test_phil_exclude_scopes" time="0.404" /><testcase classname="test_phasertng_picard" name="test_i2run_gamma" time="20.788" /><testcase classname="test_plugin_validation" name="test_bare_prosmart_refmac_validation" time="0.487" /><testcase classname="test_plugin_validation" name="test_plugin_validity_method" time="0.372" /><testcase classname="test_plugin_validation" name="test_plugin_validity_as_xml_method" time="0.377" /><testcase classname="test_pointless_reindex" name="test_reindex_to_coords" time="0.856" /><testcase classname="test_privateer" name="test_glyco_4iid" time="3.754" /><testcase classname="test_provide_alignment" name="test_paste_pir_alignment" time="0.647" /><testcase classname="test_provide_alignment" name="test_read_pir_file" time="0.666" /><testcase classname="test_provide_sequence" name="test_freetext_sequence" time="0.674" /><testcase classname="test_provide_tls" name="test_auto_from_coords" time="0.654" /><testcase classname="test_refmac" name="test_8xfm" time="0.000"><skipped type="pytest.skip" message="Clipper library crashes during Iris validation - use test_8xfm_basic instead">/Users/nmemn/Developer/ccp4i2/server/ccp4i2/tests/i2run/test_refmac.py:229: Clipper library crashes during Iris validation - use test_8xfm_basic instead</skipped></testcase><testcase classname="test_refmac" name="test_8xfm_basic" time="10.933" /><testcase classname="test_refmac" name="test_gamma" time="0.000"><skipped type="pytest.skip" message="Clipper library crashes during Iris validation - use test_gamma_basic instead">/Users/nmemn/Developer/ccp4i2/server/ccp4i2/tests/i2run/test_refmac.py:258: Clipper library crashes during Iris validation - use test_gamma_basic instead</skipped></testcase><testcase classname="test_refmac" name="test_gamma_basic" time="11.365" /><testcase classname="test_report_generation" name="test_refmac_report_generation" time="10.113" /><testcase classname="test_report_generation" name="test_pointless_report_generation" time="0.724" /><testcase classname="test_report_generation" name="test_import_merged_report_generation" time="2.756" /><testcase classname="test_report_generation" name="test_report_for_nonexistent_task" time="0.347" /><testcase classname="test_report_generation" name="test_csymmatch_report_generation" time="0.699" /><testcase classname="test_rsr_morph" name="test_8xfm" time="3.832" /><testcase classname="test_scaleit" name="test_gamma_native_vs_xe" time="3.493" /><testcase classname="test_sculptor" name="test_gamma_sculptor" time="1.833" /><testcase classname="test_servalcat" name="test_8xfm_basic" time="5.266" /><testcase classname="test_servalcat" name="test_1gyu_unmerged_basic" time="4.693" /><testcase classname="test_servalcat" name="test_7beq_electron_basic" time="6.102" /><testcase classname="test_servalcat" name="test_7prg_neutron_basic" time="28.194" /><testcase classname="test_sheetbend" name="test_8xfm" time="3.019" /><testcase classname="test_shelx" name="test_substrdet" time="30.224" /><testcase classname="test_shelx" name="test_gamma_sad" time="292.049" /><testcase classname="test_shelx" name="test_gamma_siras" time="326.705" /><testcase classname="test_shelxe_mr" name="test_gamma" time="27.658" /><testcase classname="test_simbad" name="test_gamma_lattice" time="129.298" /><testcase classname="test_simple_pipeline" name="test_simple_signal_chain" time="4.364" /><testcase classname="test_single_atom_mr" name="test_single_atom_mr" time="43.627" /><testcase classname="test_split_mtz" name="test_gamma_abcd_column_group_list" time="0.791" /><testcase classname="test_split_mtz" name="test_gamma_abcd_user_column_group" time="0.783" /><testcase classname="test_split_mtz" name="test_4iid_phi_fom" time="0.802" /><testcase classname="test_split_mtz" name="test_auto_detect_redo_1cbs" time="1.258" /><testcase classname="test_split_mtz" name="test_auto_detect_redo_2ceu" time="1.281" /><testcase classname="test_split_mtz" name="test_auto_detect_gamma_phases" time="0.775" /><testcase classname="test_substitute_ligand" name="test_substitute_ligand_no_ligand" time="54.824" /><testcase classname="test_substitute_ligand" name="test_substitute_ligand_with_smiles" time="90.834" /><testcase classname="test_subtract_native" name="test_8xfm" time="0.999" /><testcase classname="test_urls" name="test_url[pdbe_fasta-8xfm-read_fasta]" time="0.519" /><testcase classname="test_urls" name="test_url[pdbe_mmcif-1gyu-read_structure]" time="0.503" /><testcase classname="test_urls" name="test_url[pdbe_pdb-6ndn-read_structure]" time="0.842" /><testcase classname="test_urls" name="test_url[pdbe_sfcif-2ceu-read]" time="1.085" /><testcase classname="test_urls" name="test_url[rcsb_ligand_cif-A1LU6-read]" time="0.514" /><testcase classname="test_urls" name="test_url[rcsb_ligand_sdf-A1LU6-read_sdf]" time="0.436" /><testcase classname="test_urls" name="test_url[rcsb_mmcif-4dl8-read_structure]" time="0.466" /><testcase classname="test_urls" name="test_url[rcsb_pdb-8rk1-read_structure]" time="1.184" /><testcase classname="test_urls" name="test_url[redo_cif-8xfm-read_structure]" time="0.833" /><testcase classname="test_urls" name="test_url[redo_mtz-8xfm-read_mtz_file]" time="0.753" /><testcase classname="test_validate" name="test_7beq_basic" time="9.752" /><testcase classname="test_validate" name="test_8ola_8olf_basic" time="43.527" /><testcase classname="test_validate" name="test_8rk1_cif_basic" time="51.129" /><testcase classname="test_validate" name="test_8rk1_pdb_basic" time="50.179" /><testcase classname="test_validate" name="test_8ola_8olf_with_molprobity" time="43.275" /><testcase classname="test_validate" name="test_8rk1_cif_with_molprobity" time="50.198" /><testcase classname="test_validate" name="test_8rk1_pdb_with_molprobity" time="49.814" /><testcase classname="test_xia2" name="test_xia2_dials_file" time="198.018" /><testcase classname="test_xia2" name="test_xia2_dials_directory" time="139.062" /><testcase classname="test_xia2" name="test_xia2_xds_file" time="0.013"><skipped type="pytest.skip" message="XDS not installed">/Users/nmemn/Developer/ccp4i2/server/ccp4i2/tests/i2run/test_xia2.py:57: XDS not installed</skipped></testcase><testcase classname="test_xia2_multiplex" name="test_multiplex" time="0.007"><skipped type="pytest.skip" message="Requires DIALS integrated .refl/.expt files not in demo_data">/Users/nmemn/Developer/ccp4i2/server/ccp4i2/tests/i2run/test_xia2_multiplex.py:5: Requires DIALS integrated .refl/.expt files not in demo_data</skipped></testcase><testcase classname="test_xia2_ssx_reduce" name="test_ssx_reduce" time="0.000"><skipped type="pytest.skip" message="Requires DIALS SSX integrated .refl/.expt files not in demo_data">/Users/nmemn/Developer/ccp4i2/server/ccp4i2/tests/i2run/test_xia2_ssx_reduce.py:5: Requires DIALS SSX integrated .refl/.expt files not in demo_data</skipped></testcase><testcase classname="test_zanuda" name="test_zanuda_8xfm" time="190.037" /></testsuite></testsuites>