<?xml version="1.0" encoding="utf-8"?><testsuites><testsuite name="pytest" errors="0" failures="0" skipped="13" tests="182" time="3947.905" timestamp="2026-08-30T12:40:49.868805" hostname="ddu-mac-mini.ncl.ac.uk"><testcase classname="" name="test_i2run" time="0.000"><skipped message="collection skipped">('/private/tmp/claude-502/-Users-nmemn-Developer-ccp4i2/f6cc7a2e-0e1a-44ce-9736-29b95923e46e/scratchpad/exp/server/ccp4i2/tests/i2run/test_i2run.py', 4, 'Skipped: Historic tests - require test101 project zips')</skipped></testcase><testcase classname="test_acedrg" name="test_from_cif_monomer_library" time="14.063" /><testcase classname="test_acedrg" name="test_from_cif_rcsb" time="31.492" /><testcase classname="test_acedrg" name="test_from_cif_rcsb_metal_af3" time="9.059" /><testcase classname="test_acedrg" name="test_from_mol" time="27.584" /><testcase classname="test_acedrg" name="test_from_sdf" time="31.130" /><testcase classname="test_acedrg" name="test_from_smiles" time="34.530" /><testcase classname="test_acedrg" name="test_from_mol2" time="25.802" /><testcase classname="test_acedrg" name="test_from_smiles_atom_name_matching" time="26.264" /><testcase classname="test_acedrg" name="test_from_cif_rcsb_metal_OEX" time="9.040" /><testcase classname="test_acorn" name="test_acorn" time="5.668" /><testcase classname="test_add_fractional_coords" name="test_gamma_model" time="0.451" /><testcase classname="test_adding_stats" name="test_adding_stats" time="0.000"><skipped type="pytest.skip" message="NOT IMPLEMENTED: no test body. Would need a prior refinement job in the same project; see the docstring.">/private/tmp/claude-502/-Users-nmemn-Developer-ccp4i2/f6cc7a2e-0e1a-44ce-9736-29b95923e46e/scratchpad/exp/server/ccp4i2/tests/i2run/test_adding_stats.py:5: NOT IMPLEMENTED: no test body. Would need a prior refinement job in the same project; see the docstring.</skipped></testcase><testcase classname="test_aimless" name="test_gamma" time="3.454" /><testcase classname="test_aimless" name="test_mdm2" time="13.575" /><testcase classname="test_alternative_import_xia2" name="test_import_xia2" time="0.000"><skipped type="pytest.skip" message="NOT IMPLEMENTED: no test body. Would need a real xia2 output directory; see the docstring.">/private/tmp/claude-502/-Users-nmemn-Developer-ccp4i2/f6cc7a2e-0e1a-44ce-9736-29b95923e46e/scratchpad/exp/server/ccp4i2/tests/i2run/test_alternative_import_xia2.py:5: NOT IMPLEMENTED: no test body. Would need a real xia2 output directory; see the docstring.</skipped></testcase><testcase classname="test_ample" name="test_8xfm" time="0.114" /><testcase classname="test_arcimboldo" name="test_arcimboldo" time="106.779" /><testcase classname="test_areaimol" name="test_5a3h" time="0.501" /><testcase classname="test_areaimol" name="test_5a3h_imol" time="0.627" /><testcase classname="test_areaimol" name="test_compare_5a3h_and_8a3h" time="0.671" /><testcase classname="test_arpwarp" name="test_arpwarp" time="0.000"><skipped type="pytest.skip" message="ARP/wARP not installed ($warpbin unset). It is licensed separately, like SHELX. NOTE: without it this task reports success and writes no outputs -- the wrapper finds ARP/wARP by its own means, so the pre-run program check cannot see the dependency.">/private/tmp/claude-502/-Users-nmemn-Developer-ccp4i2/f6cc7a2e-0e1a-44ce-9736-29b95923e46e/scratchpad/exp/server/ccp4i2/tests/i2run/test_arpwarp.py:15: ARP/wARP not installed ($warpbin unset). It is licensed separately, like SHELX. NOTE: without it this task reports success and writes no outputs -- the wrapper finds ARP/wARP by its own means, so the pre-run program check cannot see the dependency.</skipped></testcase><testcase classname="test_asu_contents" name="test_beta_blip" time="0.280" /><testcase classname="test_auspex" name="test_auspex" time="4.180" /><testcase classname="test_chainsaw" name="test_gamma_chainsaw" time="0.327" /><testcase classname="test_chltofom" name="test_hl_to_phifom" time="0.322" /><testcase classname="test_clustalw" name="test_cdk2_cdk6_alignment" time="0.304" /><testcase classname="test_cmapcoeff" name="test_gamma_anomalous" time="1.459" /><testcase classname="test_comit" name="test_comit" time="1.692" /><testcase classname="test_coordinate_selector" name="test_8xfm" time="0.322" /><testcase classname="test_coot_script_lines" name="test_rename_chain" time="0.000"><skipped type="pytest.skip" message="Requires coot --no-graphics binary; may not be available in CI">/private/tmp/claude-502/-Users-nmemn-Developer-ccp4i2/f6cc7a2e-0e1a-44ce-9736-29b95923e46e/scratchpad/exp/server/ccp4i2/tests/i2run/test_coot_script_lines.py:5: Requires coot --no-graphics binary; may not be available in CI</skipped></testcase><testcase classname="test_cpatterson" name="test_gamma_native" time="1.928" /><testcase classname="test_cphasematch" name="test_gamma_phase_comparison" time="1.479" /><testcase classname="test_crank2" name="test_crank2" time="78.333" /><testcase classname="test_csymmatch" name="test_8xfm" time="0.520" /><testcase classname="test_ctruncate" name="test_gamma_intensities" time="0.000"><skipped type="pytest.skip" message="KeywordExtractor bug: get_merged_metadata is None for ctruncate container">/private/tmp/claude-502/-Users-nmemn-Developer-ccp4i2/f6cc7a2e-0e1a-44ce-9736-29b95923e46e/scratchpad/exp/server/ccp4i2/tests/i2run/test_ctruncate.py:5: KeywordExtractor bug: get_merged_metadata is None for ctruncate container</skipped></testcase><testcase classname="test_density_calculator" name="test_gamma_model" time="0.317" /><testcase classname="test_dimple" name="test_dimple" time="12.518" /><testcase classname="test_dm_multidomain" name="test_dm_multidomain" time="13.672" /><testcase classname="test_dm_multidomain" name="test_dm_multidomain_phases_from_model" time="17.404" /><testcase classname="test_dm_multidomain" name="test_dm_multidomain_explicit_assembly" time="13.622" /><testcase classname="test_dm_vs_parrot" name="test_parrot_recovery" time="53.129" /><testcase classname="test_dm_vs_parrot" name="test_dm_multidomain_recovery" time="9.188" /><testcase classname="test_editbfac" name="test_alphafold_pdb" time="11.077" /><testcase classname="test_editbfac" name="test_alphafold_cif" time="4.139" /><testcase classname="test_editbfac" name="test_alphafold_pae" time="0.000"><skipped type="pytest.skip" message="Skipping temporarily due to error in process predicted model">/private/tmp/claude-502/-Users-nmemn-Developer-ccp4i2/f6cc7a2e-0e1a-44ce-9736-29b95923e46e/scratchpad/exp/server/ccp4i2/tests/i2run/test_editbfac.py:60: Skipping temporarily due to error in process predicted model</skipped></testcase><testcase classname="test_editbfac" name="test_robetta" time="15.473" /><testcase classname="test_edstats_wrapper" name="test_8xfm" time="7.965" /><testcase classname="test_failure_surfacing" name="test_a_wrapper_given_an_unreadable_model_says_so" time="0.345" /><testcase classname="test_failure_surfacing" name="test_a_failure_in_a_subjob_names_the_subjob" time="1.093" /><testcase classname="test_failure_surfacing" name="test_a_failing_subjob_leaves_its_own_diagnostic" time="0.777" /><testcase classname="test_find_ligand" name="test_8xfm" time="0.751" /><testcase classname="test_find_waters" name="test_8xfm" time="0.509" /><testcase classname="test_findmyseq" name="test_gamma" time="0.000"><skipped type="pytest.skip" message="Needs FPHI map coefficients from the gamma crystal — no standalone FPHI MTZ in demo data, and PDB-REDO cells don't match">/private/tmp/claude-502/-Users-nmemn-Developer-ccp4i2/f6cc7a2e-0e1a-44ce-9736-29b95923e46e/scratchpad/exp/server/ccp4i2/tests/i2run/test_findmyseq.py:5: Needs FPHI map coefficients from the gamma crystal — no standalone FPHI MTZ in demo data, and PDB-REDO cells don't match</skipped></testcase><testcase classname="test_freerflag" name="test_freerflag" time="0.358" /><testcase classname="test_gesamt" name="test_self_superposition" time="0.504" /><testcase classname="test_import_merged" name="test_2ceu_cif" time="2.608" /><testcase classname="test_import_merged" name="test_gamma_mtz" time="1.885" /><testcase classname="test_import_serial_pipe" name="test_serial_import" time="0.000"><skipped type="pytest.skip" message="NOT IMPLEMENTED: no test body. Would need CrystFEL .hkl half-datasets; see the docstring.">/private/tmp/claude-502/-Users-nmemn-Developer-ccp4i2/f6cc7a2e-0e1a-44ce-9736-29b95923e46e/scratchpad/exp/server/ccp4i2/tests/i2run/test_import_serial_pipe.py:5: NOT IMPLEMENTED: no test body. Would need CrystFEL .hkl half-datasets; see the docstring.</skipped></testcase><testcase classname="test_import_tasks" name="test_import_coordinate" time="0.322" /><testcase classname="test_import_tasks" name="test_import_dictionary" time="0.307" /><testcase classname="test_import_tasks" name="test_import_freer_auto" time="0.321" /><testcase classname="test_import_tasks" name="test_import_phases_auto" time="0.329" /><testcase classname="test_import_tasks" name="test_import_obs_auto" time="0.338" /><testcase classname="test_import_tasks" name="test_import_mapcoeffs_explicit_columns" time="0.347" /><testcase classname="test_import_tasks" name="test_import_mapcoeffs_ambiguous_fails" time="0.193" /><testcase classname="test_lorestr" name="test_lorestr_1h1s" time="352.632" /><testcase classname="test_lorestr" name="test_lorestr_8xfm_mmcif" time="121.207" /><testcase classname="test_make_link" name="test_6ndn" time="31.950" /><testcase classname="test_matthews" name="test_gamma_from_nres" time="0.360" /><testcase classname="test_matthews" name="test_gamma_from_molwt" time="0.358" /><testcase classname="test_merge_mtz" name="test_gamma_merge_two_mtz" time="0.389" /><testcase classname="test_metalcoord" name="test_metalcoord" time="6.476" /><testcase classname="test_model_asu_check" name="test_8xfm" time="0.384" /><testcase classname="test_modelcraft" name="test_8xfm" time="103.265" /><testcase classname="test_modelcraft" name="test_gamma_ep" time="44.423" /><testcase classname="test_molrep" name="test_molrep" time="18.462" /><testcase classname="test_molrep_den" name="test_gamma_density" time="9.390" /><testcase classname="test_molrep_selfrot" name="test_1h1s_selfrot" time="20.187" /><testcase classname="test_monomer_coverage.TestCheckMonomeCoverage" name="test_standard_amino_acids_only" time="0.171" /><testcase classname="test_monomer_coverage.TestCheckMonomeCoverage" name="test_known_library_ligand" time="0.171" /><testcase classname="test_monomer_coverage.TestCheckMonomeCoverage" name="test_code_collision_detected" time="0.168" /><testcase classname="test_monomer_coverage.TestCheckMonomeCoverage" name="test_user_dict_resolves_collision" time="0.164" /><testcase classname="test_monomer_coverage.TestCheckMonomeCoverage" name="test_completely_unknown_code" time="0.171" /><testcase classname="test_monomer_coverage.TestCheckMonomeCoverage" name="test_user_dict_covers_unknown_code" time="0.169" /><testcase classname="test_monomer_coverage.TestCheckMonomeCoverage" name="test_partial_dict_coverage_fails" time="0.164" /><testcase classname="test_monomer_coverage.TestCheckMonomeCoverage" name="test_water_and_ions_pass" time="0.177" /><testcase classname="test_monomer_coverage.TestCheckMonomeCoverage" name="test_multiple_instances_all_checked" time="0.168" /><testcase classname="test_monomer_coverage.TestCheckMonomeCoverage" name="test_no_monomer_library_defers" time="0.164" /><testcase classname="test_monomer_coverage.TestCheckMonomeCoverage" name="test_empty_structure_passes" time="0.167" /><testcase classname="test_mrbump" name="test_mrbump" time="107.266" /><testcase classname="test_mrparse" name="test_mrparse" time="5.193" /><testcase classname="test_nucleofind" name="test_1hr2" time="73.259" /><testcase classname="test_nucleofind" name="test_1hr2_raw" time="72.724" /><testcase classname="test_pairef" name="test_pairef" time="52.942" /><testcase classname="test_parrot" name="test_parrot" time="2.701" /><testcase classname="test_pdb_redo_api" name="test_pdb_redo" time="0.000"><skipped type="pytest.skip" message="NOT IMPLEMENTED: no test body. Would also need the live PDB-REDO service, so it could not run offline; see the docstring.">/private/tmp/claude-502/-Users-nmemn-Developer-ccp4i2/f6cc7a2e-0e1a-44ce-9736-29b95923e46e/scratchpad/exp/server/ccp4i2/tests/i2run/test_pdb_redo_api.py:5: NOT IMPLEMENTED: no test body. Would also need the live PDB-REDO service, so it could not run offline; see the docstring.</skipped></testcase><testcase classname="test_pdbset_ui" name="test_gamma_model" time="0.405" /><testcase classname="test_phaser_ensembler" name="test_mdm2_two_models" time="1.362" /><testcase classname="test_phaser_ep" name="test_phaser_ep" time="6.837" /><testcase classname="test_phaser_ep_auto" name="test_gamma_xe" time="6.748" /><testcase classname="test_phaser_ep_llg" name="test_gamma_xe" time="1.532" /><testcase classname="test_phaser_expert" name="test_beta_blip_default" time="31.376" /><testcase classname="test_phaser_expert" name="test_beta_blip_asu" time="10.009" /><testcase classname="test_phaser_rnp_pipeline" name="test_phaser_rnp_pipeline_chain_selections" time="18.384" /><testcase classname="test_phaser_simple" name="test_gamma_basic" time="6.749" /><testcase classname="test_phaser_simple" name="test_gamma_sheetbend" time="8.331" /><testcase classname="test_phaser_simple" name="test_gamma" time="17.525" /><testcase classname="test_phaser_simple" name="test_no_solution" time="4.687" /><testcase classname="test_phasertng_picard" name="test_instantiation" time="0.265" /><testcase classname="test_phasertng_picard" name="test_json_serialization" time="0.273" /><testcase classname="test_phasertng_picard" name="test_extract_no_user_changes" time="0.250" /><testcase classname="test_phasertng_picard" name="test_phil_exclude_scopes" time="0.260" /><testcase classname="test_phasertng_picard" name="test_i2run_gamma" time="16.682" /><testcase classname="test_plugin_validation" name="test_bare_prosmart_refmac_validation" time="0.287" /><testcase classname="test_plugin_validation" name="test_plugin_validity_method" time="0.251" /><testcase classname="test_plugin_validation" name="test_plugin_validity_as_xml_method" time="0.259" /><testcase classname="test_pointless_reindex" name="test_reindex_to_coords" time="0.627" /><testcase classname="test_privateer" name="test_glyco_4iid" time="3.247" /><testcase classname="test_provide_alignment" name="test_paste_pir_alignment" time="0.433" /><testcase classname="test_provide_alignment" name="test_read_pir_file" time="0.432" /><testcase classname="test_provide_sequence" name="test_freetext_sequence" time="0.442" /><testcase classname="test_provide_tls" name="test_auto_from_coords" time="0.442" /><testcase classname="test_refmac" name="test_8xfm" time="119.443" /><testcase classname="test_refmac" name="test_8xfm_basic" time="10.907" /><testcase classname="test_refmac" name="test_gamma" time="30.192" /><testcase classname="test_refmac" name="test_gamma_basic" time="10.996" /><testcase classname="test_refmac" name="test_complete_mtz_survives_cleanup" time="9.994" /><testcase classname="test_report_generation" name="test_refmac_report_generation" time="9.464" /><testcase classname="test_report_generation" name="test_pointless_report_generation" time="0.533" /><testcase classname="test_report_generation" name="test_import_merged_report_generation" time="2.172" /><testcase classname="test_report_generation" name="test_report_for_nonexistent_task" time="0.252" /><testcase classname="test_report_generation" name="test_csymmatch_report_generation" time="0.511" /><testcase classname="test_report_generation" name="test_report_for_task_without_a_report_class" time="0.557" /><testcase classname="test_rsr_morph" name="test_8xfm" time="5.162" /><testcase classname="test_scaleit" name="test_gamma_native_vs_xe" time="2.845" /><testcase classname="test_sculptor" name="test_gamma_sculptor" time="1.595" /><testcase classname="test_servalcat" name="test_8xfm_basic" time="4.161" /><testcase classname="test_servalcat" name="test_1gyu_unmerged_basic" time="3.797" /><testcase classname="test_servalcat" name="test_7beq_electron_basic" time="3.713" /><testcase classname="test_servalcat" name="test_7prg_neutron_basic" time="316.895" /><testcase classname="test_servalcat" name="test_complete_mtz_survives_cleanup" time="4.172" /><testcase classname="test_sheetbend" name="test_8xfm" time="2.749" /><testcase classname="test_shelx" name="test_substrdet" time="25.437" /><testcase classname="test_shelx" name="test_gamma_sad" time="229.747" /><testcase classname="test_shelx" name="test_gamma_siras" time="278.958" /><testcase classname="test_shelxe_mr" name="test_gamma" time="27.274" /><testcase classname="test_simbad" name="test_gamma_lattice" time="122.530" /><testcase classname="test_simple_pipeline" name="test_simple_signal_chain" time="3.762" /><testcase classname="test_single_atom_mr" name="test_single_atom_mr" time="41.275" /><testcase classname="test_split_mtz" name="test_gamma_abcd_column_group_list" time="0.587" /><testcase classname="test_split_mtz" name="test_gamma_abcd_user_column_group" time="0.582" /><testcase classname="test_split_mtz" name="test_4iid_phi_fom" time="0.616" /><testcase classname="test_split_mtz" name="test_auto_detect_redo_1cbs" time="0.623" /><testcase classname="test_split_mtz" name="test_auto_detect_redo_2ceu" time="0.647" /><testcase classname="test_split_mtz" name="test_auto_detect_gamma_phases" time="0.619" /><testcase classname="test_substitute_ligand" name="test_substitute_ligand_no_ligand" time="49.792" /><testcase classname="test_substitute_ligand" name="test_substitute_ligand_with_smiles" time="85.586" /><testcase classname="test_subtract_native" name="test_8xfm" time="0.833" /><testcase classname="test_urls" name="test_url[pdbe_fasta-8xfm-read_fasta]" time="0.282" /><testcase classname="test_urls" name="test_url[pdbe_mmcif-1gyu-read_structure]" time="0.282" /><testcase classname="test_urls" name="test_url[pdbe_pdb-6ndn-read_structure]" time="0.284" /><testcase classname="test_urls" name="test_url[pdbe_sfcif-2ceu-read]" time="0.291" /><testcase classname="test_urls" name="test_url[rcsb_ligand_cif-A1LU6-read]" time="0.288" /><testcase classname="test_urls" name="test_url[rcsb_ligand_sdf-A1LU6-read_sdf]" time="0.310" /><testcase classname="test_urls" name="test_url[rcsb_mmcif-4dl8-read_structure]" time="0.279" /><testcase classname="test_urls" name="test_url[rcsb_pdb-8rk1-read_structure]" time="0.283" /><testcase classname="test_urls" name="test_url[redo_cif-8xfm-read_structure]" time="0.279" /><testcase classname="test_urls" name="test_url[redo_mtz-8xfm-read_mtz_file]" time="0.275" /><testcase classname="test_validate" name="test_7beq_basic" time="10.822" /><testcase classname="test_validate" name="test_8ola_8olf_basic" time="47.230" /><testcase classname="test_validate" name="test_8rk1_cif_basic" time="57.765" /><testcase classname="test_validate" name="test_8rk1_pdb_basic" time="57.594" /><testcase classname="test_validate" name="test_8ola_8olf_with_molprobity" time="47.161" /><testcase classname="test_validate" name="test_8rk1_cif_with_molprobity" time="57.719" /><testcase classname="test_validate" name="test_8rk1_pdb_with_molprobity" time="57.660" /><testcase classname="test_xia2" name="test_xia2_dials_file" time="150.323" /><testcase classname="test_xia2" name="test_xia2_dials_directory" time="95.728" /><testcase classname="test_xia2" name="test_xia2_xds_file" time="0.017"><skipped type="pytest.skip" message="not installed: xds_par (looked in the *_EXECUTABLE and *DIR preferences, exePaths and PATH)">/private/tmp/claude-502/-Users-nmemn-Developer-ccp4i2/f6cc7a2e-0e1a-44ce-9736-29b95923e46e/scratchpad/exp/server/ccp4i2/tests/i2run/test_xia2.py:58: not installed: xds_par (looked in the *_EXECUTABLE and *DIR preferences, exePaths and PATH)</skipped></testcase><testcase classname="test_xia2_multiplex" name="test_multiplex" time="0.000"><skipped type="pytest.skip" message="NOT IMPLEMENTED: no test body. Would need DIALS-integrated .refl/.expt files; see the docstring.">/private/tmp/claude-502/-Users-nmemn-Developer-ccp4i2/f6cc7a2e-0e1a-44ce-9736-29b95923e46e/scratchpad/exp/server/ccp4i2/tests/i2run/test_xia2_multiplex.py:5: NOT IMPLEMENTED: no test body. Would need DIALS-integrated .refl/.expt files; see the docstring.</skipped></testcase><testcase classname="test_xia2_ssx_reduce" name="test_ssx_reduce" time="0.000"><skipped type="pytest.skip" message="NOT IMPLEMENTED: no test body. Would need DIALS-integrated serial .refl/.expt files; see the docstring.">/private/tmp/claude-502/-Users-nmemn-Developer-ccp4i2/f6cc7a2e-0e1a-44ce-9736-29b95923e46e/scratchpad/exp/server/ccp4i2/tests/i2run/test_xia2_ssx_reduce.py:5: NOT IMPLEMENTED: no test body. Would need DIALS-integrated serial .refl/.expt files; see the docstring.</skipped></testcase><testcase classname="test_zanuda" name="test_zanuda_8xfm" time="186.236" /></testsuite></testsuites>