<?xml version="1.0" encoding="utf-8"?><testsuites><testsuite name="pytest" errors="0" failures="0" skipped="17" tests="179" time="3947.772" timestamp="2026-08-26T11:13:22.165465" hostname="ddu-mac-mini.ncl.ac.uk"><testcase classname="" name="test_i2run" time="0.000"><skipped message="collection skipped">('/private/tmp/claude-502/-Users-nmemn-Developer-ccp4i2/f6cc7a2e-0e1a-44ce-9736-29b95923e46e/scratchpad/reg/server/ccp4i2/tests/i2run/test_i2run.py', 4, 'Skipped: Historic tests - require test101 project zips')</skipped></testcase><testcase classname="test_acedrg" name="test_from_cif_monomer_library" time="14.519" /><testcase classname="test_acedrg" name="test_from_cif_rcsb" time="33.923" /><testcase classname="test_acedrg" name="test_from_cif_rcsb_metal_af3" time="10.428" /><testcase classname="test_acedrg" name="test_from_mol" time="29.854" /><testcase classname="test_acedrg" name="test_from_sdf" time="33.671" /><testcase classname="test_acedrg" name="test_from_smiles" time="37.088" /><testcase classname="test_acedrg" name="test_from_mol2" time="27.415" /><testcase classname="test_acedrg" name="test_from_smiles_atom_name_matching" time="28.222" /><testcase classname="test_acedrg" name="test_from_cif_rcsb_metal_OEX" time="10.850" /><testcase classname="test_acorn" name="test_acorn" time="5.943" /><testcase classname="test_add_fractional_coords" name="test_gamma_model" time="0.506" /><testcase classname="test_adding_stats" name="test_adding_stats" time="0.000"><skipped type="pytest.skip" message="Requires a prior refinement job in the same project (complex setup)">/private/tmp/claude-502/-Users-nmemn-Developer-ccp4i2/f6cc7a2e-0e1a-44ce-9736-29b95923e46e/scratchpad/reg/server/ccp4i2/tests/i2run/test_adding_stats.py:5: Requires a prior refinement job in the same project (complex setup)</skipped></testcase><testcase classname="test_aimless" name="test_gamma" time="3.894" /><testcase classname="test_aimless" name="test_mdm2" time="14.153" /><testcase classname="test_alternative_import_xia2" name="test_import_xia2" time="0.000"><skipped type="pytest.skip" message="Requires XIA2 output directory structure not in demo_data">/private/tmp/claude-502/-Users-nmemn-Developer-ccp4i2/f6cc7a2e-0e1a-44ce-9736-29b95923e46e/scratchpad/reg/server/ccp4i2/tests/i2run/test_alternative_import_xia2.py:5: Requires XIA2 output directory structure not in demo_data</skipped></testcase><testcase classname="test_ample" name="test_8xfm" time="0.689" /><testcase classname="test_arcimboldo" name="test_arcimboldo" time="113.197" /><testcase classname="test_areaimol" name="test_5a3h" time="1.234" /><testcase classname="test_areaimol" name="test_5a3h_imol" time="0.735" /><testcase classname="test_areaimol" name="test_compare_5a3h_and_8a3h" time="1.550" /><testcase classname="test_arpwarp" name="test_arpwarp" time="0.000"><skipped type="pytest.skip" message="Skipping temporarily for comprehensive test">/private/tmp/claude-502/-Users-nmemn-Developer-ccp4i2/f6cc7a2e-0e1a-44ce-9736-29b95923e46e/scratchpad/reg/server/ccp4i2/tests/i2run/test_arpwarp.py:14: Skipping temporarily for comprehensive test</skipped></testcase><testcase classname="test_asu_contents" name="test_beta_blip" time="0.362" /><testcase classname="test_auspex" name="test_auspex" time="4.626" /><testcase classname="test_chainsaw" name="test_gamma_chainsaw" time="0.393" /><testcase classname="test_chltofom" name="test_hl_to_phifom" time="0.374" /><testcase classname="test_clustalw" name="test_cdk2_cdk6_alignment" time="1.649" /><testcase classname="test_cmapcoeff" name="test_gamma_anomalous" time="1.601" /><testcase classname="test_comit" name="test_comit" time="1.812" /><testcase classname="test_coordinate_selector" name="test_8xfm" time="0.568" /><testcase classname="test_coot_script_lines" name="test_rename_chain" time="0.000"><skipped type="pytest.skip" message="Requires coot --no-graphics binary; may not be available in CI">/private/tmp/claude-502/-Users-nmemn-Developer-ccp4i2/f6cc7a2e-0e1a-44ce-9736-29b95923e46e/scratchpad/reg/server/ccp4i2/tests/i2run/test_coot_script_lines.py:5: Requires coot --no-graphics binary; may not be available in CI</skipped></testcase><testcase classname="test_cpatterson" name="test_gamma_native" time="1.752" /><testcase classname="test_cphasematch" name="test_gamma_phase_comparison" time="1.632" /><testcase classname="test_crank2" name="test_crank2" time="82.571" /><testcase classname="test_csymmatch" name="test_8xfm" time="0.598" /><testcase classname="test_ctruncate" name="test_gamma_intensities" time="0.000"><skipped type="pytest.skip" message="KeywordExtractor bug: get_merged_metadata is None for ctruncate container">/private/tmp/claude-502/-Users-nmemn-Developer-ccp4i2/f6cc7a2e-0e1a-44ce-9736-29b95923e46e/scratchpad/reg/server/ccp4i2/tests/i2run/test_ctruncate.py:5: KeywordExtractor bug: get_merged_metadata is None for ctruncate container</skipped></testcase><testcase classname="test_density_calculator" name="test_gamma_model" time="0.387" /><testcase classname="test_dimple" name="test_dimple" time="13.055" /><testcase classname="test_dm_multidomain" name="test_dm_multidomain" time="14.184" /><testcase classname="test_dm_multidomain" name="test_dm_multidomain_phases_from_model" time="17.866" /><testcase classname="test_dm_multidomain" name="test_dm_multidomain_explicit_assembly" time="14.112" /><testcase classname="test_dm_vs_parrot" name="test_parrot_recovery" time="54.175" /><testcase classname="test_dm_vs_parrot" name="test_dm_multidomain_recovery" time="9.161" /><testcase classname="test_editbfac" name="test_alphafold_pdb" time="11.728" /><testcase classname="test_editbfac" name="test_alphafold_cif" time="4.488" /><testcase classname="test_editbfac" name="test_alphafold_pae" time="0.000"><skipped type="pytest.skip" message="Skipping temporarily due to error in process predicted model">/private/tmp/claude-502/-Users-nmemn-Developer-ccp4i2/f6cc7a2e-0e1a-44ce-9736-29b95923e46e/scratchpad/reg/server/ccp4i2/tests/i2run/test_editbfac.py:60: Skipping temporarily due to error in process predicted model</skipped></testcase><testcase classname="test_editbfac" name="test_robetta" time="18.933" /><testcase classname="test_edstats_wrapper" name="test_8xfm" time="7.811" /><testcase classname="test_find_ligand" name="test_8xfm" time="0.000"><skipped type="pytest.skip" message="Skipping temporarily until task is in registry">/private/tmp/claude-502/-Users-nmemn-Developer-ccp4i2/f6cc7a2e-0e1a-44ce-9736-29b95923e46e/scratchpad/reg/server/ccp4i2/tests/i2run/test_find_ligand.py:11: Skipping temporarily until task is in registry</skipped></testcase><testcase classname="test_find_waters" name="test_8xfm" time="0.659" /><testcase classname="test_findmyseq" name="test_gamma" time="0.000"><skipped type="pytest.skip" message="Needs FPHI map coefficients from the gamma crystal — no standalone FPHI MTZ in demo data, and PDB-REDO cells don't match">/private/tmp/claude-502/-Users-nmemn-Developer-ccp4i2/f6cc7a2e-0e1a-44ce-9736-29b95923e46e/scratchpad/reg/server/ccp4i2/tests/i2run/test_findmyseq.py:5: Needs FPHI map coefficients from the gamma crystal — no standalone FPHI MTZ in demo data, and PDB-REDO cells don't match</skipped></testcase><testcase classname="test_freerflag" name="test_freerflag" time="0.445" /><testcase classname="test_gesamt" name="test_self_superposition" time="0.601" /><testcase classname="test_import_merged" name="test_2ceu_cif" time="3.213" /><testcase classname="test_import_merged" name="test_gamma_mtz" time="2.193" /><testcase classname="test_import_serial_pipe" name="test_serial_import" time="0.000"><skipped type="pytest.skip" message="Requires CrystFEL serial crystallography input data not in demo_data">/private/tmp/claude-502/-Users-nmemn-Developer-ccp4i2/f6cc7a2e-0e1a-44ce-9736-29b95923e46e/scratchpad/reg/server/ccp4i2/tests/i2run/test_import_serial_pipe.py:5: Requires CrystFEL serial crystallography input data not in demo_data</skipped></testcase><testcase classname="test_import_tasks" name="test_import_coordinate" time="0.388" /><testcase classname="test_import_tasks" name="test_import_dictionary" time="0.376" /><testcase classname="test_import_tasks" name="test_import_freer_auto" time="0.399" /><testcase classname="test_import_tasks" name="test_import_phases_auto" time="0.418" /><testcase classname="test_import_tasks" name="test_import_obs_auto" time="0.419" /><testcase classname="test_import_tasks" name="test_import_mapcoeffs_explicit_columns" time="0.450" /><testcase classname="test_import_tasks" name="test_import_mapcoeffs_ambiguous_fails" time="0.257" /><testcase classname="test_lorestr" name="test_lorestr_1h1s" time="358.572" /><testcase classname="test_lorestr" name="test_lorestr_8xfm_mmcif" time="123.681" /><testcase classname="test_make_link" name="test_6ndn" time="32.666" /><testcase classname="test_matthews" name="test_gamma_from_nres" time="0.423" /><testcase classname="test_matthews" name="test_gamma_from_molwt" time="0.416" /><testcase classname="test_merge_mtz" name="test_gamma_merge_two_mtz" time="0.000"><skipped type="pytest.skip" message="CLI list parsing creates CString items instead of CMergeMiniMtzItem — wrapper expects .fileName attribute">/private/tmp/claude-502/-Users-nmemn-Developer-ccp4i2/f6cc7a2e-0e1a-44ce-9736-29b95923e46e/scratchpad/reg/server/ccp4i2/tests/i2run/test_merge_mtz.py:6: CLI list parsing creates CString items instead of CMergeMiniMtzItem — wrapper expects .fileName attribute</skipped></testcase><testcase classname="test_metalcoord" name="test_metalcoord" time="6.838" /><testcase classname="test_model_asu_check" name="test_8xfm" time="0.446" /><testcase classname="test_modelcraft" name="test_8xfm" time="102.800" /><testcase classname="test_modelcraft" name="test_gamma_ep" time="44.074" /><testcase classname="test_molrep" name="test_molrep" time="18.652" /><testcase classname="test_molrep_den" name="test_gamma_density" time="9.833" /><testcase classname="test_molrep_selfrot" name="test_1h1s_selfrot" time="20.031" /><testcase classname="test_monomer_coverage.TestCheckMonomeCoverage" name="test_standard_amino_acids_only" time="0.192" /><testcase classname="test_monomer_coverage.TestCheckMonomeCoverage" name="test_known_library_ligand" time="0.198" /><testcase classname="test_monomer_coverage.TestCheckMonomeCoverage" name="test_code_collision_detected" time="0.197" /><testcase classname="test_monomer_coverage.TestCheckMonomeCoverage" name="test_user_dict_resolves_collision" time="0.187" /><testcase classname="test_monomer_coverage.TestCheckMonomeCoverage" name="test_completely_unknown_code" time="0.200" /><testcase classname="test_monomer_coverage.TestCheckMonomeCoverage" name="test_user_dict_covers_unknown_code" time="0.186" /><testcase classname="test_monomer_coverage.TestCheckMonomeCoverage" name="test_partial_dict_coverage_fails" time="0.188" /><testcase classname="test_monomer_coverage.TestCheckMonomeCoverage" name="test_water_and_ions_pass" time="0.195" /><testcase classname="test_monomer_coverage.TestCheckMonomeCoverage" name="test_multiple_instances_all_checked" time="0.189" /><testcase classname="test_monomer_coverage.TestCheckMonomeCoverage" name="test_no_monomer_library_defers" time="0.189" /><testcase classname="test_monomer_coverage.TestCheckMonomeCoverage" name="test_empty_structure_passes" time="0.186" /><testcase classname="test_mrbump" name="test_mrbump" time="106.921" /><testcase classname="test_mrparse" name="test_mrparse" time="6.078" /><testcase classname="test_nucleofind" name="test_1hr2" time="73.416" /><testcase classname="test_nucleofind" name="test_1hr2_raw" time="72.196" /><testcase classname="test_pairef" name="test_pairef" time="53.414" /><testcase classname="test_parrot" name="test_parrot" time="2.841" /><testcase classname="test_pdb_redo_api" name="test_pdb_redo" time="0.000"><skipped type="pytest.skip" message="Requires external PDB-REDO web service; not suitable for offline CI">/private/tmp/claude-502/-Users-nmemn-Developer-ccp4i2/f6cc7a2e-0e1a-44ce-9736-29b95923e46e/scratchpad/reg/server/ccp4i2/tests/i2run/test_pdb_redo_api.py:5: Requires external PDB-REDO web service; not suitable for offline CI</skipped></testcase><testcase classname="test_pdbset_ui" name="test_gamma_model" time="0.492" /><testcase classname="test_phaser_ensembler" name="test_mdm2_two_models" time="1.543" /><testcase classname="test_phaser_ep" name="test_phaser_ep" time="6.994" /><testcase classname="test_phaser_ep_auto" name="test_gamma_xe" time="6.842" /><testcase classname="test_phaser_ep_llg" name="test_gamma_xe" time="1.658" /><testcase classname="test_phaser_expert" name="test_beta_blip_default" time="32.267" /><testcase classname="test_phaser_expert" name="test_beta_blip_asu" time="10.914" /><testcase classname="test_phaser_rnp_pipeline" name="test_phaser_rnp_pipeline_chain_selections" time="20.418" /><testcase classname="test_phaser_simple" name="test_gamma_basic" time="8.051" /><testcase classname="test_phaser_simple" name="test_gamma_sheetbend" time="9.498" /><testcase classname="test_phaser_simple" name="test_gamma" time="18.805" /><testcase classname="test_phaser_simple" name="test_no_solution" time="5.518" /><testcase classname="test_phasertng_picard" name="test_instantiation" time="0.408" /><testcase classname="test_phasertng_picard" name="test_json_serialization" time="0.432" /><testcase classname="test_phasertng_picard" name="test_extract_no_user_changes" time="0.404" /><testcase classname="test_phasertng_picard" name="test_phil_exclude_scopes" time="0.392" /><testcase classname="test_phasertng_picard" name="test_i2run_gamma" time="17.903" /><testcase classname="test_plugin_validation" name="test_bare_prosmart_refmac_validation" time="0.467" /><testcase classname="test_plugin_validation" name="test_plugin_validity_method" time="0.396" /><testcase classname="test_plugin_validation" name="test_plugin_validity_as_xml_method" time="0.398" /><testcase classname="test_pointless_reindex" name="test_reindex_to_coords" time="0.902" /><testcase classname="test_privateer" name="test_glyco_4iid" time="3.592" /><testcase classname="test_provide_alignment" name="test_paste_pir_alignment" time="0.692" /><testcase classname="test_provide_alignment" name="test_read_pir_file" time="0.696" /><testcase classname="test_provide_sequence" name="test_freetext_sequence" time="0.705" /><testcase classname="test_provide_tls" name="test_auto_from_coords" time="0.699" /><testcase classname="test_refmac" name="test_8xfm" time="0.000"><skipped type="pytest.skip" message="Clipper library crashes during Iris validation - use test_8xfm_basic instead">/private/tmp/claude-502/-Users-nmemn-Developer-ccp4i2/f6cc7a2e-0e1a-44ce-9736-29b95923e46e/scratchpad/reg/server/ccp4i2/tests/i2run/test_refmac.py:229: Clipper library crashes during Iris validation - use test_8xfm_basic instead</skipped></testcase><testcase classname="test_refmac" name="test_8xfm_basic" time="11.624" /><testcase classname="test_refmac" name="test_gamma" time="0.000"><skipped type="pytest.skip" message="Clipper library crashes during Iris validation - use test_gamma_basic instead">/private/tmp/claude-502/-Users-nmemn-Developer-ccp4i2/f6cc7a2e-0e1a-44ce-9736-29b95923e46e/scratchpad/reg/server/ccp4i2/tests/i2run/test_refmac.py:258: Clipper library crashes during Iris validation - use test_gamma_basic instead</skipped></testcase><testcase classname="test_refmac" name="test_gamma_basic" time="11.689" /><testcase classname="test_refmac" name="test_complete_mtz_survives_cleanup" time="10.836" /><testcase classname="test_report_generation" name="test_refmac_report_generation" time="10.101" /><testcase classname="test_report_generation" name="test_pointless_report_generation" time="0.786" /><testcase classname="test_report_generation" name="test_import_merged_report_generation" time="2.639" /><testcase classname="test_report_generation" name="test_report_for_nonexistent_task" time="0.370" /><testcase classname="test_report_generation" name="test_csymmatch_report_generation" time="0.751" /><testcase classname="test_report_generation" name="test_report_for_task_without_a_report_class" time="0.814" /><testcase classname="test_rsr_morph" name="test_8xfm" time="5.571" /><testcase classname="test_scaleit" name="test_gamma_native_vs_xe" time="3.249" /><testcase classname="test_sculptor" name="test_gamma_sculptor" time="1.814" /><testcase classname="test_servalcat" name="test_8xfm_basic" time="4.865" /><testcase classname="test_servalcat" name="test_1gyu_unmerged_basic" time="4.920" /><testcase classname="test_servalcat" name="test_7beq_electron_basic" time="5.371" /><testcase classname="test_servalcat" name="test_7prg_neutron_basic" time="319.737" /><testcase classname="test_servalcat" name="test_complete_mtz_survives_cleanup" time="4.829" /><testcase classname="test_sheetbend" name="test_8xfm" time="3.065" /><testcase classname="test_shelx" name="test_substrdet" time="28.250" /><testcase classname="test_shelx" name="test_gamma_sad" time="237.802" /><testcase classname="test_shelx" name="test_gamma_siras" time="285.833" /><testcase classname="test_shelxe_mr" name="test_gamma" time="27.758" /><testcase classname="test_simbad" name="test_gamma_lattice" time="124.037" /><testcase classname="test_simple_pipeline" name="test_simple_signal_chain" time="4.333" /><testcase classname="test_single_atom_mr" name="test_single_atom_mr" time="43.251" /><testcase classname="test_split_mtz" name="test_gamma_abcd_column_group_list" time="0.900" /><testcase classname="test_split_mtz" name="test_gamma_abcd_user_column_group" time="0.931" /><testcase classname="test_split_mtz" name="test_4iid_phi_fom" time="0.944" /><testcase classname="test_split_mtz" name="test_auto_detect_redo_1cbs" time="1.310" /><testcase classname="test_split_mtz" name="test_auto_detect_redo_2ceu" time="1.132" /><testcase classname="test_split_mtz" name="test_auto_detect_gamma_phases" time="0.861" /><testcase classname="test_substitute_ligand" name="test_substitute_ligand_no_ligand" time="51.141" /><testcase classname="test_substitute_ligand" name="test_substitute_ligand_with_smiles" time="87.617" /><testcase classname="test_subtract_native" name="test_8xfm" time="1.076" /><testcase classname="test_urls" name="test_url[pdbe_fasta-8xfm-read_fasta]" time="0.652" /><testcase classname="test_urls" name="test_url[pdbe_mmcif-1gyu-read_structure]" time="0.534" /><testcase classname="test_urls" name="test_url[pdbe_pdb-6ndn-read_structure]" time="0.581" /><testcase classname="test_urls" name="test_url[pdbe_sfcif-2ceu-read]" time="0.602" /><testcase classname="test_urls" name="test_url[rcsb_ligand_cif-A1LU6-read]" time="0.573" /><testcase classname="test_urls" name="test_url[rcsb_ligand_sdf-A1LU6-read_sdf]" time="0.487" /><testcase classname="test_urls" name="test_url[rcsb_mmcif-4dl8-read_structure]" time="0.498" /><testcase classname="test_urls" name="test_url[rcsb_pdb-8rk1-read_structure]" time="1.377" /><testcase classname="test_urls" name="test_url[redo_cif-8xfm-read_structure]" time="0.776" /><testcase classname="test_urls" name="test_url[redo_mtz-8xfm-read_mtz_file]" time="0.651" /><testcase classname="test_validate" name="test_7beq_basic" time="11.091" /><testcase classname="test_validate" name="test_8ola_8olf_basic" time="49.832" /><testcase classname="test_validate" name="test_8rk1_cif_basic" time="60.606" /><testcase classname="test_validate" name="test_8rk1_pdb_basic" time="59.575" /><testcase classname="test_validate" name="test_8ola_8olf_with_molprobity" time="48.902" /><testcase classname="test_validate" name="test_8rk1_cif_with_molprobity" time="59.144" /><testcase classname="test_validate" name="test_8rk1_pdb_with_molprobity" time="59.224" /><testcase classname="test_xia2" name="test_xia2_dials_file" time="181.322" /><testcase classname="test_xia2" name="test_xia2_dials_directory" time="94.012" /><testcase classname="test_xia2" name="test_xia2_xds_file" time="0.017"><skipped type="pytest.skip" message="not installed: xds_par (looked in the *_EXECUTABLE and *DIR preferences, exePaths and PATH)">/private/tmp/claude-502/-Users-nmemn-Developer-ccp4i2/f6cc7a2e-0e1a-44ce-9736-29b95923e46e/scratchpad/reg/server/ccp4i2/tests/i2run/test_xia2.py:58: not installed: xds_par (looked in the *_EXECUTABLE and *DIR preferences, exePaths and PATH)</skipped></testcase><testcase classname="test_xia2_multiplex" name="test_multiplex" time="0.000"><skipped type="pytest.skip" message="Requires DIALS integrated .refl/.expt files not in demo_data">/private/tmp/claude-502/-Users-nmemn-Developer-ccp4i2/f6cc7a2e-0e1a-44ce-9736-29b95923e46e/scratchpad/reg/server/ccp4i2/tests/i2run/test_xia2_multiplex.py:5: Requires DIALS integrated .refl/.expt files not in demo_data</skipped></testcase><testcase classname="test_xia2_ssx_reduce" name="test_ssx_reduce" time="0.000"><skipped type="pytest.skip" message="Requires DIALS SSX integrated .refl/.expt files not in demo_data">/private/tmp/claude-502/-Users-nmemn-Developer-ccp4i2/f6cc7a2e-0e1a-44ce-9736-29b95923e46e/scratchpad/reg/server/ccp4i2/tests/i2run/test_xia2_ssx_reduce.py:5: Requires DIALS SSX integrated .refl/.expt files not in demo_data</skipped></testcase><testcase classname="test_zanuda" name="test_zanuda_8xfm" time="186.109" /></testsuite></testsuites>