<?xml version="1.0" encoding="utf-8"?><testsuites><testsuite name="pytest" errors="0" failures="0" skipped="13" tests="182" time="3977.048" timestamp="2026-09-01T11:47:08.810743" hostname="ddu-mac-mini.ncl.ac.uk"><testcase classname="" name="test_i2run" time="0.000"><skipped message="collection skipped">('/private/tmp/claude-502/-Users-nmemn-Developer-ccp4i2/f6cc7a2e-0e1a-44ce-9736-29b95923e46e/scratchpad/cn/server/ccp4i2/tests/i2run/test_i2run.py', 4, 'Skipped: Historic tests - require test101 project zips')</skipped></testcase><testcase classname="test_acedrg" name="test_from_cif_monomer_library" time="14.583" /><testcase classname="test_acedrg" name="test_from_cif_rcsb" time="31.951" /><testcase classname="test_acedrg" name="test_from_cif_rcsb_metal_af3" time="9.287" /><testcase classname="test_acedrg" name="test_from_mol" time="27.966" /><testcase classname="test_acedrg" name="test_from_sdf" time="32.114" /><testcase classname="test_acedrg" name="test_from_smiles" time="35.260" /><testcase classname="test_acedrg" name="test_from_mol2" time="26.693" /><testcase classname="test_acedrg" name="test_from_smiles_atom_name_matching" time="26.905" /><testcase classname="test_acedrg" name="test_from_cif_rcsb_metal_OEX" time="9.192" /><testcase classname="test_acorn" name="test_acorn" time="5.749" /><testcase classname="test_add_fractional_coords" name="test_gamma_model" time="0.459" /><testcase classname="test_adding_stats" name="test_adding_stats" time="0.000"><skipped type="pytest.skip" message="NOT IMPLEMENTED: no test body. Would need a prior refinement job in the same project; see the docstring.">/private/tmp/claude-502/-Users-nmemn-Developer-ccp4i2/f6cc7a2e-0e1a-44ce-9736-29b95923e46e/scratchpad/cn/server/ccp4i2/tests/i2run/test_adding_stats.py:5: NOT IMPLEMENTED: no test body. Would need a prior refinement job in the same project; see the docstring.</skipped></testcase><testcase classname="test_aimless" name="test_gamma" time="3.524" /><testcase classname="test_aimless" name="test_mdm2" time="13.710" /><testcase classname="test_alternative_import_xia2" name="test_import_xia2" time="0.000"><skipped type="pytest.skip" message="NOT IMPLEMENTED: no test body. Would need a real xia2 output directory; see the docstring.">/private/tmp/claude-502/-Users-nmemn-Developer-ccp4i2/f6cc7a2e-0e1a-44ce-9736-29b95923e46e/scratchpad/cn/server/ccp4i2/tests/i2run/test_alternative_import_xia2.py:5: NOT IMPLEMENTED: no test body. Would need a real xia2 output directory; see the docstring.</skipped></testcase><testcase classname="test_ample" name="test_8xfm" time="0.116" /><testcase classname="test_arcimboldo" name="test_arcimboldo" time="109.954" /><testcase classname="test_areaimol" name="test_5a3h" time="0.557" /><testcase classname="test_areaimol" name="test_5a3h_imol" time="0.695" /><testcase classname="test_areaimol" name="test_compare_5a3h_and_8a3h" time="0.693" /><testcase classname="test_arpwarp" name="test_arpwarp" time="0.000"><skipped type="pytest.skip" message="ARP/wARP not installed ($warpbin unset). It is licensed separately, like SHELX. NOTE: without it this task reports success and writes no outputs -- the wrapper finds ARP/wARP by its own means, so the pre-run program check cannot see the dependency.">/private/tmp/claude-502/-Users-nmemn-Developer-ccp4i2/f6cc7a2e-0e1a-44ce-9736-29b95923e46e/scratchpad/cn/server/ccp4i2/tests/i2run/test_arpwarp.py:15: ARP/wARP not installed ($warpbin unset). It is licensed separately, like SHELX. NOTE: without it this task reports success and writes no outputs -- the wrapper finds ARP/wARP by its own means, so the pre-run program check cannot see the dependency.</skipped></testcase><testcase classname="test_asu_contents" name="test_beta_blip" time="0.298" /><testcase classname="test_auspex" name="test_auspex" time="4.294" /><testcase classname="test_chainsaw" name="test_gamma_chainsaw" time="0.349" /><testcase classname="test_chltofom" name="test_hl_to_phifom" time="0.340" /><testcase classname="test_clustalw" name="test_cdk2_cdk6_alignment" time="0.309" /><testcase classname="test_cmapcoeff" name="test_gamma_anomalous" time="1.483" /><testcase classname="test_comit" name="test_comit" time="1.696" /><testcase classname="test_coordinate_selector" name="test_8xfm" time="0.308" /><testcase classname="test_coot_script_lines" name="test_rename_chain" time="0.000"><skipped type="pytest.skip" message="Requires coot --no-graphics binary; may not be available in CI">/private/tmp/claude-502/-Users-nmemn-Developer-ccp4i2/f6cc7a2e-0e1a-44ce-9736-29b95923e46e/scratchpad/cn/server/ccp4i2/tests/i2run/test_coot_script_lines.py:5: Requires coot --no-graphics binary; may not be available in CI</skipped></testcase><testcase classname="test_cpatterson" name="test_gamma_native" time="1.665" /><testcase classname="test_cphasematch" name="test_gamma_phase_comparison" time="1.503" /><testcase classname="test_crank2" name="test_crank2" time="79.514" /><testcase classname="test_csymmatch" name="test_8xfm" time="0.548" /><testcase classname="test_ctruncate" name="test_gamma_intensities" time="0.000"><skipped type="pytest.skip" message="KeywordExtractor bug: get_merged_metadata is None for ctruncate container">/private/tmp/claude-502/-Users-nmemn-Developer-ccp4i2/f6cc7a2e-0e1a-44ce-9736-29b95923e46e/scratchpad/cn/server/ccp4i2/tests/i2run/test_ctruncate.py:5: KeywordExtractor bug: get_merged_metadata is None for ctruncate container</skipped></testcase><testcase classname="test_density_calculator" name="test_gamma_model" time="0.328" /><testcase classname="test_dimple" name="test_dimple" time="12.462" /><testcase classname="test_dm_multidomain" name="test_dm_multidomain" time="13.952" /><testcase classname="test_dm_multidomain" name="test_dm_multidomain_phases_from_model" time="17.577" /><testcase classname="test_dm_multidomain" name="test_dm_multidomain_explicit_assembly" time="14.111" /><testcase classname="test_dm_vs_parrot" name="test_parrot_recovery" time="53.546" /><testcase classname="test_dm_vs_parrot" name="test_dm_multidomain_recovery" time="8.946" /><testcase classname="test_editbfac" name="test_alphafold_pdb" time="11.156" /><testcase classname="test_editbfac" name="test_alphafold_cif" time="4.183" /><testcase classname="test_editbfac" name="test_alphafold_pae" time="0.000"><skipped type="pytest.skip" message="Skipping temporarily due to error in process predicted model">/private/tmp/claude-502/-Users-nmemn-Developer-ccp4i2/f6cc7a2e-0e1a-44ce-9736-29b95923e46e/scratchpad/cn/server/ccp4i2/tests/i2run/test_editbfac.py:60: Skipping temporarily due to error in process predicted model</skipped></testcase><testcase classname="test_editbfac" name="test_robetta" time="15.772" /><testcase classname="test_edstats_wrapper" name="test_8xfm" time="7.709" /><testcase classname="test_failure_surfacing" name="test_a_wrapper_given_an_unreadable_model_says_so" time="0.343" /><testcase classname="test_failure_surfacing" name="test_a_failure_in_a_subjob_names_the_subjob" time="0.928" /><testcase classname="test_failure_surfacing" name="test_a_failing_subjob_leaves_its_own_diagnostic" time="0.652" /><testcase classname="test_find_ligand" name="test_8xfm" time="0.796" /><testcase classname="test_find_waters" name="test_8xfm" time="0.508" /><testcase classname="test_findmyseq" name="test_gamma" time="0.000"><skipped type="pytest.skip" message="Needs FPHI map coefficients from the gamma crystal — no standalone FPHI MTZ in demo data, and PDB-REDO cells don't match">/private/tmp/claude-502/-Users-nmemn-Developer-ccp4i2/f6cc7a2e-0e1a-44ce-9736-29b95923e46e/scratchpad/cn/server/ccp4i2/tests/i2run/test_findmyseq.py:5: Needs FPHI map coefficients from the gamma crystal — no standalone FPHI MTZ in demo data, and PDB-REDO cells don't match</skipped></testcase><testcase classname="test_freerflag" name="test_freerflag" time="0.349" /><testcase classname="test_gesamt" name="test_self_superposition" time="0.506" /><testcase classname="test_import_merged" name="test_2ceu_cif" time="2.623" /><testcase classname="test_import_merged" name="test_gamma_mtz" time="1.896" /><testcase classname="test_import_serial_pipe" name="test_serial_import" time="0.000"><skipped type="pytest.skip" message="NOT IMPLEMENTED: no test body. Would need CrystFEL .hkl half-datasets; see the docstring.">/private/tmp/claude-502/-Users-nmemn-Developer-ccp4i2/f6cc7a2e-0e1a-44ce-9736-29b95923e46e/scratchpad/cn/server/ccp4i2/tests/i2run/test_import_serial_pipe.py:5: NOT IMPLEMENTED: no test body. Would need CrystFEL .hkl half-datasets; see the docstring.</skipped></testcase><testcase classname="test_import_tasks" name="test_import_coordinate" time="0.321" /><testcase classname="test_import_tasks" name="test_import_dictionary" time="0.324" /><testcase classname="test_import_tasks" name="test_import_freer_auto" time="0.324" /><testcase classname="test_import_tasks" name="test_import_phases_auto" time="0.337" /><testcase classname="test_import_tasks" name="test_import_obs_auto" time="0.356" /><testcase classname="test_import_tasks" name="test_import_mapcoeffs_explicit_columns" time="0.362" /><testcase classname="test_import_tasks" name="test_import_mapcoeffs_ambiguous_fails" time="0.195" /><testcase classname="test_lorestr" name="test_lorestr_1h1s" time="355.730" /><testcase classname="test_lorestr" name="test_lorestr_8xfm_mmcif" time="123.037" /><testcase classname="test_make_link" name="test_6ndn" time="32.927" /><testcase classname="test_matthews" name="test_gamma_from_nres" time="0.374" /><testcase classname="test_matthews" name="test_gamma_from_molwt" time="0.375" /><testcase classname="test_merge_mtz" name="test_gamma_merge_two_mtz" time="0.392" /><testcase classname="test_metalcoord" name="test_metalcoord" time="6.713" /><testcase classname="test_model_asu_check" name="test_8xfm" time="0.402" /><testcase classname="test_modelcraft" name="test_8xfm" time="103.773" /><testcase classname="test_modelcraft" name="test_gamma_ep" time="44.598" /><testcase classname="test_molrep" name="test_molrep" time="18.595" /><testcase classname="test_molrep_den" name="test_gamma_density" time="9.616" /><testcase classname="test_molrep_selfrot" name="test_1h1s_selfrot" time="20.396" /><testcase classname="test_monomer_coverage.TestCheckMonomeCoverage" name="test_standard_amino_acids_only" time="0.182" /><testcase classname="test_monomer_coverage.TestCheckMonomeCoverage" name="test_known_library_ligand" time="0.179" /><testcase classname="test_monomer_coverage.TestCheckMonomeCoverage" name="test_code_collision_detected" time="0.176" /><testcase classname="test_monomer_coverage.TestCheckMonomeCoverage" name="test_user_dict_resolves_collision" time="0.171" /><testcase classname="test_monomer_coverage.TestCheckMonomeCoverage" name="test_completely_unknown_code" time="0.179" /><testcase classname="test_monomer_coverage.TestCheckMonomeCoverage" name="test_user_dict_covers_unknown_code" time="0.170" /><testcase classname="test_monomer_coverage.TestCheckMonomeCoverage" name="test_partial_dict_coverage_fails" time="0.174" /><testcase classname="test_monomer_coverage.TestCheckMonomeCoverage" name="test_water_and_ions_pass" time="0.186" /><testcase classname="test_monomer_coverage.TestCheckMonomeCoverage" name="test_multiple_instances_all_checked" time="0.174" /><testcase classname="test_monomer_coverage.TestCheckMonomeCoverage" name="test_no_monomer_library_defers" time="0.167" /><testcase classname="test_monomer_coverage.TestCheckMonomeCoverage" name="test_empty_structure_passes" time="0.174" /><testcase classname="test_mrbump" name="test_mrbump" time="106.752" /><testcase classname="test_mrparse" name="test_mrparse" time="5.134" /><testcase classname="test_nucleofind" name="test_1hr2" time="72.872" /><testcase classname="test_nucleofind" name="test_1hr2_raw" time="72.342" /><testcase classname="test_pairef" name="test_pairef" time="53.085" /><testcase classname="test_parrot" name="test_parrot" time="2.729" /><testcase classname="test_pdb_redo_api" name="test_pdb_redo" time="0.000"><skipped type="pytest.skip" message="NOT IMPLEMENTED: no test body. Would also need the live PDB-REDO service, so it could not run offline; see the docstring.">/private/tmp/claude-502/-Users-nmemn-Developer-ccp4i2/f6cc7a2e-0e1a-44ce-9736-29b95923e46e/scratchpad/cn/server/ccp4i2/tests/i2run/test_pdb_redo_api.py:5: NOT IMPLEMENTED: no test body. Would also need the live PDB-REDO service, so it could not run offline; see the docstring.</skipped></testcase><testcase classname="test_pdbset_ui" name="test_gamma_model" time="0.401" /><testcase classname="test_phaser_ensembler" name="test_mdm2_two_models" time="1.425" /><testcase classname="test_phaser_ep" name="test_phaser_ep" time="6.800" /><testcase classname="test_phaser_ep_auto" name="test_gamma_xe" time="6.726" /><testcase classname="test_phaser_ep_llg" name="test_gamma_xe" time="1.544" /><testcase classname="test_phaser_expert" name="test_beta_blip_default" time="31.838" /><testcase classname="test_phaser_expert" name="test_beta_blip_asu" time="9.992" /><testcase classname="test_phaser_rnp_pipeline" name="test_phaser_rnp_pipeline_chain_selections" time="18.331" /><testcase classname="test_phaser_simple" name="test_gamma_basic" time="6.789" /><testcase classname="test_phaser_simple" name="test_gamma_sheetbend" time="8.371" /><testcase classname="test_phaser_simple" name="test_gamma" time="17.636" /><testcase classname="test_phaser_simple" name="test_no_solution" time="4.646" /><testcase classname="test_phasertng_picard" name="test_instantiation" time="0.253" /><testcase classname="test_phasertng_picard" name="test_json_serialization" time="0.281" /><testcase classname="test_phasertng_picard" name="test_extract_no_user_changes" time="0.249" /><testcase classname="test_phasertng_picard" name="test_phil_exclude_scopes" time="0.251" /><testcase classname="test_phasertng_picard" name="test_i2run_gamma" time="16.329" /><testcase classname="test_plugin_validation" name="test_bare_prosmart_refmac_validation" time="0.291" /><testcase classname="test_plugin_validation" name="test_plugin_validity_method" time="0.254" /><testcase classname="test_plugin_validation" name="test_plugin_validity_as_xml_method" time="0.241" /><testcase classname="test_pointless_reindex" name="test_reindex_to_coords" time="0.603" /><testcase classname="test_privateer" name="test_glyco_4iid" time="3.233" /><testcase classname="test_provide_alignment" name="test_paste_pir_alignment" time="0.435" /><testcase classname="test_provide_alignment" name="test_read_pir_file" time="0.435" /><testcase classname="test_provide_sequence" name="test_freetext_sequence" time="0.427" /><testcase classname="test_provide_tls" name="test_auto_from_coords" time="0.426" /><testcase classname="test_refmac" name="test_8xfm" time="119.154" /><testcase classname="test_refmac" name="test_8xfm_basic" time="10.701" /><testcase classname="test_refmac" name="test_gamma" time="30.084" /><testcase classname="test_refmac" name="test_gamma_basic" time="10.791" /><testcase classname="test_refmac" name="test_complete_mtz_survives_cleanup" time="10.003" /><testcase classname="test_report_generation" name="test_refmac_report_generation" time="9.472" /><testcase classname="test_report_generation" name="test_pointless_report_generation" time="0.524" /><testcase classname="test_report_generation" name="test_import_merged_report_generation" time="2.156" /><testcase classname="test_report_generation" name="test_report_for_nonexistent_task" time="0.252" /><testcase classname="test_report_generation" name="test_csymmatch_report_generation" time="0.490" /><testcase classname="test_report_generation" name="test_report_for_task_without_a_report_class" time="0.536" /><testcase classname="test_rsr_morph" name="test_8xfm" time="5.067" /><testcase classname="test_scaleit" name="test_gamma_native_vs_xe" time="2.815" /><testcase classname="test_sculptor" name="test_gamma_sculptor" time="1.511" /><testcase classname="test_servalcat" name="test_8xfm_basic" time="4.135" /><testcase classname="test_servalcat" name="test_1gyu_unmerged_basic" time="3.806" /><testcase classname="test_servalcat" name="test_7beq_electron_basic" time="3.694" /><testcase classname="test_servalcat" name="test_7prg_neutron_basic" time="320.645" /><testcase classname="test_servalcat" name="test_complete_mtz_survives_cleanup" time="4.217" /><testcase classname="test_sheetbend" name="test_8xfm" time="2.827" /><testcase classname="test_shelx" name="test_substrdet" time="26.263" /><testcase classname="test_shelx" name="test_gamma_sad" time="233.327" /><testcase classname="test_shelx" name="test_gamma_siras" time="284.721" /><testcase classname="test_shelxe_mr" name="test_gamma" time="28.400" /><testcase classname="test_simbad" name="test_gamma_lattice" time="122.466" /><testcase classname="test_simple_pipeline" name="test_simple_signal_chain" time="3.845" /><testcase classname="test_single_atom_mr" name="test_single_atom_mr" time="42.632" /><testcase classname="test_split_mtz" name="test_gamma_abcd_column_group_list" time="0.610" /><testcase classname="test_split_mtz" name="test_gamma_abcd_user_column_group" time="0.637" /><testcase classname="test_split_mtz" name="test_4iid_phi_fom" time="0.642" /><testcase classname="test_split_mtz" name="test_auto_detect_redo_1cbs" time="0.647" /><testcase classname="test_split_mtz" name="test_auto_detect_redo_2ceu" time="0.647" /><testcase classname="test_split_mtz" name="test_auto_detect_gamma_phases" time="0.658" /><testcase classname="test_substitute_ligand" name="test_substitute_ligand_no_ligand" time="51.111" /><testcase classname="test_substitute_ligand" name="test_substitute_ligand_with_smiles" time="87.150" /><testcase classname="test_subtract_native" name="test_8xfm" time="0.838" /><testcase classname="test_urls" name="test_url[pdbe_fasta-8xfm-read_fasta]" time="0.284" /><testcase classname="test_urls" name="test_url[pdbe_mmcif-1gyu-read_structure]" time="0.294" /><testcase classname="test_urls" name="test_url[pdbe_pdb-6ndn-read_structure]" time="0.286" /><testcase classname="test_urls" name="test_url[pdbe_sfcif-2ceu-read]" time="0.292" /><testcase classname="test_urls" name="test_url[rcsb_ligand_cif-A1LU6-read]" time="0.285" /><testcase classname="test_urls" name="test_url[rcsb_ligand_sdf-A1LU6-read_sdf]" time="0.312" /><testcase classname="test_urls" name="test_url[rcsb_mmcif-4dl8-read_structure]" time="0.289" /><testcase classname="test_urls" name="test_url[rcsb_pdb-8rk1-read_structure]" time="0.289" /><testcase classname="test_urls" name="test_url[redo_cif-8xfm-read_structure]" time="0.296" /><testcase classname="test_urls" name="test_url[redo_mtz-8xfm-read_mtz_file]" time="0.281" /><testcase classname="test_validate" name="test_7beq_basic" time="11.082" /><testcase classname="test_validate" name="test_8ola_8olf_basic" time="48.182" /><testcase classname="test_validate" name="test_8rk1_cif_basic" time="58.993" /><testcase classname="test_validate" name="test_8rk1_pdb_basic" time="58.901" /><testcase classname="test_validate" name="test_8ola_8olf_with_molprobity" time="48.280" /><testcase classname="test_validate" name="test_8rk1_cif_with_molprobity" time="59.128" /><testcase classname="test_validate" name="test_8rk1_pdb_with_molprobity" time="59.140" /><testcase classname="test_xia2" name="test_xia2_dials_file" time="132.430" /><testcase classname="test_xia2" name="test_xia2_dials_directory" time="96.761" /><testcase classname="test_xia2" name="test_xia2_xds_file" time="0.007"><skipped type="pytest.skip" message="not installed: xds_par (looked in the *_EXECUTABLE and *DIR preferences, exePaths and PATH)">/private/tmp/claude-502/-Users-nmemn-Developer-ccp4i2/f6cc7a2e-0e1a-44ce-9736-29b95923e46e/scratchpad/cn/server/ccp4i2/tests/i2run/test_xia2.py:58: not installed: xds_par (looked in the *_EXECUTABLE and *DIR preferences, exePaths and PATH)</skipped></testcase><testcase classname="test_xia2_multiplex" name="test_multiplex" time="0.000"><skipped type="pytest.skip" message="NOT IMPLEMENTED: no test body. Would need DIALS-integrated .refl/.expt files; see the docstring.">/private/tmp/claude-502/-Users-nmemn-Developer-ccp4i2/f6cc7a2e-0e1a-44ce-9736-29b95923e46e/scratchpad/cn/server/ccp4i2/tests/i2run/test_xia2_multiplex.py:5: NOT IMPLEMENTED: no test body. Would need DIALS-integrated .refl/.expt files; see the docstring.</skipped></testcase><testcase classname="test_xia2_ssx_reduce" name="test_ssx_reduce" time="0.000"><skipped type="pytest.skip" message="NOT IMPLEMENTED: no test body. Would need DIALS-integrated serial .refl/.expt files; see the docstring.">/private/tmp/claude-502/-Users-nmemn-Developer-ccp4i2/f6cc7a2e-0e1a-44ce-9736-29b95923e46e/scratchpad/cn/server/ccp4i2/tests/i2run/test_xia2_ssx_reduce.py:5: NOT IMPLEMENTED: no test body. Would need DIALS-integrated serial .refl/.expt files; see the docstring.</skipped></testcase><testcase classname="test_zanuda" name="test_zanuda_8xfm" time="188.160" /></testsuite></testsuites>