<?xml version="1.0" encoding="utf-8"?><testsuites><testsuite name="pytest" errors="0" failures="10" skipped="19" tests="179" time="2954.869" timestamp="2026-08-25T15:51:54.105634" hostname="ddu-mac-mini.ncl.ac.uk"><testcase classname="" name="test_i2run" time="0.000"><skipped message="collection skipped">('/private/tmp/claude-502/-Users-nmemn-Developer-ccp4i2/f6cc7a2e-0e1a-44ce-9736-29b95923e46e/scratchpad/c1/server/ccp4i2/tests/i2run/test_i2run.py', 4, 'Skipped: Historic tests - require test101 project zips')</skipped></testcase><testcase classname="test_acedrg" name="test_from_cif_monomer_library" time="13.948" /><testcase classname="test_acedrg" name="test_from_cif_rcsb" time="31.933" /><testcase classname="test_acedrg" name="test_from_cif_rcsb_metal_af3" time="10.135" /><testcase classname="test_acedrg" name="test_from_mol" time="30.756" /><testcase classname="test_acedrg" name="test_from_sdf" time="32.724" /><testcase classname="test_acedrg" name="test_from_smiles" time="35.373" /><testcase classname="test_acedrg" name="test_from_mol2" time="26.429" /><testcase classname="test_acedrg" name="test_from_smiles_atom_name_matching" time="26.673" /><testcase classname="test_acedrg" name="test_from_cif_rcsb_metal_OEX" time="10.808" /><testcase classname="test_acorn" name="test_acorn" time="5.798" /><testcase classname="test_add_fractional_coords" name="test_gamma_model" time="0.482" /><testcase classname="test_adding_stats" name="test_adding_stats" time="0.000"><skipped type="pytest.skip" message="Requires a prior refinement job in the same project (complex setup)">/private/tmp/claude-502/-Users-nmemn-Developer-ccp4i2/f6cc7a2e-0e1a-44ce-9736-29b95923e46e/scratchpad/c1/server/ccp4i2/tests/i2run/test_adding_stats.py:5: Requires a prior refinement job in the same project (complex setup)</skipped></testcase><testcase classname="test_aimless" name="test_gamma" time="3.789" /><testcase classname="test_aimless" name="test_mdm2" time="13.850" /><testcase classname="test_alternative_import_xia2" name="test_import_xia2" time="0.000"><skipped type="pytest.skip" message="Requires XIA2 output directory structure not in demo_data">/private/tmp/claude-502/-Users-nmemn-Developer-ccp4i2/f6cc7a2e-0e1a-44ce-9736-29b95923e46e/scratchpad/c1/server/ccp4i2/tests/i2run/test_alternative_import_xia2.py:5: Requires XIA2 output directory structure not in demo_data</skipped></testcase><testcase classname="test_ample" name="test_8xfm" time="0.805" /><testcase classname="test_arcimboldo" name="test_arcimboldo" time="0.000"><skipped type="pytest.skip" message="Skipping temporarily as no shelx in build">/private/tmp/claude-502/-Users-nmemn-Developer-ccp4i2/f6cc7a2e-0e1a-44ce-9736-29b95923e46e/scratchpad/c1/server/ccp4i2/tests/i2run/test_arcimboldo.py:17: Skipping temporarily as no shelx in build</skipped></testcase><testcase classname="test_areaimol" name="test_5a3h" time="1.286" /><testcase classname="test_areaimol" name="test_5a3h_imol" time="0.721" /><testcase classname="test_areaimol" name="test_compare_5a3h_and_8a3h" time="1.664" /><testcase classname="test_arpwarp" name="test_arpwarp" time="0.000"><skipped type="pytest.skip" message="Skipping temporarily for comprehensive test">/private/tmp/claude-502/-Users-nmemn-Developer-ccp4i2/f6cc7a2e-0e1a-44ce-9736-29b95923e46e/scratchpad/c1/server/ccp4i2/tests/i2run/test_arpwarp.py:14: Skipping temporarily for comprehensive test</skipped></testcase><testcase classname="test_asu_contents" name="test_beta_blip" time="0.324" /><testcase classname="test_auspex" name="test_auspex" time="4.335" /><testcase classname="test_chainsaw" name="test_gamma_chainsaw" time="0.347" /><testcase classname="test_chltofom" name="test_hl_to_phifom" time="0.354" /><testcase classname="test_clustalw" name="test_cdk2_cdk6_alignment" time="1.113" /><testcase classname="test_cmapcoeff" name="test_gamma_anomalous" time="1.526" /><testcase classname="test_comit" name="test_comit" time="1.720" /><testcase classname="test_coordinate_selector" name="test_8xfm" time="0.552" /><testcase classname="test_coot_script_lines" name="test_rename_chain" time="0.000"><skipped type="pytest.skip" message="Requires coot --no-graphics binary; may not be available in CI">/private/tmp/claude-502/-Users-nmemn-Developer-ccp4i2/f6cc7a2e-0e1a-44ce-9736-29b95923e46e/scratchpad/c1/server/ccp4i2/tests/i2run/test_coot_script_lines.py:5: Requires coot --no-graphics binary; may not be available in CI</skipped></testcase><testcase classname="test_cpatterson" name="test_gamma_native" time="1.692" /><testcase classname="test_cphasematch" name="test_gamma_phase_comparison" time="1.563" /><testcase classname="test_crank2" name="test_crank2" time="4.652"><failure message="RuntimeError: Failed to open /Users/nmemn/.cache/ccp4i2-tests/20260825_155617_daad_crank2_test_crank2/CCP4_JOBS/job_1/FPHOUT_DIFFANOM.mtz: No such file or directory: /Users/nmemn/.cache/ccp4i2-tests/20260825_155617_daad_crank2_test_crank2/CCP4_JOBS/job_1/FPHOUT_DIFFANOM.mtz">ccp4i2/tests/i2run/test_crank2.py:22: in test_crank2
    gemmi.read_mtz_file(str(job / f"{name}.mtz"))
E   RuntimeError: Failed to open /Users/nmemn/.cache/ccp4i2-tests/20260825_155617_daad_crank2_test_crank2/CCP4_JOBS/job_1/FPHOUT_DIFFANOM.mtz: No such file or directory: /Users/nmemn/.cache/ccp4i2-tests/20260825_155617_daad_crank2_test_crank2/CCP4_JOBS/job_1/FPHOUT_DIFFANOM.mtz</failure></testcase><testcase classname="test_csymmatch" name="test_8xfm" time="0.616" /><testcase classname="test_ctruncate" name="test_gamma_intensities" time="0.000"><skipped type="pytest.skip" message="KeywordExtractor bug: get_merged_metadata is None for ctruncate container">/private/tmp/claude-502/-Users-nmemn-Developer-ccp4i2/f6cc7a2e-0e1a-44ce-9736-29b95923e46e/scratchpad/c1/server/ccp4i2/tests/i2run/test_ctruncate.py:5: KeywordExtractor bug: get_merged_metadata is None for ctruncate container</skipped></testcase><testcase classname="test_density_calculator" name="test_gamma_model" time="0.352" /><testcase classname="test_dimple" name="test_dimple" time="12.361" /><testcase classname="test_dm_multidomain" name="test_dm_multidomain" time="13.844"><failure message="ValueError: operands could not be broadcast together with shapes (45,55,50) (48,58,61)">ccp4i2/tests/i2run/test_dm_multidomain.py:38: in test_dm_multidomain
    assert int(np.count_nonzero(g0 &amp; g1)) == 0
E   ValueError: operands could not be broadcast together with shapes (45,55,50) (48,58,61)</failure></testcase><testcase classname="test_dm_multidomain" name="test_dm_multidomain_phases_from_model" time="17.687" /><testcase classname="test_dm_multidomain" name="test_dm_multidomain_explicit_assembly" time="13.921" /><testcase classname="test_dm_vs_parrot" name="test_parrot_recovery" time="53.399" /><testcase classname="test_dm_vs_parrot" name="test_dm_multidomain_recovery" time="8.960" /><testcase classname="test_editbfac" name="test_alphafold_pdb" time="11.521" /><testcase classname="test_editbfac" name="test_alphafold_cif" time="4.445" /><testcase classname="test_editbfac" name="test_alphafold_pae" time="0.000"><skipped type="pytest.skip" message="Skipping temporarily due to error in process predicted model">/private/tmp/claude-502/-Users-nmemn-Developer-ccp4i2/f6cc7a2e-0e1a-44ce-9736-29b95923e46e/scratchpad/c1/server/ccp4i2/tests/i2run/test_editbfac.py:60: Skipping temporarily due to error in process predicted model</skipped></testcase><testcase classname="test_editbfac" name="test_robetta" time="18.945" /><testcase classname="test_edstats_wrapper" name="test_8xfm" time="7.917" /><testcase classname="test_find_ligand" name="test_8xfm" time="0.000"><skipped type="pytest.skip" message="Skipping temporarily until task is in registry">/private/tmp/claude-502/-Users-nmemn-Developer-ccp4i2/f6cc7a2e-0e1a-44ce-9736-29b95923e46e/scratchpad/c1/server/ccp4i2/tests/i2run/test_find_ligand.py:11: Skipping temporarily until task is in registry</skipped></testcase><testcase classname="test_find_waters" name="test_8xfm" time="0.636" /><testcase classname="test_findmyseq" name="test_gamma" time="0.000"><skipped type="pytest.skip" message="Needs FPHI map coefficients from the gamma crystal — no standalone FPHI MTZ in demo data, and PDB-REDO cells don't match">/private/tmp/claude-502/-Users-nmemn-Developer-ccp4i2/f6cc7a2e-0e1a-44ce-9736-29b95923e46e/scratchpad/c1/server/ccp4i2/tests/i2run/test_findmyseq.py:5: Needs FPHI map coefficients from the gamma crystal — no standalone FPHI MTZ in demo data, and PDB-REDO cells don't match</skipped></testcase><testcase classname="test_freerflag" name="test_freerflag" time="0.436" /><testcase classname="test_gesamt" name="test_self_superposition" time="0.612" /><testcase classname="test_import_merged" name="test_2ceu_cif" time="3.092"><failure message="AssertionError: Flag 1 has 94.4% of reflections (expected ~50.0%)&#10;assert 0.9443088528954959 &lt; 0.15">ccp4i2/tests/i2run/test_import_merged.py:12: in test_2ceu_cif
    check_output(job, cif)
ccp4i2/tests/i2run/test_import_merged.py:76: in check_output
    assert 0.02 &lt; fraction &lt; 0.15, \
E   AssertionError: Flag 1 has 94.4% of reflections (expected ~50.0%)
E   assert 0.9443088528954959 &lt; 0.15</failure></testcase><testcase classname="test_import_merged" name="test_gamma_mtz" time="2.231" /><testcase classname="test_import_serial_pipe" name="test_serial_import" time="0.000"><skipped type="pytest.skip" message="Requires CrystFEL serial crystallography input data not in demo_data">/private/tmp/claude-502/-Users-nmemn-Developer-ccp4i2/f6cc7a2e-0e1a-44ce-9736-29b95923e46e/scratchpad/c1/server/ccp4i2/tests/i2run/test_import_serial_pipe.py:5: Requires CrystFEL serial crystallography input data not in demo_data</skipped></testcase><testcase classname="test_import_tasks" name="test_import_coordinate" time="0.373" /><testcase classname="test_import_tasks" name="test_import_dictionary" time="0.340" /><testcase classname="test_import_tasks" name="test_import_freer_auto" time="0.378" /><testcase classname="test_import_tasks" name="test_import_phases_auto" time="0.399" /><testcase classname="test_import_tasks" name="test_import_obs_auto" time="0.420" /><testcase classname="test_import_tasks" name="test_import_mapcoeffs_explicit_columns" time="0.482" /><testcase classname="test_import_tasks" name="test_import_mapcoeffs_ambiguous_fails" time="0.273" /><testcase classname="test_lorestr" name="test_lorestr_1h1s" time="358.037" /><testcase classname="test_lorestr" name="test_lorestr_8xfm_mmcif" time="122.889" /><testcase classname="test_make_link" name="test_6ndn" time="32.983" /><testcase classname="test_matthews" name="test_gamma_from_nres" time="0.432" /><testcase classname="test_matthews" name="test_gamma_from_molwt" time="0.432" /><testcase classname="test_merge_mtz" name="test_gamma_merge_two_mtz" time="0.000"><skipped type="pytest.skip" message="CLI list parsing creates CString items instead of CMergeMiniMtzItem — wrapper expects .fileName attribute">/private/tmp/claude-502/-Users-nmemn-Developer-ccp4i2/f6cc7a2e-0e1a-44ce-9736-29b95923e46e/scratchpad/c1/server/ccp4i2/tests/i2run/test_merge_mtz.py:6: CLI list parsing creates CString items instead of CMergeMiniMtzItem — wrapper expects .fileName attribute</skipped></testcase><testcase classname="test_metalcoord" name="test_metalcoord" time="6.728" /><testcase classname="test_model_asu_check" name="test_8xfm" time="0.453" /><testcase classname="test_modelcraft" name="test_8xfm" time="104.787" /><testcase classname="test_modelcraft" name="test_gamma_ep" time="44.842" /><testcase classname="test_molrep" name="test_molrep" time="19.358" /><testcase classname="test_molrep_den" name="test_gamma_density" time="9.942" /><testcase classname="test_molrep_selfrot" name="test_1h1s_selfrot" time="20.875" /><testcase classname="test_monomer_coverage.TestCheckMonomeCoverage" name="test_standard_amino_acids_only" time="0.209" /><testcase classname="test_monomer_coverage.TestCheckMonomeCoverage" name="test_known_library_ligand" time="0.208" /><testcase classname="test_monomer_coverage.TestCheckMonomeCoverage" name="test_code_collision_detected" time="0.211" /><testcase classname="test_monomer_coverage.TestCheckMonomeCoverage" name="test_user_dict_resolves_collision" time="0.265" /><testcase classname="test_monomer_coverage.TestCheckMonomeCoverage" name="test_completely_unknown_code" time="0.208" /><testcase classname="test_monomer_coverage.TestCheckMonomeCoverage" name="test_user_dict_covers_unknown_code" time="0.194" /><testcase classname="test_monomer_coverage.TestCheckMonomeCoverage" name="test_partial_dict_coverage_fails" time="0.193" /><testcase classname="test_monomer_coverage.TestCheckMonomeCoverage" name="test_water_and_ions_pass" time="0.201" /><testcase classname="test_monomer_coverage.TestCheckMonomeCoverage" name="test_multiple_instances_all_checked" time="0.196" /><testcase classname="test_monomer_coverage.TestCheckMonomeCoverage" name="test_no_monomer_library_defers" time="0.199" /><testcase classname="test_monomer_coverage.TestCheckMonomeCoverage" name="test_empty_structure_passes" time="0.199" /><testcase classname="test_mrbump" name="test_mrbump" time="108.716" /><testcase classname="test_mrparse" name="test_mrparse" time="7.338" /><testcase classname="test_nucleofind" name="test_1hr2" time="0.486"><failure message="SystemExit: 2">ccp4i2/tests/i2run/test_nucleofind.py:17: in test_1hr2
    with i2run(args) as job:
/Users/nmemn/Developer/ccp4-20260702/Frameworks/Python.framework/Versions/3.11/lib/python3.11/contextlib.py:137: in __enter__
    return next(self.gen)
ccp4i2/tests/i2run/utils.py:165: in i2run
    call_command(
/Users/nmemn/Developer/ccp4-20260702/Frameworks/Python.framework/Versions/3.11/lib/python3.11/site-packages/django/core/management/__init__.py:194: in call_command
    return command.execute(*args, **defaults)
/Users/nmemn/Developer/ccp4-20260702/Frameworks/Python.framework/Versions/3.11/lib/python3.11/site-packages/django/core/management/base.py:464: in execute
    output = self.handle(*args, **options)
ccp4i2/db/management/commands/i2run.py:54: in handle
    self.i2_runner.parseArgs()
ccp4i2/cli/i2run/CCP4i2RunnerBase.py:133: in parseArgs
    self.parsed_args = self.parser.parse_args(self.args)
/Users/nmemn/Developer/ccp4-20260702/Frameworks/Python.framework/Versions/3.11/lib/python3.11/argparse.py:1877: in parse_args
    self.error(msg % ' '.join(argv))
/Users/nmemn/Developer/ccp4-20260702/Frameworks/Python.framework/Versions/3.11/lib/python3.11/argparse.py:2640: in error
    self.exit(2, _('%(prog)s: error: %(message)s\n') % args)
/Users/nmemn/Developer/ccp4-20260702/Frameworks/Python.framework/Versions/3.11/lib/python3.11/argparse.py:2627: in exit
    _sys.exit(status)
E   SystemExit: 2</failure></testcase><testcase classname="test_nucleofind" name="test_1hr2_raw" time="0.202"><failure message="SystemExit: 2">ccp4i2/tests/i2run/test_nucleofind.py:27: in test_1hr2_raw
    with i2run(args) as job:
/Users/nmemn/Developer/ccp4-20260702/Frameworks/Python.framework/Versions/3.11/lib/python3.11/contextlib.py:137: in __enter__
    return next(self.gen)
ccp4i2/tests/i2run/utils.py:165: in i2run
    call_command(
/Users/nmemn/Developer/ccp4-20260702/Frameworks/Python.framework/Versions/3.11/lib/python3.11/site-packages/django/core/management/__init__.py:194: in call_command
    return command.execute(*args, **defaults)
/Users/nmemn/Developer/ccp4-20260702/Frameworks/Python.framework/Versions/3.11/lib/python3.11/site-packages/django/core/management/base.py:464: in execute
    output = self.handle(*args, **options)
ccp4i2/db/management/commands/i2run.py:54: in handle
    self.i2_runner.parseArgs()
ccp4i2/cli/i2run/CCP4i2RunnerBase.py:133: in parseArgs
    self.parsed_args = self.parser.parse_args(self.args)
/Users/nmemn/Developer/ccp4-20260702/Frameworks/Python.framework/Versions/3.11/lib/python3.11/argparse.py:1877: in parse_args
    self.error(msg % ' '.join(argv))
/Users/nmemn/Developer/ccp4-20260702/Frameworks/Python.framework/Versions/3.11/lib/python3.11/argparse.py:2640: in error
    self.exit(2, _('%(prog)s: error: %(message)s\n') % args)
/Users/nmemn/Developer/ccp4-20260702/Frameworks/Python.framework/Versions/3.11/lib/python3.11/argparse.py:2627: in exit
    _sys.exit(status)
E   SystemExit: 2</failure></testcase><testcase classname="test_pairef" name="test_pairef" time="52.773" /><testcase classname="test_parrot" name="test_parrot" time="2.966" /><testcase classname="test_pdb_redo_api" name="test_pdb_redo" time="0.000"><skipped type="pytest.skip" message="Requires external PDB-REDO web service; not suitable for offline CI">/private/tmp/claude-502/-Users-nmemn-Developer-ccp4i2/f6cc7a2e-0e1a-44ce-9736-29b95923e46e/scratchpad/c1/server/ccp4i2/tests/i2run/test_pdb_redo_api.py:5: Requires external PDB-REDO web service; not suitable for offline CI</skipped></testcase><testcase classname="test_pdbset_ui" name="test_gamma_model" time="0.510" /><testcase classname="test_phaser_ensembler" name="test_mdm2_two_models" time="1.553" /><testcase classname="test_phaser_ep" name="test_phaser_ep" time="6.976" /><testcase classname="test_phaser_ep_auto" name="test_gamma_xe" time="6.836" /><testcase classname="test_phaser_ep_llg" name="test_gamma_xe" time="1.655" /><testcase classname="test_phaser_expert" name="test_beta_blip_default" time="32.081" /><testcase classname="test_phaser_expert" name="test_beta_blip_asu" time="10.668" /><testcase classname="test_phaser_rnp_pipeline" name="test_phaser_rnp_pipeline_chain_selections" time="19.230" /><testcase classname="test_phaser_simple" name="test_gamma_basic" time="7.352" /><testcase classname="test_phaser_simple" name="test_gamma_sheetbend" time="9.051" /><testcase classname="test_phaser_simple" name="test_gamma" time="18.309" /><testcase classname="test_phaser_simple" name="test_no_solution" time="5.376" /><testcase classname="test_phasertng_picard" name="test_instantiation" time="0.381" /><testcase classname="test_phasertng_picard" name="test_json_serialization" time="0.396" /><testcase classname="test_phasertng_picard" name="test_extract_no_user_changes" time="0.382" /><testcase classname="test_phasertng_picard" name="test_phil_exclude_scopes" time="0.371" /><testcase classname="test_phasertng_picard" name="test_i2run_gamma" time="17.635" /><testcase classname="test_plugin_validation" name="test_bare_prosmart_refmac_validation" time="0.456" /><testcase classname="test_plugin_validation" name="test_plugin_validity_method" time="0.387" /><testcase classname="test_plugin_validation" name="test_plugin_validity_as_xml_method" time="0.389" /><testcase classname="test_pointless_reindex" name="test_reindex_to_coords" time="0.876" /><testcase classname="test_privateer" name="test_glyco_4iid" time="3.601" /><testcase classname="test_provide_alignment" name="test_paste_pir_alignment" time="0.656" /><testcase classname="test_provide_alignment" name="test_read_pir_file" time="0.655" /><testcase classname="test_provide_sequence" name="test_freetext_sequence" time="0.655" /><testcase classname="test_provide_tls" name="test_auto_from_coords" time="0.681" /><testcase classname="test_refmac" name="test_8xfm" time="0.000"><skipped type="pytest.skip" message="Clipper library crashes during Iris validation - use test_8xfm_basic instead">/private/tmp/claude-502/-Users-nmemn-Developer-ccp4i2/f6cc7a2e-0e1a-44ce-9736-29b95923e46e/scratchpad/c1/server/ccp4i2/tests/i2run/test_refmac.py:229: Clipper library crashes during Iris validation - use test_8xfm_basic instead</skipped></testcase><testcase classname="test_refmac" name="test_8xfm_basic" time="11.222" /><testcase classname="test_refmac" name="test_gamma" time="0.000"><skipped type="pytest.skip" message="Clipper library crashes during Iris validation - use test_gamma_basic instead">/private/tmp/claude-502/-Users-nmemn-Developer-ccp4i2/f6cc7a2e-0e1a-44ce-9736-29b95923e46e/scratchpad/c1/server/ccp4i2/tests/i2run/test_refmac.py:258: Clipper library crashes during Iris validation - use test_gamma_basic instead</skipped></testcase><testcase classname="test_refmac" name="test_gamma_basic" time="11.319" /><testcase classname="test_refmac" name="test_complete_mtz_survives_cleanup" time="10.559" /><testcase classname="test_report_generation" name="test_refmac_report_generation" time="9.904" /><testcase classname="test_report_generation" name="test_pointless_report_generation" time="0.742" /><testcase classname="test_report_generation" name="test_import_merged_report_generation" time="2.621" /><testcase classname="test_report_generation" name="test_report_for_nonexistent_task" time="0.344" /><testcase classname="test_report_generation" name="test_csymmatch_report_generation" time="0.714" /><testcase classname="test_report_generation" name="test_report_for_task_without_a_report_class" time="0.762" /><testcase classname="test_rsr_morph" name="test_8xfm" time="5.363" /><testcase classname="test_scaleit" name="test_gamma_native_vs_xe" time="3.065" /><testcase classname="test_sculptor" name="test_gamma_sculptor" time="1.704" /><testcase classname="test_servalcat" name="test_8xfm_basic" time="4.701" /><testcase classname="test_servalcat" name="test_1gyu_unmerged_basic" time="4.558" /><testcase classname="test_servalcat" name="test_7beq_electron_basic" time="5.466" /><testcase classname="test_servalcat" name="test_7prg_neutron_basic" time="315.394" /><testcase classname="test_servalcat" name="test_complete_mtz_survives_cleanup" time="4.840" /><testcase classname="test_sheetbend" name="test_8xfm" time="3.056" /><testcase classname="test_shelx" name="test_substrdet" time="4.619"><failure message="FileNotFoundError: [Errno 2] Failed to open /Users/nmemn/.cache/ccp4i2-tests/20260825_162315_672d_shelx_test_substrdet/CCP4_JOBS/job_1/PDBCUR.pdb: No such file or directory">ccp4i2/tests/i2run/test_shelx.py:21: in test_substrdet
    read_pdb(str(job / "PDBCUR.pdb"))
E   FileNotFoundError: [Errno 2] Failed to open /Users/nmemn/.cache/ccp4i2-tests/20260825_162315_672d_shelx_test_substrdet/CCP4_JOBS/job_1/PDBCUR.pdb: No such file or directory</failure></testcase><testcase classname="test_shelx" name="test_gamma_sad" time="5.164"><failure message="FileNotFoundError: [Errno 2] Failed to open /Users/nmemn/.cache/ccp4i2-tests/20260825_162320_e3c6_shelx_test_gamma_sad/CCP4_JOBS/job_1/n_part.pdb: No such file or directory">ccp4i2/tests/i2run/test_shelx.py:37: in test_gamma_sad
    read_pdb(str(job / "n_part.pdb"))
E   FileNotFoundError: [Errno 2] Failed to open /Users/nmemn/.cache/ccp4i2-tests/20260825_162320_e3c6_shelx_test_gamma_sad/CCP4_JOBS/job_1/n_part.pdb: No such file or directory</failure></testcase><testcase classname="test_shelx" name="test_gamma_siras" time="7.583"><failure message="FileNotFoundError: [Errno 2] Failed to open /Users/nmemn/.cache/ccp4i2-tests/20260825_162325_7aff_shelx_test_gamma_siras/CCP4_JOBS/job_1/n_REFMAC5.pdb: No such file or directory">ccp4i2/tests/i2run/test_shelx.py:67: in test_gamma_siras
    read_pdb(str(job / "n_REFMAC5.pdb"))
E   FileNotFoundError: [Errno 2] Failed to open /Users/nmemn/.cache/ccp4i2-tests/20260825_162325_7aff_shelx_test_gamma_siras/CCP4_JOBS/job_1/n_REFMAC5.pdb: No such file or directory</failure></testcase><testcase classname="test_shelxe_mr" name="test_gamma" time="0.000"><skipped type="pytest.skip" message="SHELXE not installed">/private/tmp/claude-502/-Users-nmemn-Developer-ccp4i2/f6cc7a2e-0e1a-44ce-9736-29b95923e46e/scratchpad/c1/server/ccp4i2/tests/i2run/test_shelxe_mr.py:11: SHELXE not installed</skipped></testcase><testcase classname="test_simbad" name="test_gamma_lattice" time="130.483" /><testcase classname="test_simple_pipeline" name="test_simple_signal_chain" time="4.350" /><testcase classname="test_single_atom_mr" name="test_single_atom_mr" time="43.199" /><testcase classname="test_split_mtz" name="test_gamma_abcd_column_group_list" time="0.829" /><testcase classname="test_split_mtz" name="test_gamma_abcd_user_column_group" time="0.834" /><testcase classname="test_split_mtz" name="test_4iid_phi_fom" time="0.826" /><testcase classname="test_split_mtz" name="test_auto_detect_redo_1cbs" time="1.206" /><testcase classname="test_split_mtz" name="test_auto_detect_redo_2ceu" time="1.105" /><testcase classname="test_split_mtz" name="test_auto_detect_gamma_phases" time="0.827" /><testcase classname="test_substitute_ligand" name="test_substitute_ligand_no_ligand" time="22.580"><failure message="AssertionError: Error reports found in diagnostic.xml:&#10;  - i2Dimple: i2Dimple pipeline failed">ccp4i2/tests/i2run/test_substitute_ligand.py:23: in test_substitute_ligand_no_ligand
    with i2run(args) as job:
/Users/nmemn/Developer/ccp4-20260702/Frameworks/Python.framework/Versions/3.11/lib/python3.11/contextlib.py:137: in __enter__
    return next(self.gen)
ccp4i2/tests/i2run/utils.py:239: in i2run
    assert len(errors) == 0, f"Error reports found in diagnostic.xml:\n" + "\n".join(error_details)
E   AssertionError: Error reports found in diagnostic.xml:
E     - i2Dimple: i2Dimple pipeline failed</failure></testcase><testcase classname="test_substitute_ligand" name="test_substitute_ligand_with_smiles" time="59.022"><failure message="AssertionError: Error reports found in diagnostic.xml:&#10;  - i2Dimple: i2Dimple pipeline failed">ccp4i2/tests/i2run/test_substitute_ligand.py:51: in test_substitute_ligand_with_smiles
    with i2run(args) as job:
/Users/nmemn/Developer/ccp4-20260702/Frameworks/Python.framework/Versions/3.11/lib/python3.11/contextlib.py:137: in __enter__
    return next(self.gen)
ccp4i2/tests/i2run/utils.py:239: in i2run
    assert len(errors) == 0, f"Error reports found in diagnostic.xml:\n" + "\n".join(error_details)
E   AssertionError: Error reports found in diagnostic.xml:
E     - i2Dimple: i2Dimple pipeline failed</failure></testcase><testcase classname="test_subtract_native" name="test_8xfm" time="1.108" /><testcase classname="test_urls" name="test_url[pdbe_fasta-8xfm-read_fasta]" time="0.725" /><testcase classname="test_urls" name="test_url[pdbe_mmcif-1gyu-read_structure]" time="0.542" /><testcase classname="test_urls" name="test_url[pdbe_pdb-6ndn-read_structure]" time="0.592" /><testcase classname="test_urls" name="test_url[pdbe_sfcif-2ceu-read]" time="0.571" /><testcase classname="test_urls" name="test_url[rcsb_ligand_cif-A1LU6-read]" time="0.504" /><testcase classname="test_urls" name="test_url[rcsb_ligand_sdf-A1LU6-read_sdf]" time="0.440" /><testcase classname="test_urls" name="test_url[rcsb_mmcif-4dl8-read_structure]" time="0.451" /><testcase classname="test_urls" name="test_url[rcsb_pdb-8rk1-read_structure]" time="1.436" /><testcase classname="test_urls" name="test_url[redo_cif-8xfm-read_structure]" time="0.645" /><testcase classname="test_urls" name="test_url[redo_mtz-8xfm-read_mtz_file]" time="0.589" /><testcase classname="test_validate" name="test_7beq_basic" time="10.918" /><testcase classname="test_validate" name="test_8ola_8olf_basic" time="48.832" /><testcase classname="test_validate" name="test_8rk1_cif_basic" time="60.216" /><testcase classname="test_validate" name="test_8rk1_pdb_basic" time="59.536" /><testcase classname="test_validate" name="test_8ola_8olf_with_molprobity" time="48.839" /><testcase classname="test_validate" name="test_8rk1_cif_with_molprobity" time="59.156" /><testcase classname="test_validate" name="test_8rk1_pdb_with_molprobity" time="58.683" /><testcase classname="test_xia2" name="test_xia2_dials_file" time="154.405" /><testcase classname="test_xia2" name="test_xia2_dials_directory" time="95.816" /><testcase classname="test_xia2" name="test_xia2_xds_file" time="0.029"><skipped type="pytest.skip" message="XDS not installed">/private/tmp/claude-502/-Users-nmemn-Developer-ccp4i2/f6cc7a2e-0e1a-44ce-9736-29b95923e46e/scratchpad/c1/server/ccp4i2/tests/i2run/test_xia2.py:57: XDS not installed</skipped></testcase><testcase classname="test_xia2_multiplex" name="test_multiplex" time="0.000"><skipped type="pytest.skip" message="Requires DIALS integrated .refl/.expt files not in demo_data">/private/tmp/claude-502/-Users-nmemn-Developer-ccp4i2/f6cc7a2e-0e1a-44ce-9736-29b95923e46e/scratchpad/c1/server/ccp4i2/tests/i2run/test_xia2_multiplex.py:5: Requires DIALS integrated .refl/.expt files not in demo_data</skipped></testcase><testcase classname="test_xia2_ssx_reduce" name="test_ssx_reduce" time="0.000"><skipped type="pytest.skip" message="Requires DIALS SSX integrated .refl/.expt files not in demo_data">/private/tmp/claude-502/-Users-nmemn-Developer-ccp4i2/f6cc7a2e-0e1a-44ce-9736-29b95923e46e/scratchpad/c1/server/ccp4i2/tests/i2run/test_xia2_ssx_reduce.py:5: Requires DIALS SSX integrated .refl/.expt files not in demo_data</skipped></testcase><testcase classname="test_zanuda" name="test_zanuda_8xfm" time="186.411" /></testsuite></testsuites>