<?xml version="1.0" encoding="utf-8"?><testsuites><testsuite name="pytest" errors="0" failures="1" skipped="13" tests="179" time="4176.070" timestamp="2026-08-27T08:08:28.720960" hostname="ddu-mac-mini.ncl.ac.uk"><testcase classname="" name="test_i2run" time="0.000"><skipped message="collection skipped">('/private/tmp/claude-502/-Users-nmemn-Developer-ccp4i2/f6cc7a2e-0e1a-44ce-9736-29b95923e46e/scratchpad/c7/server/ccp4i2/tests/i2run/test_i2run.py', 4, 'Skipped: Historic tests - require test101 project zips')</skipped></testcase><testcase classname="test_acedrg" name="test_from_cif_monomer_library" time="14.549" /><testcase classname="test_acedrg" name="test_from_cif_rcsb" time="33.103" /><testcase classname="test_acedrg" name="test_from_cif_rcsb_metal_af3" time="10.002" /><testcase classname="test_acedrg" name="test_from_mol" time="29.152" /><testcase classname="test_acedrg" name="test_from_sdf" time="33.216" /><testcase classname="test_acedrg" name="test_from_smiles" time="36.335" /><testcase classname="test_acedrg" name="test_from_mol2" time="29.452" /><testcase classname="test_acedrg" name="test_from_smiles_atom_name_matching" time="27.585" /><testcase classname="test_acedrg" name="test_from_cif_rcsb_metal_OEX" time="10.506" /><testcase classname="test_acorn" name="test_acorn" time="5.984" /><testcase classname="test_add_fractional_coords" name="test_gamma_model" time="0.528" /><testcase classname="test_adding_stats" name="test_adding_stats" time="0.000"><skipped type="pytest.skip" message="NOT IMPLEMENTED: no test body. Would need a prior refinement job in the same project; see the docstring.">/private/tmp/claude-502/-Users-nmemn-Developer-ccp4i2/f6cc7a2e-0e1a-44ce-9736-29b95923e46e/scratchpad/c7/server/ccp4i2/tests/i2run/test_adding_stats.py:5: NOT IMPLEMENTED: no test body. Would need a prior refinement job in the same project; see the docstring.</skipped></testcase><testcase classname="test_aimless" name="test_gamma" time="3.919" /><testcase classname="test_aimless" name="test_mdm2" time="14.076" /><testcase classname="test_alternative_import_xia2" name="test_import_xia2" time="0.000"><skipped type="pytest.skip" message="NOT IMPLEMENTED: no test body. Would need a real xia2 output directory; see the docstring.">/private/tmp/claude-502/-Users-nmemn-Developer-ccp4i2/f6cc7a2e-0e1a-44ce-9736-29b95923e46e/scratchpad/c7/server/ccp4i2/tests/i2run/test_alternative_import_xia2.py:5: NOT IMPLEMENTED: no test body. Would need a real xia2 output directory; see the docstring.</skipped></testcase><testcase classname="test_ample" name="test_8xfm" time="0.132" /><testcase classname="test_arcimboldo" name="test_arcimboldo" time="113.326" /><testcase classname="test_areaimol" name="test_5a3h" time="1.432" /><testcase classname="test_areaimol" name="test_5a3h_imol" time="0.680" /><testcase classname="test_areaimol" name="test_compare_5a3h_and_8a3h" time="1.561" /><testcase classname="test_arpwarp" name="test_arpwarp" time="0.000"><skipped type="pytest.skip" message="ARP/wARP not installed ($warpbin unset). It is licensed separately, like SHELX. NOTE: without it this task reports success and writes no outputs -- the wrapper finds ARP/wARP by its own means, so the pre-run program check cannot see the dependency.">/private/tmp/claude-502/-Users-nmemn-Developer-ccp4i2/f6cc7a2e-0e1a-44ce-9736-29b95923e46e/scratchpad/c7/server/ccp4i2/tests/i2run/test_arpwarp.py:15: ARP/wARP not installed ($warpbin unset). It is licensed separately, like SHELX. NOTE: without it this task reports success and writes no outputs -- the wrapper finds ARP/wARP by its own means, so the pre-run program check cannot see the dependency.</skipped></testcase><testcase classname="test_asu_contents" name="test_beta_blip" time="0.356" /><testcase classname="test_auspex" name="test_auspex" time="4.759" /><testcase classname="test_chainsaw" name="test_gamma_chainsaw" time="0.399" /><testcase classname="test_chltofom" name="test_hl_to_phifom" time="0.374" /><testcase classname="test_clustalw" name="test_cdk2_cdk6_alignment" time="0.971" /><testcase classname="test_cmapcoeff" name="test_gamma_anomalous" time="1.631" /><testcase classname="test_comit" name="test_comit" time="1.826" /><testcase classname="test_coordinate_selector" name="test_8xfm" time="0.362" /><testcase classname="test_coot_script_lines" name="test_rename_chain" time="0.000"><skipped type="pytest.skip" message="Requires coot --no-graphics binary; may not be available in CI">/private/tmp/claude-502/-Users-nmemn-Developer-ccp4i2/f6cc7a2e-0e1a-44ce-9736-29b95923e46e/scratchpad/c7/server/ccp4i2/tests/i2run/test_coot_script_lines.py:5: Requires coot --no-graphics binary; may not be available in CI</skipped></testcase><testcase classname="test_cpatterson" name="test_gamma_native" time="1.768" /><testcase classname="test_cphasematch" name="test_gamma_phase_comparison" time="1.620" /><testcase classname="test_crank2" name="test_crank2" time="83.848" /><testcase classname="test_csymmatch" name="test_8xfm" time="0.618" /><testcase classname="test_ctruncate" name="test_gamma_intensities" time="0.000"><skipped type="pytest.skip" message="KeywordExtractor bug: get_merged_metadata is None for ctruncate container">/private/tmp/claude-502/-Users-nmemn-Developer-ccp4i2/f6cc7a2e-0e1a-44ce-9736-29b95923e46e/scratchpad/c7/server/ccp4i2/tests/i2run/test_ctruncate.py:5: KeywordExtractor bug: get_merged_metadata is None for ctruncate container</skipped></testcase><testcase classname="test_density_calculator" name="test_gamma_model" time="0.386" /><testcase classname="test_dimple" name="test_dimple" time="12.990" /><testcase classname="test_dm_multidomain" name="test_dm_multidomain" time="14.483" /><testcase classname="test_dm_multidomain" name="test_dm_multidomain_phases_from_model" time="17.980" /><testcase classname="test_dm_multidomain" name="test_dm_multidomain_explicit_assembly" time="14.040" /><testcase classname="test_dm_vs_parrot" name="test_parrot_recovery" time="56.092" /><testcase classname="test_dm_vs_parrot" name="test_dm_multidomain_recovery" time="9.416" /><testcase classname="test_editbfac" name="test_alphafold_pdb" time="12.259" /><testcase classname="test_editbfac" name="test_alphafold_cif" time="4.740" /><testcase classname="test_editbfac" name="test_alphafold_pae" time="0.000"><skipped type="pytest.skip" message="Skipping temporarily due to error in process predicted model">/private/tmp/claude-502/-Users-nmemn-Developer-ccp4i2/f6cc7a2e-0e1a-44ce-9736-29b95923e46e/scratchpad/c7/server/ccp4i2/tests/i2run/test_editbfac.py:60: Skipping temporarily due to error in process predicted model</skipped></testcase><testcase classname="test_editbfac" name="test_robetta" time="4.412"><failure message="AssertionError: Error reports found in diagnostic.xml:&#10;  - startProcess: Python exception in startProcess(): RuntimeError: Unknown format of /Users/nmemn/.cache/ccp4i2-tests/20260827_081842_1d42_editbfac_test_robetta/CCP4_IMPORTED_FILES/ca880f13a56a_models_download.php.&#10;&#10;Traceback (most recent call last):&#10;  File &quot;/private/tmp/claude-502/-Users-nmemn-Developer-ccp4i2/f6cc7a2e-0e1a-44ce-9736-29b95923e46e/scratchpad/c7/server/ccp4i2/core/CCP4PluginScript.py&quot;, line 968, in process&#10;    result = self.startProcess()&#10;             ^^^^^^^^^^^^^^^^^^^&#10;  File &quot;/private/tmp/claude-502/-Users-nmemn-Developer-ccp4i2/f6cc7a2e-0e1a-44ce-9736-29b95923e46e/scratchpad/c7/server/ccp4i2/wrappers/editbfac/script/editbfac.py&quot;, line 37, in startProcess&#10;    runFile = self.setupInputModels()&#10;              ^^^^^^^^^^^^^^^^^^^^^^^&#10;  File &quot;/private/tmp/claude-502/-Users-nmemn-Developer-ccp4i2/f6cc7a2e-0e1a-44ce-9736-29b95923e46e/scratchpad/c7/server/ccp4i2/wrappers/editbfac/script/editbfac.py&quot;, line 48, in setupInputModels&#10;    cffin = gemmi.read_structure(inFile)&#10;            ^^^^^^^^^^^^^^^^^^^^^^^^^^^^&#10;RuntimeError: Unknown format of /Users/nmemn/.cache/ccp4i2-tests/20260827_081842_1d42_editbfac_test_robetta/CCP4_IMPORTED_FILES/ca880f13a56a_models_download.php.">ccp4i2/tests/i2run/test_editbfac.py:77: in test_robetta
    with i2run(args) as job:
/Users/nmemn/Developer/ccp4-20260702/Frameworks/Python.framework/Versions/3.11/lib/python3.11/contextlib.py:137: in __enter__
    return next(self.gen)
ccp4i2/tests/i2run/utils.py:300: in i2run
    assert len(errors) == 0, f"Error reports found in diagnostic.xml:\n" + "\n".join(error_details)
E   AssertionError: Error reports found in diagnostic.xml:
E     - startProcess: Python exception in startProcess(): RuntimeError: Unknown format of /Users/nmemn/.cache/ccp4i2-tests/20260827_081842_1d42_editbfac_test_robetta/CCP4_IMPORTED_FILES/ca880f13a56a_models_download.php.
E   
E   Traceback (most recent call last):
E     File "/private/tmp/claude-502/-Users-nmemn-Developer-ccp4i2/f6cc7a2e-0e1a-44ce-9736-29b95923e46e/scratchpad/c7/server/ccp4i2/core/CCP4PluginScript.py", line 968, in process
E       result = self.startProcess()
E                ^^^^^^^^^^^^^^^^^^^
E     File "/private/tmp/claude-502/-Users-nmemn-Developer-ccp4i2/f6cc7a2e-0e1a-44ce-9736-29b95923e46e/scratchpad/c7/server/ccp4i2/wrappers/editbfac/script/editbfac.py", line 37, in startProcess
E       runFile = self.setupInputModels()
E                 ^^^^^^^^^^^^^^^^^^^^^^^
E     File "/private/tmp/claude-502/-Users-nmemn-Developer-ccp4i2/f6cc7a2e-0e1a-44ce-9736-29b95923e46e/scratchpad/c7/server/ccp4i2/wrappers/editbfac/script/editbfac.py", line 48, in setupInputModels
E       cffin = gemmi.read_structure(inFile)
E               ^^^^^^^^^^^^^^^^^^^^^^^^^^^^
E   RuntimeError: Unknown format of /Users/nmemn/.cache/ccp4i2-tests/20260827_081842_1d42_editbfac_test_robetta/CCP4_IMPORTED_FILES/ca880f13a56a_models_download.php.</failure></testcase><testcase classname="test_edstats_wrapper" name="test_8xfm" time="7.901" /><testcase classname="test_find_ligand" name="test_8xfm" time="0.835" /><testcase classname="test_find_waters" name="test_8xfm" time="0.619" /><testcase classname="test_findmyseq" name="test_gamma" time="0.000"><skipped type="pytest.skip" message="Needs FPHI map coefficients from the gamma crystal — no standalone FPHI MTZ in demo data, and PDB-REDO cells don't match">/private/tmp/claude-502/-Users-nmemn-Developer-ccp4i2/f6cc7a2e-0e1a-44ce-9736-29b95923e46e/scratchpad/c7/server/ccp4i2/tests/i2run/test_findmyseq.py:5: Needs FPHI map coefficients from the gamma crystal — no standalone FPHI MTZ in demo data, and PDB-REDO cells don't match</skipped></testcase><testcase classname="test_freerflag" name="test_freerflag" time="0.452" /><testcase classname="test_gesamt" name="test_self_superposition" time="0.625" /><testcase classname="test_import_merged" name="test_2ceu_cif" time="2.892" /><testcase classname="test_import_merged" name="test_gamma_mtz" time="2.227" /><testcase classname="test_import_serial_pipe" name="test_serial_import" time="0.000"><skipped type="pytest.skip" message="NOT IMPLEMENTED: no test body. Would need CrystFEL .hkl half-datasets; see the docstring.">/private/tmp/claude-502/-Users-nmemn-Developer-ccp4i2/f6cc7a2e-0e1a-44ce-9736-29b95923e46e/scratchpad/c7/server/ccp4i2/tests/i2run/test_import_serial_pipe.py:5: NOT IMPLEMENTED: no test body. Would need CrystFEL .hkl half-datasets; see the docstring.</skipped></testcase><testcase classname="test_import_tasks" name="test_import_coordinate" time="0.394" /><testcase classname="test_import_tasks" name="test_import_dictionary" time="0.394" /><testcase classname="test_import_tasks" name="test_import_freer_auto" time="0.416" /><testcase classname="test_import_tasks" name="test_import_phases_auto" time="0.437" /><testcase classname="test_import_tasks" name="test_import_obs_auto" time="0.497" /><testcase classname="test_import_tasks" name="test_import_mapcoeffs_explicit_columns" time="0.503" /><testcase classname="test_import_tasks" name="test_import_mapcoeffs_ambiguous_fails" time="0.261" /><testcase classname="test_lorestr" name="test_lorestr_1h1s" time="361.921" /><testcase classname="test_lorestr" name="test_lorestr_8xfm_mmcif" time="123.686" /><testcase classname="test_make_link" name="test_6ndn" time="33.646" /><testcase classname="test_matthews" name="test_gamma_from_nres" time="0.475" /><testcase classname="test_matthews" name="test_gamma_from_molwt" time="0.477" /><testcase classname="test_merge_mtz" name="test_gamma_merge_two_mtz" time="0.493" /><testcase classname="test_metalcoord" name="test_metalcoord" time="7.068" /><testcase classname="test_model_asu_check" name="test_8xfm" time="0.497" /><testcase classname="test_modelcraft" name="test_8xfm" time="104.697" /><testcase classname="test_modelcraft" name="test_gamma_ep" time="44.994" /><testcase classname="test_molrep" name="test_molrep" time="19.058" /><testcase classname="test_molrep_den" name="test_gamma_density" time="10.637" /><testcase classname="test_molrep_selfrot" name="test_1h1s_selfrot" time="20.573" /><testcase classname="test_monomer_coverage.TestCheckMonomeCoverage" name="test_standard_amino_acids_only" time="0.216" /><testcase classname="test_monomer_coverage.TestCheckMonomeCoverage" name="test_known_library_ligand" time="0.213" /><testcase classname="test_monomer_coverage.TestCheckMonomeCoverage" name="test_code_collision_detected" time="0.216" /><testcase classname="test_monomer_coverage.TestCheckMonomeCoverage" name="test_user_dict_resolves_collision" time="0.214" /><testcase classname="test_monomer_coverage.TestCheckMonomeCoverage" name="test_completely_unknown_code" time="0.217" /><testcase classname="test_monomer_coverage.TestCheckMonomeCoverage" name="test_user_dict_covers_unknown_code" time="0.215" /><testcase classname="test_monomer_coverage.TestCheckMonomeCoverage" name="test_partial_dict_coverage_fails" time="0.220" /><testcase classname="test_monomer_coverage.TestCheckMonomeCoverage" name="test_water_and_ions_pass" time="0.217" /><testcase classname="test_monomer_coverage.TestCheckMonomeCoverage" name="test_multiple_instances_all_checked" time="0.222" /><testcase classname="test_monomer_coverage.TestCheckMonomeCoverage" name="test_no_monomer_library_defers" time="0.213" /><testcase classname="test_monomer_coverage.TestCheckMonomeCoverage" name="test_empty_structure_passes" time="0.211" /><testcase classname="test_mrbump" name="test_mrbump" time="107.962" /><testcase classname="test_mrparse" name="test_mrparse" time="7.689" /><testcase classname="test_nucleofind" name="test_1hr2" time="75.131" /><testcase classname="test_nucleofind" name="test_1hr2_raw" time="74.379" /><testcase classname="test_pairef" name="test_pairef" time="54.310" /><testcase classname="test_parrot" name="test_parrot" time="2.927" /><testcase classname="test_pdb_redo_api" name="test_pdb_redo" time="0.000"><skipped type="pytest.skip" message="NOT IMPLEMENTED: no test body. Would also need the live PDB-REDO service, so it could not run offline; see the docstring.">/private/tmp/claude-502/-Users-nmemn-Developer-ccp4i2/f6cc7a2e-0e1a-44ce-9736-29b95923e46e/scratchpad/c7/server/ccp4i2/tests/i2run/test_pdb_redo_api.py:5: NOT IMPLEMENTED: no test body. Would also need the live PDB-REDO service, so it could not run offline; see the docstring.</skipped></testcase><testcase classname="test_pdbset_ui" name="test_gamma_model" time="0.553" /><testcase classname="test_phaser_ensembler" name="test_mdm2_two_models" time="1.627" /><testcase classname="test_phaser_ep" name="test_phaser_ep" time="7.150" /><testcase classname="test_phaser_ep_auto" name="test_gamma_xe" time="7.004" /><testcase classname="test_phaser_ep_llg" name="test_gamma_xe" time="1.724" /><testcase classname="test_phaser_expert" name="test_beta_blip_default" time="32.744" /><testcase classname="test_phaser_expert" name="test_beta_blip_asu" time="10.833" /><testcase classname="test_phaser_rnp_pipeline" name="test_phaser_rnp_pipeline_chain_selections" time="19.768" /><testcase classname="test_phaser_simple" name="test_gamma_basic" time="7.747" /><testcase classname="test_phaser_simple" name="test_gamma_sheetbend" time="9.237" /><testcase classname="test_phaser_simple" name="test_gamma" time="18.656" /><testcase classname="test_phaser_simple" name="test_no_solution" time="5.557" /><testcase classname="test_phasertng_picard" name="test_instantiation" time="0.421" /><testcase classname="test_phasertng_picard" name="test_json_serialization" time="0.435" /><testcase classname="test_phasertng_picard" name="test_extract_no_user_changes" time="0.402" /><testcase classname="test_phasertng_picard" name="test_phil_exclude_scopes" time="0.396" /><testcase classname="test_phasertng_picard" name="test_i2run_gamma" time="17.699" /><testcase classname="test_plugin_validation" name="test_bare_prosmart_refmac_validation" time="0.486" /><testcase classname="test_plugin_validation" name="test_plugin_validity_method" time="0.418" /><testcase classname="test_plugin_validation" name="test_plugin_validity_as_xml_method" time="0.412" /><testcase classname="test_pointless_reindex" name="test_reindex_to_coords" time="0.920" /><testcase classname="test_privateer" name="test_glyco_4iid" time="3.703" /><testcase classname="test_provide_alignment" name="test_paste_pir_alignment" time="0.726" /><testcase classname="test_provide_alignment" name="test_read_pir_file" time="0.724" /><testcase classname="test_provide_sequence" name="test_freetext_sequence" time="0.727" /><testcase classname="test_provide_tls" name="test_auto_from_coords" time="0.705" /><testcase classname="test_refmac" name="test_8xfm" time="122.730" /><testcase classname="test_refmac" name="test_8xfm_basic" time="11.668" /><testcase classname="test_refmac" name="test_gamma" time="31.476" /><testcase classname="test_refmac" name="test_gamma_basic" time="12.102" /><testcase classname="test_refmac" name="test_complete_mtz_survives_cleanup" time="11.018" /><testcase classname="test_report_generation" name="test_refmac_report_generation" time="10.215" /><testcase classname="test_report_generation" name="test_pointless_report_generation" time="0.909" /><testcase classname="test_report_generation" name="test_import_merged_report_generation" time="2.800" /><testcase classname="test_report_generation" name="test_report_for_nonexistent_task" time="0.440" /><testcase classname="test_report_generation" name="test_csymmatch_report_generation" time="0.881" /><testcase classname="test_report_generation" name="test_report_for_task_without_a_report_class" time="0.979" /><testcase classname="test_rsr_morph" name="test_8xfm" time="5.738" /><testcase classname="test_scaleit" name="test_gamma_native_vs_xe" time="3.445" /><testcase classname="test_sculptor" name="test_gamma_sculptor" time="2.029" /><testcase classname="test_servalcat" name="test_8xfm_basic" time="5.019" /><testcase classname="test_servalcat" name="test_1gyu_unmerged_basic" time="4.698" /><testcase classname="test_servalcat" name="test_7beq_electron_basic" time="5.353" /><testcase classname="test_servalcat" name="test_7prg_neutron_basic" time="324.998" /><testcase classname="test_servalcat" name="test_complete_mtz_survives_cleanup" time="5.058" /><testcase classname="test_sheetbend" name="test_8xfm" time="3.227" /><testcase classname="test_shelx" name="test_substrdet" time="27.721" /><testcase classname="test_shelx" name="test_gamma_sad" time="243.603" /><testcase classname="test_shelx" name="test_gamma_siras" time="300.076" /><testcase classname="test_shelxe_mr" name="test_gamma" time="28.881" /><testcase classname="test_simbad" name="test_gamma_lattice" time="123.579" /><testcase classname="test_simple_pipeline" name="test_simple_signal_chain" time="4.499" /><testcase classname="test_single_atom_mr" name="test_single_atom_mr" time="45.144" /><testcase classname="test_split_mtz" name="test_gamma_abcd_column_group_list" time="1.005" /><testcase classname="test_split_mtz" name="test_gamma_abcd_user_column_group" time="1.039" /><testcase classname="test_split_mtz" name="test_4iid_phi_fom" time="1.020" /><testcase classname="test_split_mtz" name="test_auto_detect_redo_1cbs" time="1.426" /><testcase classname="test_split_mtz" name="test_auto_detect_redo_2ceu" time="1.354" /><testcase classname="test_split_mtz" name="test_auto_detect_gamma_phases" time="1.011" /><testcase classname="test_substitute_ligand" name="test_substitute_ligand_no_ligand" time="52.258" /><testcase classname="test_substitute_ligand" name="test_substitute_ligand_with_smiles" time="91.147" /><testcase classname="test_subtract_native" name="test_8xfm" time="1.286" /><testcase classname="test_urls" name="test_url[pdbe_fasta-8xfm-read_fasta]" time="0.486" /><testcase classname="test_urls" name="test_url[pdbe_mmcif-1gyu-read_structure]" time="0.487" /><testcase classname="test_urls" name="test_url[pdbe_pdb-6ndn-read_structure]" time="0.483" /><testcase classname="test_urls" name="test_url[pdbe_sfcif-2ceu-read]" time="0.474" /><testcase classname="test_urls" name="test_url[rcsb_ligand_cif-A1LU6-read]" time="0.471" /><testcase classname="test_urls" name="test_url[rcsb_ligand_sdf-A1LU6-read_sdf]" time="0.490" /><testcase classname="test_urls" name="test_url[rcsb_mmcif-4dl8-read_structure]" time="0.484" /><testcase classname="test_urls" name="test_url[rcsb_pdb-8rk1-read_structure]" time="0.469" /><testcase classname="test_urls" name="test_url[redo_cif-8xfm-read_structure]" time="0.466" /><testcase classname="test_urls" name="test_url[redo_mtz-8xfm-read_mtz_file]" time="0.472" /><testcase classname="test_validate" name="test_7beq_basic" time="11.592" /><testcase classname="test_validate" name="test_8ola_8olf_basic" time="52.594" /><testcase classname="test_validate" name="test_8rk1_cif_basic" time="64.975" /><testcase classname="test_validate" name="test_8rk1_pdb_basic" time="66.209" /><testcase classname="test_validate" name="test_8ola_8olf_with_molprobity" time="52.612" /><testcase classname="test_validate" name="test_8rk1_cif_with_molprobity" time="63.544" /><testcase classname="test_validate" name="test_8rk1_pdb_with_molprobity" time="61.066" /><testcase classname="test_xia2" name="test_xia2_dials_file" time="179.543" /><testcase classname="test_xia2" name="test_xia2_dials_directory" time="100.637" /><testcase classname="test_xia2" name="test_xia2_xds_file" time="0.012"><skipped type="pytest.skip" message="not installed: xds_par (looked in the *_EXECUTABLE and *DIR preferences, exePaths and PATH)">/private/tmp/claude-502/-Users-nmemn-Developer-ccp4i2/f6cc7a2e-0e1a-44ce-9736-29b95923e46e/scratchpad/c7/server/ccp4i2/tests/i2run/test_xia2.py:58: not installed: xds_par (looked in the *_EXECUTABLE and *DIR preferences, exePaths and PATH)</skipped></testcase><testcase classname="test_xia2_multiplex" name="test_multiplex" time="0.000"><skipped type="pytest.skip" message="NOT IMPLEMENTED: no test body. Would need DIALS-integrated .refl/.expt files; see the docstring.">/private/tmp/claude-502/-Users-nmemn-Developer-ccp4i2/f6cc7a2e-0e1a-44ce-9736-29b95923e46e/scratchpad/c7/server/ccp4i2/tests/i2run/test_xia2_multiplex.py:5: NOT IMPLEMENTED: no test body. Would need DIALS-integrated .refl/.expt files; see the docstring.</skipped></testcase><testcase classname="test_xia2_ssx_reduce" name="test_ssx_reduce" time="0.000"><skipped type="pytest.skip" message="NOT IMPLEMENTED: no test body. Would need DIALS-integrated serial .refl/.expt files; see the docstring.">/private/tmp/claude-502/-Users-nmemn-Developer-ccp4i2/f6cc7a2e-0e1a-44ce-9736-29b95923e46e/scratchpad/c7/server/ccp4i2/tests/i2run/test_xia2_ssx_reduce.py:5: NOT IMPLEMENTED: no test body. Would need DIALS-integrated serial .refl/.expt files; see the docstring.</skipped></testcase><testcase classname="test_zanuda" name="test_zanuda_8xfm" time="192.613" /></testsuite></testsuites>