<?xml version="1.0" encoding="utf-8"?><testsuites><testsuite name="pytest" errors="2" failures="0" skipped="13" tests="182" time="3826.886" timestamp="2026-08-31T15:27:38.447056" hostname="ddu-mac-mini.ncl.ac.uk"><testcase classname="" name="test_i2run" time="0.000"><skipped message="collection skipped">('/private/tmp/claude-502/-Users-nmemn-Developer-ccp4i2/f6cc7a2e-0e1a-44ce-9736-29b95923e46e/scratchpad/co/server/ccp4i2/tests/i2run/test_i2run.py', 4, 'Skipped: Historic tests - require test101 project zips')</skipped></testcase><testcase classname="test_acedrg" name="test_from_cif_monomer_library" time="15.148" /><testcase classname="test_acedrg" name="test_from_cif_rcsb" time="33.414" /><testcase classname="test_acedrg" name="test_from_cif_rcsb_metal_af3" time="9.677" /><testcase classname="test_acedrg" name="test_from_mol" time="29.324" /><testcase classname="test_acedrg" name="test_from_sdf" time="32.817" /><testcase classname="test_acedrg" name="test_from_smiles" time="35.790" /><testcase classname="test_acedrg" name="test_from_mol2" time="27.293" /><testcase classname="test_acedrg" name="test_from_smiles_atom_name_matching" time="28.293" /><testcase classname="test_acedrg" name="test_from_cif_rcsb_metal_OEX" time="9.374" /><testcase classname="test_acorn" name="test_acorn" time="5.875" /><testcase classname="test_add_fractional_coords" name="test_gamma_model" time="0.481" /><testcase classname="test_adding_stats" name="test_adding_stats" time="0.000"><skipped type="pytest.skip" message="NOT IMPLEMENTED: no test body. Would need a prior refinement job in the same project; see the docstring.">/private/tmp/claude-502/-Users-nmemn-Developer-ccp4i2/f6cc7a2e-0e1a-44ce-9736-29b95923e46e/scratchpad/co/server/ccp4i2/tests/i2run/test_adding_stats.py:5: NOT IMPLEMENTED: no test body. Would need a prior refinement job in the same project; see the docstring.</skipped></testcase><testcase classname="test_aimless" name="test_gamma" time="3.612" /><testcase classname="test_aimless" name="test_mdm2" time="13.845" /><testcase classname="test_alternative_import_xia2" name="test_import_xia2" time="0.000"><skipped type="pytest.skip" message="NOT IMPLEMENTED: no test body. Would need a real xia2 output directory; see the docstring.">/private/tmp/claude-502/-Users-nmemn-Developer-ccp4i2/f6cc7a2e-0e1a-44ce-9736-29b95923e46e/scratchpad/co/server/ccp4i2/tests/i2run/test_alternative_import_xia2.py:5: NOT IMPLEMENTED: no test body. Would need a real xia2 output directory; see the docstring.</skipped></testcase><testcase classname="test_ample" name="test_8xfm" time="0.128" /><testcase classname="test_arcimboldo" name="test_arcimboldo" time="112.871" /><testcase classname="test_areaimol" name="test_5a3h" time="0.541" /><testcase classname="test_areaimol" name="test_5a3h_imol" time="0.640" /><testcase classname="test_areaimol" name="test_compare_5a3h_and_8a3h" time="0.726" /><testcase classname="test_arpwarp" name="test_arpwarp" time="0.000"><skipped type="pytest.skip" message="ARP/wARP not installed ($warpbin unset). It is licensed separately, like SHELX. NOTE: without it this task reports success and writes no outputs -- the wrapper finds ARP/wARP by its own means, so the pre-run program check cannot see the dependency.">/private/tmp/claude-502/-Users-nmemn-Developer-ccp4i2/f6cc7a2e-0e1a-44ce-9736-29b95923e46e/scratchpad/co/server/ccp4i2/tests/i2run/test_arpwarp.py:15: ARP/wARP not installed ($warpbin unset). It is licensed separately, like SHELX. NOTE: without it this task reports success and writes no outputs -- the wrapper finds ARP/wARP by its own means, so the pre-run program check cannot see the dependency.</skipped></testcase><testcase classname="test_asu_contents" name="test_beta_blip" time="0.331" /><testcase classname="test_auspex" name="test_auspex" time="4.658" /><testcase classname="test_chainsaw" name="test_gamma_chainsaw" time="0.353" /><testcase classname="test_chltofom" name="test_hl_to_phifom" time="0.347" /><testcase classname="test_clustalw" name="test_cdk2_cdk6_alignment" time="0.333" /><testcase classname="test_cmapcoeff" name="test_gamma_anomalous" time="1.549" /><testcase classname="test_comit" name="test_comit" time="1.734" /><testcase classname="test_coordinate_selector" name="test_8xfm" time="0.333" /><testcase classname="test_coot_script_lines" name="test_rename_chain" time="0.000"><skipped type="pytest.skip" message="Requires coot --no-graphics binary; may not be available in CI">/private/tmp/claude-502/-Users-nmemn-Developer-ccp4i2/f6cc7a2e-0e1a-44ce-9736-29b95923e46e/scratchpad/co/server/ccp4i2/tests/i2run/test_coot_script_lines.py:5: Requires coot --no-graphics binary; may not be available in CI</skipped></testcase><testcase classname="test_cpatterson" name="test_gamma_native" time="1.669" /><testcase classname="test_cphasematch" name="test_gamma_phase_comparison" time="1.539" /><testcase classname="test_crank2" name="test_crank2" time="81.351" /><testcase classname="test_csymmatch" name="test_8xfm" time="0.535" /><testcase classname="test_ctruncate" name="test_gamma_intensities" time="0.000"><skipped type="pytest.skip" message="KeywordExtractor bug: get_merged_metadata is None for ctruncate container">/private/tmp/claude-502/-Users-nmemn-Developer-ccp4i2/f6cc7a2e-0e1a-44ce-9736-29b95923e46e/scratchpad/co/server/ccp4i2/tests/i2run/test_ctruncate.py:5: KeywordExtractor bug: get_merged_metadata is None for ctruncate container</skipped></testcase><testcase classname="test_density_calculator" name="test_gamma_model" time="0.350" /><testcase classname="test_dimple" name="test_dimple" time="12.552" /><testcase classname="test_dm_multidomain" name="test_dm_multidomain" time="13.892" /><testcase classname="test_dm_multidomain" name="test_dm_multidomain_phases_from_model" time="17.556" /><testcase classname="test_dm_multidomain" name="test_dm_multidomain_explicit_assembly" time="13.862" /><testcase classname="test_dm_vs_parrot" name="test_parrot_recovery" time="54.058" /><testcase classname="test_dm_vs_parrot" name="test_dm_multidomain_recovery" time="8.989" /><testcase classname="test_editbfac" name="test_alphafold_pdb" time="11.358" /><testcase classname="test_editbfac" name="test_alphafold_cif" time="4.284" /><testcase classname="test_editbfac" name="test_alphafold_pae" time="0.000"><skipped type="pytest.skip" message="Skipping temporarily due to error in process predicted model">/private/tmp/claude-502/-Users-nmemn-Developer-ccp4i2/f6cc7a2e-0e1a-44ce-9736-29b95923e46e/scratchpad/co/server/ccp4i2/tests/i2run/test_editbfac.py:60: Skipping temporarily due to error in process predicted model</skipped></testcase><testcase classname="test_editbfac" name="test_robetta" time="15.858" /><testcase classname="test_edstats_wrapper" name="test_8xfm" time="7.667" /><testcase classname="test_failure_surfacing" name="test_a_wrapper_given_an_unreadable_model_says_so" time="0.368" /><testcase classname="test_failure_surfacing" name="test_a_failure_in_a_subjob_names_the_subjob" time="0.871" /><testcase classname="test_failure_surfacing" name="test_a_failing_subjob_leaves_its_own_diagnostic" time="0.669" /><testcase classname="test_find_ligand" name="test_8xfm" time="0.786" /><testcase classname="test_find_waters" name="test_8xfm" time="0.512" /><testcase classname="test_findmyseq" name="test_gamma" time="0.000"><skipped type="pytest.skip" message="Needs FPHI map coefficients from the gamma crystal — no standalone FPHI MTZ in demo data, and PDB-REDO cells don't match">/private/tmp/claude-502/-Users-nmemn-Developer-ccp4i2/f6cc7a2e-0e1a-44ce-9736-29b95923e46e/scratchpad/co/server/ccp4i2/tests/i2run/test_findmyseq.py:5: Needs FPHI map coefficients from the gamma crystal — no standalone FPHI MTZ in demo data, and PDB-REDO cells don't match</skipped></testcase><testcase classname="test_freerflag" name="test_freerflag" time="0.464" /><testcase classname="test_gesamt" name="test_self_superposition" time="0.514" /><testcase classname="test_import_merged" name="test_2ceu_cif" time="2.685" /><testcase classname="test_import_merged" name="test_gamma_mtz" time="1.937" /><testcase classname="test_import_serial_pipe" name="test_serial_import" time="0.000"><skipped type="pytest.skip" message="NOT IMPLEMENTED: no test body. Would need CrystFEL .hkl half-datasets; see the docstring.">/private/tmp/claude-502/-Users-nmemn-Developer-ccp4i2/f6cc7a2e-0e1a-44ce-9736-29b95923e46e/scratchpad/co/server/ccp4i2/tests/i2run/test_import_serial_pipe.py:5: NOT IMPLEMENTED: no test body. Would need CrystFEL .hkl half-datasets; see the docstring.</skipped></testcase><testcase classname="test_import_tasks" name="test_import_coordinate" time="0.344" /><testcase classname="test_import_tasks" name="test_import_dictionary" time="0.333" /><testcase classname="test_import_tasks" name="test_import_freer_auto" time="0.349" /><testcase classname="test_import_tasks" name="test_import_phases_auto" time="0.359" /><testcase classname="test_import_tasks" name="test_import_obs_auto" time="0.356" /><testcase classname="test_import_tasks" name="test_import_mapcoeffs_explicit_columns" time="0.371" /><testcase classname="test_import_tasks" name="test_import_mapcoeffs_ambiguous_fails" time="0.208" /><testcase classname="test_lorestr" name="test_lorestr_1h1s" time="360.605" /><testcase classname="test_lorestr" name="test_lorestr_8xfm_mmcif" time="123.545" /><testcase classname="test_make_link" name="test_6ndn" time="33.811" /><testcase classname="test_matthews" name="test_gamma_from_nres" time="0.412" /><testcase classname="test_matthews" name="test_gamma_from_molwt" time="0.396" /><testcase classname="test_merge_mtz" name="test_gamma_merge_two_mtz" time="0.395" /><testcase classname="test_metalcoord" name="test_metalcoord" time="6.760" /><testcase classname="test_model_asu_check" name="test_8xfm" time="0.427" /><testcase classname="test_modelcraft" name="test_8xfm" time="104.584" /><testcase classname="test_modelcraft" name="test_gamma_ep" time="44.784" /><testcase classname="test_molrep" name="test_molrep" time="18.721" /><testcase classname="test_molrep_den" name="test_gamma_density" time="9.530" /><testcase classname="test_molrep_selfrot" name="test_1h1s_selfrot" time="20.871" /><testcase classname="test_monomer_coverage.TestCheckMonomeCoverage" name="test_standard_amino_acids_only" time="0.183" /><testcase classname="test_monomer_coverage.TestCheckMonomeCoverage" name="test_known_library_ligand" time="0.173" /><testcase classname="test_monomer_coverage.TestCheckMonomeCoverage" name="test_code_collision_detected" time="0.186" /><testcase classname="test_monomer_coverage.TestCheckMonomeCoverage" name="test_user_dict_resolves_collision" time="0.196" /><testcase classname="test_monomer_coverage.TestCheckMonomeCoverage" name="test_completely_unknown_code" time="0.183" /><testcase classname="test_monomer_coverage.TestCheckMonomeCoverage" name="test_user_dict_covers_unknown_code" time="0.176" /><testcase classname="test_monomer_coverage.TestCheckMonomeCoverage" name="test_partial_dict_coverage_fails" time="0.171" /><testcase classname="test_monomer_coverage.TestCheckMonomeCoverage" name="test_water_and_ions_pass" time="0.184" /><testcase classname="test_monomer_coverage.TestCheckMonomeCoverage" name="test_multiple_instances_all_checked" time="0.186" /><testcase classname="test_monomer_coverage.TestCheckMonomeCoverage" name="test_no_monomer_library_defers" time="0.173" /><testcase classname="test_monomer_coverage.TestCheckMonomeCoverage" name="test_empty_structure_passes" time="0.179" /><testcase classname="test_mrbump" name="test_mrbump" time="110.322" /><testcase classname="test_mrparse" name="test_mrparse" time="5.467" /><testcase classname="test_nucleofind" name="test_1hr2" time="75.762" /><testcase classname="test_nucleofind" name="test_1hr2_raw" time="77.370" /><testcase classname="test_pairef" name="test_pairef" time="55.216" /><testcase classname="test_parrot" name="test_parrot" time="2.906" /><testcase classname="test_pdb_redo_api" name="test_pdb_redo" time="0.000"><skipped type="pytest.skip" message="NOT IMPLEMENTED: no test body. Would also need the live PDB-REDO service, so it could not run offline; see the docstring.">/private/tmp/claude-502/-Users-nmemn-Developer-ccp4i2/f6cc7a2e-0e1a-44ce-9736-29b95923e46e/scratchpad/co/server/ccp4i2/tests/i2run/test_pdb_redo_api.py:5: NOT IMPLEMENTED: no test body. Would also need the live PDB-REDO service, so it could not run offline; see the docstring.</skipped></testcase><testcase classname="test_pdbset_ui" name="test_gamma_model" time="0.463" /><testcase classname="test_phaser_ensembler" name="test_mdm2_two_models" time="1.464" /><testcase classname="test_phaser_ep" name="test_phaser_ep" time="7.016" /><testcase classname="test_phaser_ep_auto" name="test_gamma_xe" time="6.948" /><testcase classname="test_phaser_ep_llg" name="test_gamma_xe" time="1.628" /><testcase classname="test_phaser_expert" name="test_beta_blip_default" time="32.135" /><testcase classname="test_phaser_expert" name="test_beta_blip_asu" time="10.169" /><testcase classname="test_phaser_rnp_pipeline" name="test_phaser_rnp_pipeline_chain_selections" time="19.355" /><testcase classname="test_phaser_simple" name="test_gamma_basic" time="6.988" /><testcase classname="test_phaser_simple" name="test_gamma_sheetbend" time="8.634" /><testcase classname="test_phaser_simple" name="test_gamma" time="18.028" /><testcase classname="test_phaser_simple" name="test_no_solution" time="4.711" /><testcase classname="test_phasertng_picard" name="test_instantiation" time="0.272" /><testcase classname="test_phasertng_picard" name="test_json_serialization" time="0.280" /><testcase classname="test_phasertng_picard" name="test_extract_no_user_changes" time="0.255" /><testcase classname="test_phasertng_picard" name="test_phil_exclude_scopes" time="0.263" /><testcase classname="test_phasertng_picard" name="test_i2run_gamma" time="17.713" /><testcase classname="test_plugin_validation" name="test_bare_prosmart_refmac_validation" time="0.303" /><testcase classname="test_plugin_validation" name="test_plugin_validity_method" time="0.254" /><testcase classname="test_plugin_validation" name="test_plugin_validity_as_xml_method" time="0.264" /><testcase classname="test_pointless_reindex" name="test_reindex_to_coords" time="0.640" /><testcase classname="test_privateer" name="test_glyco_4iid" time="3.452" /><testcase classname="test_provide_alignment" name="test_paste_pir_alignment" time="0.489" /><testcase classname="test_provide_alignment" name="test_read_pir_file" time="0.470" /><testcase classname="test_provide_sequence" name="test_freetext_sequence" time="0.456" /><testcase classname="test_provide_tls" name="test_auto_from_coords" time="0.457" /><testcase classname="test_refmac" name="test_8xfm" time="124.530" /><testcase classname="test_refmac" name="test_8xfm_basic" time="11.196" /><testcase classname="test_refmac" name="test_gamma" time="32.049" /><testcase classname="test_refmac" name="test_gamma_basic" time="12.047" /><testcase classname="test_refmac" name="test_complete_mtz_survives_cleanup" time="10.973" /><testcase classname="test_report_generation" name="test_refmac_report_generation" time="10.275" /><testcase classname="test_report_generation" name="test_pointless_report_generation" time="0.594" /><testcase classname="test_report_generation" name="test_import_merged_report_generation" time="2.258" /><testcase classname="test_report_generation" name="test_report_for_nonexistent_task" time="0.290" /><testcase classname="test_report_generation" name="test_csymmatch_report_generation" time="0.564" /><testcase classname="test_report_generation" name="test_report_for_task_without_a_report_class" time="0.625" /><testcase classname="test_rsr_morph" name="test_8xfm" time="5.438" /><testcase classname="test_scaleit" name="test_gamma_native_vs_xe" time="3.268" /><testcase classname="test_sculptor" name="test_gamma_sculptor" time="1.697" /><testcase classname="test_servalcat" name="test_8xfm_basic" time="4.579" /><testcase classname="test_servalcat" name="test_1gyu_unmerged_basic" time="4.217" /><testcase classname="test_servalcat" name="test_7beq_electron_basic" time="4.159" /><testcase classname="test_servalcat" name="test_7prg_neutron_basic" time="323.181" /><testcase classname="test_servalcat" name="test_complete_mtz_survives_cleanup" time="4.246" /><testcase classname="test_sheetbend" name="test_8xfm" time="2.819" /><testcase classname="test_shelx" name="test_substrdet" time="26.210" /><testcase classname="test_shelx" name="test_gamma_sad" time="234.336" /><testcase classname="test_shelx" name="test_gamma_siras" time="284.266" /><testcase classname="test_shelxe_mr" name="test_gamma" time="27.819" /><testcase classname="test_simbad" name="test_gamma_lattice" time="122.684" /><testcase classname="test_simple_pipeline" name="test_simple_signal_chain" time="3.829" /><testcase classname="test_single_atom_mr" name="test_single_atom_mr" time="41.805" /><testcase classname="test_split_mtz" name="test_gamma_abcd_column_group_list" time="0.598" /><testcase classname="test_split_mtz" name="test_gamma_abcd_user_column_group" time="0.601" /><testcase classname="test_split_mtz" name="test_4iid_phi_fom" time="0.610" /><testcase classname="test_split_mtz" name="test_auto_detect_redo_1cbs" time="0.623" /><testcase classname="test_split_mtz" name="test_auto_detect_redo_2ceu" time="0.653" /><testcase classname="test_split_mtz" name="test_auto_detect_gamma_phases" time="0.615" /><testcase classname="test_substitute_ligand" name="test_substitute_ligand_no_ligand" time="49.997" /><testcase classname="test_substitute_ligand" name="test_substitute_ligand_with_smiles" time="86.446" /><testcase classname="test_subtract_native" name="test_8xfm" time="0.825" /><testcase classname="test_urls" name="test_url[pdbe_fasta-8xfm-read_fasta]" time="0.279" /><testcase classname="test_urls" name="test_url[pdbe_mmcif-1gyu-read_structure]" time="0.284" /><testcase classname="test_urls" name="test_url[pdbe_pdb-6ndn-read_structure]" time="0.282" /><testcase classname="test_urls" name="test_url[pdbe_sfcif-2ceu-read]" time="0.281" /><testcase classname="test_urls" name="test_url[rcsb_ligand_cif-A1LU6-read]" time="0.294" /><testcase classname="test_urls" name="test_url[rcsb_ligand_sdf-A1LU6-read_sdf]" time="0.298" /><testcase classname="test_urls" name="test_url[rcsb_mmcif-4dl8-read_structure]" time="0.284" /><testcase classname="test_urls" name="test_url[rcsb_pdb-8rk1-read_structure]" time="0.287" /><testcase classname="test_urls" name="test_url[redo_cif-8xfm-read_structure]" time="0.289" /><testcase classname="test_urls" name="test_url[redo_mtz-8xfm-read_mtz_file]" time="0.282" /><testcase classname="test_validate" name="test_7beq_basic" time="10.869" /><testcase classname="test_validate" name="test_8ola_8olf_basic" time="47.808" /><testcase classname="test_validate" name="test_8rk1_cif_basic" time="58.696" /><testcase classname="test_validate" name="test_8rk1_pdb_basic" time="58.054" /><testcase classname="test_validate" name="test_8ola_8olf_with_molprobity" time="47.678" /><testcase classname="test_validate" name="test_8rk1_cif_with_molprobity" time="58.444" /><testcase classname="test_validate" name="test_8rk1_pdb_with_molprobity" time="58.049" /><testcase classname="test_xia2" name="test_xia2_dials_file" time="30.217"><error message="failed on setup with &quot;TimeoutError: The read operation timed out&quot;">ccp4i2/tests/i2run/test_xia2.py:15: in image_dir_fixture
    with download(url) as tarPath:
/Users/nmemn/Developer/ccp4-20260702/Frameworks/Python.framework/Versions/3.11/lib/python3.11/contextlib.py:137: in __enter__
    return next(self.gen)
ccp4i2/tests/i2run/utils.py:108: in download
    with urlopen(url, timeout=30) as response:
/Users/nmemn/Developer/ccp4-20260702/Frameworks/Python.framework/Versions/3.11/lib/python3.11/urllib/request.py:216: in urlopen
    return opener.open(url, data, timeout)
/Users/nmemn/Developer/ccp4-20260702/Frameworks/Python.framework/Versions/3.11/lib/python3.11/urllib/request.py:519: in open
    response = self._open(req, data)
/Users/nmemn/Developer/ccp4-20260702/Frameworks/Python.framework/Versions/3.11/lib/python3.11/urllib/request.py:536: in _open
    result = self._call_chain(self.handle_open, protocol, protocol +
/Users/nmemn/Developer/ccp4-20260702/Frameworks/Python.framework/Versions/3.11/lib/python3.11/urllib/request.py:496: in _call_chain
    result = func(*args)
/Users/nmemn/Developer/ccp4-20260702/Frameworks/Python.framework/Versions/3.11/lib/python3.11/urllib/request.py:1391: in https_open
    return self.do_open(http.client.HTTPSConnection, req,
/Users/nmemn/Developer/ccp4-20260702/Frameworks/Python.framework/Versions/3.11/lib/python3.11/urllib/request.py:1352: in do_open
    r = h.getresponse()
/Users/nmemn/Developer/ccp4-20260702/Frameworks/Python.framework/Versions/3.11/lib/python3.11/http/client.py:1395: in getresponse
    response.begin()
/Users/nmemn/Developer/ccp4-20260702/Frameworks/Python.framework/Versions/3.11/lib/python3.11/http/client.py:325: in begin
    version, status, reason = self._read_status()
/Users/nmemn/Developer/ccp4-20260702/Frameworks/Python.framework/Versions/3.11/lib/python3.11/http/client.py:286: in _read_status
    line = str(self.fp.readline(_MAXLINE + 1), "iso-8859-1")
/Users/nmemn/Developer/ccp4-20260702/Frameworks/Python.framework/Versions/3.11/lib/python3.11/socket.py:718: in readinto
    return self._sock.recv_into(b)
/Users/nmemn/Developer/ccp4-20260702/Frameworks/Python.framework/Versions/3.11/lib/python3.11/ssl.py:1314: in recv_into
    return self.read(nbytes, buffer)
/Users/nmemn/Developer/ccp4-20260702/Frameworks/Python.framework/Versions/3.11/lib/python3.11/ssl.py:1166: in read
    return self._sslobj.read(len, buffer)
E   TimeoutError: The read operation timed out</error></testcase><testcase classname="test_xia2" name="test_xia2_dials_directory" time="0.000"><error message="failed on setup with &quot;TimeoutError: The read operation timed out&quot;">ccp4i2/tests/i2run/test_xia2.py:15: in image_dir_fixture
    with download(url) as tarPath:
/Users/nmemn/Developer/ccp4-20260702/Frameworks/Python.framework/Versions/3.11/lib/python3.11/contextlib.py:137: in __enter__
    return next(self.gen)
ccp4i2/tests/i2run/utils.py:108: in download
    with urlopen(url, timeout=30) as response:
/Users/nmemn/Developer/ccp4-20260702/Frameworks/Python.framework/Versions/3.11/lib/python3.11/urllib/request.py:216: in urlopen
    return opener.open(url, data, timeout)
/Users/nmemn/Developer/ccp4-20260702/Frameworks/Python.framework/Versions/3.11/lib/python3.11/urllib/request.py:519: in open
    response = self._open(req, data)
/Users/nmemn/Developer/ccp4-20260702/Frameworks/Python.framework/Versions/3.11/lib/python3.11/urllib/request.py:536: in _open
    result = self._call_chain(self.handle_open, protocol, protocol +
/Users/nmemn/Developer/ccp4-20260702/Frameworks/Python.framework/Versions/3.11/lib/python3.11/urllib/request.py:496: in _call_chain
    result = func(*args)
/Users/nmemn/Developer/ccp4-20260702/Frameworks/Python.framework/Versions/3.11/lib/python3.11/urllib/request.py:1391: in https_open
    return self.do_open(http.client.HTTPSConnection, req,
/Users/nmemn/Developer/ccp4-20260702/Frameworks/Python.framework/Versions/3.11/lib/python3.11/urllib/request.py:1352: in do_open
    r = h.getresponse()
/Users/nmemn/Developer/ccp4-20260702/Frameworks/Python.framework/Versions/3.11/lib/python3.11/http/client.py:1395: in getresponse
    response.begin()
/Users/nmemn/Developer/ccp4-20260702/Frameworks/Python.framework/Versions/3.11/lib/python3.11/http/client.py:325: in begin
    version, status, reason = self._read_status()
/Users/nmemn/Developer/ccp4-20260702/Frameworks/Python.framework/Versions/3.11/lib/python3.11/http/client.py:286: in _read_status
    line = str(self.fp.readline(_MAXLINE + 1), "iso-8859-1")
/Users/nmemn/Developer/ccp4-20260702/Frameworks/Python.framework/Versions/3.11/lib/python3.11/socket.py:718: in readinto
    return self._sock.recv_into(b)
/Users/nmemn/Developer/ccp4-20260702/Frameworks/Python.framework/Versions/3.11/lib/python3.11/ssl.py:1314: in recv_into
    return self.read(nbytes, buffer)
/Users/nmemn/Developer/ccp4-20260702/Frameworks/Python.framework/Versions/3.11/lib/python3.11/ssl.py:1166: in read
    return self._sslobj.read(len, buffer)
E   TimeoutError: The read operation timed out</error></testcase><testcase classname="test_xia2" name="test_xia2_xds_file" time="0.000"><skipped type="pytest.skip" message="not installed: xds_par (looked in the *_EXECUTABLE and *DIR preferences, exePaths and PATH)">/private/tmp/claude-502/-Users-nmemn-Developer-ccp4i2/f6cc7a2e-0e1a-44ce-9736-29b95923e46e/scratchpad/co/server/ccp4i2/tests/i2run/test_xia2.py:58: not installed: xds_par (looked in the *_EXECUTABLE and *DIR preferences, exePaths and PATH)</skipped></testcase><testcase classname="test_xia2_multiplex" name="test_multiplex" time="0.000"><skipped type="pytest.skip" message="NOT IMPLEMENTED: no test body. Would need DIALS-integrated .refl/.expt files; see the docstring.">/private/tmp/claude-502/-Users-nmemn-Developer-ccp4i2/f6cc7a2e-0e1a-44ce-9736-29b95923e46e/scratchpad/co/server/ccp4i2/tests/i2run/test_xia2_multiplex.py:5: NOT IMPLEMENTED: no test body. Would need DIALS-integrated .refl/.expt files; see the docstring.</skipped></testcase><testcase classname="test_xia2_ssx_reduce" name="test_ssx_reduce" time="0.000"><skipped type="pytest.skip" message="NOT IMPLEMENTED: no test body. Would need DIALS-integrated serial .refl/.expt files; see the docstring.">/private/tmp/claude-502/-Users-nmemn-Developer-ccp4i2/f6cc7a2e-0e1a-44ce-9736-29b95923e46e/scratchpad/co/server/ccp4i2/tests/i2run/test_xia2_ssx_reduce.py:5: NOT IMPLEMENTED: no test body. Would need DIALS-integrated serial .refl/.expt files; see the docstring.</skipped></testcase><testcase classname="test_zanuda" name="test_zanuda_8xfm" time="186.611" /></testsuite></testsuites>