<?xml version="1.0" encoding="utf-8"?><testsuites><testsuite name="pytest" errors="0" failures="1" skipped="19" tests="211" time="3798.063" timestamp="2026-09-22T15:50:21.951392" hostname="ddu-mac-mini.ncl.ac.uk"><testcase classname="" name="test_i2run" time="0.000"><skipped message="collection skipped">('/Users/nmemn/Developer/ccp4i2-glean/server/ccp4i2/tests/i2run/test_i2run.py', 4, 'Skipped: Historic tests - require test101 project zips')</skipped></testcase><testcase classname="test_acedrg" name="test_from_cif_monomer_library" time="14.702" /><testcase classname="test_acedrg" name="test_from_cif_rcsb" time="32.713" /><testcase classname="test_acedrg" name="test_from_cif_rcsb_metal_af3" time="9.492" /><testcase classname="test_acedrg" name="test_from_mol" time="29.167" /><testcase classname="test_acedrg" name="test_from_sdf" time="32.923" /><testcase classname="test_acedrg" name="test_from_smiles" time="36.820" /><testcase classname="test_acedrg" name="test_from_mol2" time="28.128" /><testcase classname="test_acedrg" name="test_from_smiles_atom_name_matching" time="28.239" /><testcase classname="test_acedrg" name="test_from_cif_rcsb_metal_OEX" time="9.643" /><testcase classname="test_acorn" name="test_acorn" time="6.106" /><testcase classname="test_add_fractional_coords" name="test_gamma_model" time="0.477" /><testcase classname="test_adding_stats" name="test_adding_stats" time="0.000"><skipped type="pytest.skip" message="NOT IMPLEMENTED: no test body. Would need a prior refinement job in the same project; see the docstring.">/Users/nmemn/Developer/ccp4i2-glean/server/ccp4i2/tests/i2run/test_adding_stats.py:5: NOT IMPLEMENTED: no test body. Would need a prior refinement job in the same project; see the docstring.</skipped></testcase><testcase classname="test_aimless" name="test_gamma" time="3.869" /><testcase classname="test_aimless" name="test_gamma_freer_fraction" time="3.756" /><testcase classname="test_aimless" name="test_mdm2" time="14.873" /><testcase classname="test_alternative_import_xia2" name="test_import_xia2" time="0.000"><skipped type="pytest.skip" message="NOT IMPLEMENTED: no test body. Would need a real xia2 output directory; see the docstring.">/Users/nmemn/Developer/ccp4i2-glean/server/ccp4i2/tests/i2run/test_alternative_import_xia2.py:5: NOT IMPLEMENTED: no test body. Would need a real xia2 output directory; see the docstring.</skipped></testcase><testcase classname="test_ample" name="test_8xfm" time="0.130" /><testcase classname="test_arcimboldo" name="test_arcimboldo" time="0.000"><skipped type="pytest.skip" message="not installed: shelxe (looked in the *_EXECUTABLE and *DIR preferences, exePaths and PATH)">/Users/nmemn/Developer/ccp4i2-glean/server/ccp4i2/tests/i2run/test_arcimboldo.py:18: not installed: shelxe (looked in the *_EXECUTABLE and *DIR preferences, exePaths and PATH)</skipped></testcase><testcase classname="test_areaimol" name="test_5a3h" time="0.557" /><testcase classname="test_areaimol" name="test_5a3h_imol" time="0.700" /><testcase classname="test_areaimol" name="test_compare_5a3h_and_8a3h" time="0.747" /><testcase classname="test_arpwarp" name="test_arpwarp" time="0.000"><skipped type="pytest.skip" message="ARP/wARP not installed ($warpbin unset). It is licensed separately, like SHELX. NOTE: without it this task reports success and writes no outputs -- the wrapper finds ARP/wARP by its own means, so the pre-run program check cannot see the dependency.">/Users/nmemn/Developer/ccp4i2-glean/server/ccp4i2/tests/i2run/test_arpwarp.py:15: ARP/wARP not installed ($warpbin unset). It is licensed separately, like SHELX. NOTE: without it this task reports success and writes no outputs -- the wrapper finds ARP/wARP by its own means, so the pre-run program check cannot see the dependency.</skipped></testcase><testcase classname="test_asu_contents" name="test_beta_blip" time="0.306" /><testcase classname="test_auspex" name="test_auspex" time="4.591" /><testcase classname="test_chainsaw" name="test_gamma_chainsaw" time="0.337" /><testcase classname="test_chltofom" name="test_hl_to_phifom" time="0.375" /><testcase classname="test_clustalw" name="test_cdk2_cdk6_alignment" time="0.323" /><testcase classname="test_cmapcoeff" name="test_gamma_anomalous" time="1.615" /><testcase classname="test_comit" name="test_comit" time="1.915" /><testcase classname="test_coordinate_selector" name="test_8xfm" time="0.359" /><testcase classname="test_coot_script_lines" name="test_rename_chain" time="0.000"><skipped type="pytest.skip" message="Requires coot --no-graphics binary; may not be available in CI">/Users/nmemn/Developer/ccp4i2-glean/server/ccp4i2/tests/i2run/test_coot_script_lines.py:5: Requires coot --no-graphics binary; may not be available in CI</skipped></testcase><testcase classname="test_cpatterson" name="test_gamma_native" time="1.698" /><testcase classname="test_cphasematch" name="test_gamma_phase_comparison" time="1.647" /><testcase classname="test_crank2" name="test_crank2" time="0.000"><skipped type="pytest.skip" message="not installed: shelxc, shelxd, shelxe (looked in the *_EXECUTABLE and *DIR preferences, exePaths and PATH)">/Users/nmemn/Developer/ccp4i2-glean/server/ccp4i2/tests/i2run/test_crank2.py:7: not installed: shelxc, shelxd, shelxe (looked in the *_EXECUTABLE and *DIR preferences, exePaths and PATH)</skipped></testcase><testcase classname="test_csymmatch" name="test_8xfm" time="0.556" /><testcase classname="test_ctruncate" name="test_gamma_intensities" time="0.000"><skipped type="pytest.skip" message="KeywordExtractor bug: get_merged_metadata is None for ctruncate container">/Users/nmemn/Developer/ccp4i2-glean/server/ccp4i2/tests/i2run/test_ctruncate.py:5: KeywordExtractor bug: get_merged_metadata is None for ctruncate container</skipped></testcase><testcase classname="test_density_calculator" name="test_gamma_model" time="0.361" /><testcase classname="test_dimple" name="test_dimple" time="12.875" /><testcase classname="test_dm_multidomain" name="test_dm_multidomain" time="16.024" /><testcase classname="test_dm_multidomain" name="test_dm_multidomain_phases_from_model" time="18.848" /><testcase classname="test_dm_multidomain" name="test_dm_multidomain_explicit_assembly" time="15.839" /><testcase classname="test_dm_vs_parrot" name="test_parrot_recovery" time="57.447" /><testcase classname="test_dm_vs_parrot" name="test_dm_multidomain_recovery" time="10.675" /><testcase classname="test_dnatco" name="test_dnatco_wrapper" time="2.016" /><testcase classname="test_dnatco" name="test_dnatco_pipe_one_model" time="1.825" /><testcase classname="test_dnatco" name="test_dnatco_pipe_two_models" time="3.304" /><testcase classname="test_editbfac" name="test_alphafold_pdb" time="11.772" /><testcase classname="test_editbfac" name="test_alphafold_cif" time="4.448" /><testcase classname="test_editbfac" name="test_alphafold_pae" time="0.000"><skipped type="pytest.skip" message="Skipping temporarily due to error in process predicted model">/Users/nmemn/Developer/ccp4i2-glean/server/ccp4i2/tests/i2run/test_editbfac.py:60: Skipping temporarily due to error in process predicted model</skipped></testcase><testcase classname="test_editbfac" name="test_robetta" time="16.639" /><testcase classname="test_edstats_wrapper" name="test_8xfm" time="8.003" /><testcase classname="test_failure_surfacing" name="test_a_wrapper_given_an_unreadable_model_says_so" time="0.350" /><testcase classname="test_failure_surfacing" name="test_a_failure_in_a_subjob_names_the_subjob" time="1.041" /><testcase classname="test_failure_surfacing" name="test_a_failing_subjob_leaves_its_own_diagnostic" time="0.679" /><testcase classname="test_find_ligand" name="test_8xfm" time="0.895" /><testcase classname="test_find_waters" name="test_8xfm" time="0.555" /><testcase classname="test_findmyseq" name="test_gamma" time="0.000"><skipped type="pytest.skip" message="Needs FPHI map coefficients from the gamma crystal — no standalone FPHI MTZ in demo data, and PDB-REDO cells don't match">/Users/nmemn/Developer/ccp4i2-glean/server/ccp4i2/tests/i2run/test_findmyseq.py:5: Needs FPHI map coefficients from the gamma crystal — no standalone FPHI MTZ in demo data, and PDB-REDO cells don't match</skipped></testcase><testcase classname="test_freerflag" name="test_freerflag" time="0.445" /><testcase classname="test_gesamt" name="test_self_superposition" time="0.531" /><testcase classname="test_import_merged" name="test_2ceu_cif" time="2.784" /><testcase classname="test_import_merged" name="test_gamma_mtz" time="2.001" /><testcase classname="test_import_merged" name="test_baz2b_sca" time="4.375" /><testcase classname="test_import_merged" name="test_shelx_hkl" time="4.591" /><testcase classname="test_import_merged" name="test_merged_xds" time="4.575" /><testcase classname="test_import_serial_pipe" name="test_serial_import" time="0.000"><skipped type="pytest.skip" message="NOT IMPLEMENTED: no test body. Would need CrystFEL .hkl half-datasets; see the docstring.">/Users/nmemn/Developer/ccp4i2-glean/server/ccp4i2/tests/i2run/test_import_serial_pipe.py:5: NOT IMPLEMENTED: no test body. Would need CrystFEL .hkl half-datasets; see the docstring.</skipped></testcase><testcase classname="test_import_tasks" name="test_import_coordinate" time="0.317" /><testcase classname="test_import_tasks" name="test_import_dictionary" time="0.345" /><testcase classname="test_import_tasks" name="test_import_unmerged_mtz" time="0.337" /><testcase classname="test_import_tasks" name="test_import_unmerged_scalepack" time="0.334" /><testcase classname="test_import_tasks" name="test_import_freer_auto" time="0.353" /><testcase classname="test_import_tasks" name="test_import_phases_auto" time="0.389" /><testcase classname="test_import_tasks" name="test_import_obs_auto" time="0.370" /><testcase classname="test_import_tasks" name="test_import_mapcoeffs_explicit_columns" time="0.380" /><testcase classname="test_import_tasks" name="test_import_mapcoeffs_ambiguous_fails" time="0.196" /><testcase classname="test_lorestr" name="test_lorestr_1h1s" time="378.214" /><testcase classname="test_lorestr" name="test_lorestr_8xfm_mmcif" time="131.118" /><testcase classname="test_make_link" name="test_6ndn" time="37.816" /><testcase classname="test_matthews" name="test_gamma_from_nres" time="0.388" /><testcase classname="test_matthews" name="test_gamma_from_molwt" time="0.379" /><testcase classname="test_merge_mtz" name="test_gamma_merge_two_mtz" time="0.445" /><testcase classname="test_metalcoord" name="test_metalcoord" time="7.480" /><testcase classname="test_model_asu_check" name="test_8xfm" time="0.418" /><testcase classname="test_modelcraft" name="test_8xfm" time="108.179" /><testcase classname="test_modelcraft" name="test_gamma_ep" time="47.627" /><testcase classname="test_molrep" name="test_molrep" time="19.465" /><testcase classname="test_molrep_den" name="test_gamma_density" time="9.989" /><testcase classname="test_molrep_map" name="test_cak_emd12042" time="13.655" /><testcase classname="test_molrep_map" name="test_cak_emd12042_halfmaps" time="14.057" /><testcase classname="test_molrep_selfrot" name="test_1h1s_selfrot" time="21.286" /><testcase classname="test_monomer_coverage.TestCheckMonomeCoverage" name="test_standard_amino_acids_only" time="0.182" /><testcase classname="test_monomer_coverage.TestCheckMonomeCoverage" name="test_known_library_ligand" time="0.187" /><testcase classname="test_monomer_coverage.TestCheckMonomeCoverage" name="test_code_collision_detected" time="0.179" /><testcase classname="test_monomer_coverage.TestCheckMonomeCoverage" name="test_user_dict_resolves_collision" time="0.177" /><testcase classname="test_monomer_coverage.TestCheckMonomeCoverage" name="test_completely_unknown_code" time="0.188" /><testcase classname="test_monomer_coverage.TestCheckMonomeCoverage" name="test_user_dict_covers_unknown_code" time="0.181" /><testcase classname="test_monomer_coverage.TestCheckMonomeCoverage" name="test_partial_dict_coverage_fails" time="0.184" /><testcase classname="test_monomer_coverage.TestCheckMonomeCoverage" name="test_water_and_ions_pass" time="0.179" /><testcase classname="test_monomer_coverage.TestCheckMonomeCoverage" name="test_multiple_instances_all_checked" time="0.183" /><testcase classname="test_monomer_coverage.TestCheckMonomeCoverage" name="test_no_monomer_library_defers" time="0.174" /><testcase classname="test_monomer_coverage.TestCheckMonomeCoverage" name="test_empty_structure_passes" time="0.171" /><testcase classname="test_mrbump" name="test_mrbump" time="114.245" /><testcase classname="test_mrparse" name="test_mrparse" time="39.266" /><testcase classname="test_nucleofind" name="test_1hr2" time="77.566" /><testcase classname="test_nucleofind" name="test_1hr2_raw" time="76.542" /><testcase classname="test_pairef" name="test_pairef" time="55.590" /><testcase classname="test_parrot" name="test_parrot" time="2.984" /><testcase classname="test_pdb_redo_api" name="test_pdb_redo" time="0.000"><skipped type="pytest.skip" message="NOT IMPLEMENTED: no test body. Would also need the live PDB-REDO service, so it could not run offline; see the docstring.">/Users/nmemn/Developer/ccp4i2-glean/server/ccp4i2/tests/i2run/test_pdb_redo_api.py:5: NOT IMPLEMENTED: no test body. Would also need the live PDB-REDO service, so it could not run offline; see the docstring.</skipped></testcase><testcase classname="test_pdbset_ui" name="test_gamma_model" time="0.454" /><testcase classname="test_phaser_ensembler" name="test_mdm2_two_models" time="1.467" /><testcase classname="test_phaser_ep" name="test_phaser_ep" time="7.290" /><testcase classname="test_phaser_ep_auto" name="test_gamma_xe" time="7.202" /><testcase classname="test_phaser_ep_auto_phil" name="test_gamma_xe" time="7.628" /><testcase classname="test_phaser_ep_llg" name="test_gamma_xe" time="1.700" /><testcase classname="test_phaser_ep_phil" name="test_gamma_both_hands_no_parrot" time="7.766" /><testcase classname="test_phaser_ep_phil" name="test_gamma_with_parrot" time="12.834" /><testcase classname="test_phaser_expert" name="test_beta_blip_default" time="32.345" /><testcase classname="test_phaser_expert" name="test_beta_blip_asu" time="10.336" /><testcase classname="test_phaser_expert" name="test_beta_blip_amplitudes_with_f_or_i_untouched" time="11.771" /><testcase classname="test_phaser_mr_auto_phil" name="test_gamma_single_solution" time="6.940" /><testcase classname="test_phaser_mr_auto_phil" name="test_gamma_asu_composition" time="7.042" /><testcase classname="test_phaser_mr_rnp_phil" name="test_rnp_refines_the_solution_of_an_mr_auto_run" time="11.382" /><testcase classname="test_phaser_mr_steps_phil" name="test_rotation_then_translation_then_packing" time="3.650" /><testcase classname="test_phaser_pipeline_phil" name="test_beta_blip_asu_no_refinement" time="10.461" /><testcase classname="test_phaser_pipeline_phil" name="test_beta_blip_with_sheetbend_and_refmac" time="31.187" /><testcase classname="test_phaser_rnp_pipeline" name="test_phaser_rnp_pipeline_chain_selections" time="21.019" /><testcase classname="test_phaser_rnp_pipeline_phil" name="test_chain_selections" time="52.212" /><testcase classname="test_phaser_simple" name="test_gamma_basic" time="7.378" /><testcase classname="test_phaser_simple" name="test_gamma_sheetbend" time="8.796" /><testcase classname="test_phaser_simple" name="test_gamma" time="18.504" /><testcase classname="test_phaser_simple" name="test_no_solution" time="4.982" /><testcase classname="test_phaser_simple_phil" name="test_gamma_basic" time="7.228" /><testcase classname="test_phaser_simple_phil" name="test_gamma_sheetbend" time="8.891" /><testcase classname="test_phasertng_picard" name="test_instantiation" time="0.306" /><testcase classname="test_phasertng_picard" name="test_json_serialization" time="0.414" /><testcase classname="test_phasertng_picard" name="test_extract_no_user_changes" time="0.335" /><testcase classname="test_phasertng_picard" name="test_phil_exclude_scopes" time="0.337" /><testcase classname="test_phasertng_picard" name="test_i2run_gamma" time="18.181" /><testcase classname="test_plugin_validation" name="test_bare_prosmart_refmac_validation" time="0.376" /><testcase classname="test_plugin_validation" name="test_plugin_validity_method" time="0.315" /><testcase classname="test_plugin_validation" name="test_plugin_validity_as_xml_method" time="0.322" /><testcase classname="test_pointless_reindex" name="test_reindex_to_coords" time="0.809" /><testcase classname="test_privateer" name="test_glyco_4iid" time="4.208" /><testcase classname="test_provide_alignment" name="test_paste_pir_alignment" time="0.566" /><testcase classname="test_provide_alignment" name="test_read_pir_file" time="0.565" /><testcase classname="test_provide_sequence" name="test_freetext_sequence" time="0.574" /><testcase classname="test_provide_tls" name="test_auto_from_coords" time="0.574" /><testcase classname="test_refmac" name="test_8xfm" time="125.007" /><testcase classname="test_refmac" name="test_8xfm_basic" time="11.678" /><testcase classname="test_refmac" name="test_gamma" time="32.534" /><testcase classname="test_refmac" name="test_gamma_basic" time="12.174" /><testcase classname="test_refmac" name="test_complete_mtz_survives_cleanup" time="11.053" /><testcase classname="test_report_generation" name="test_refmac_report_generation" time="10.260" /><testcase classname="test_report_generation" name="test_pointless_report_generation" time="0.672" /><testcase classname="test_report_generation" name="test_import_merged_report_generation" time="2.407" /><testcase classname="test_report_generation" name="test_report_for_nonexistent_task" time="0.309" /><testcase classname="test_report_generation" name="test_csymmatch_report_generation" time="0.632" /><testcase classname="test_report_generation" name="test_report_for_task_without_a_report_class" time="0.692" /><testcase classname="test_rsr_morph" name="test_8xfm" time="5.324" /><testcase classname="test_scaleit" name="test_gamma_native_vs_xe" time="3.164" /><testcase classname="test_sculptor" name="test_gamma_sculptor" time="1.815" /><testcase classname="test_servalcat" name="test_8xfm_basic" time="4.750" /><testcase classname="test_servalcat" name="test_1gyu_unmerged_basic" time="4.149" /><testcase classname="test_servalcat" name="test_7beq_electron_basic" time="4.087" /><testcase classname="test_servalcat" name="test_7prg_neutron_basic" time="328.302" /><testcase classname="test_servalcat" name="test_complete_mtz_survives_cleanup" time="4.811" /><testcase classname="test_servalcat_spa" name="test_spa_emd12042_harvests_outputs" time="37.222" /><testcase classname="test_sheetbend" name="test_8xfm" time="3.158" /><testcase classname="test_shelx" name="test_substrdet" time="0.000"><skipped type="pytest.skip" message="not installed: shelxc, shelxd (looked in the *_EXECUTABLE and *DIR preferences, exePaths and PATH)">/Users/nmemn/Developer/ccp4i2-glean/server/ccp4i2/tests/i2run/test_shelx.py:7: not installed: shelxc, shelxd (looked in the *_EXECUTABLE and *DIR preferences, exePaths and PATH)</skipped></testcase><testcase classname="test_shelx" name="test_gamma_sad" time="0.000"><skipped type="pytest.skip" message="not installed: shelxc, shelxd, shelxe (looked in the *_EXECUTABLE and *DIR preferences, exePaths and PATH)">/Users/nmemn/Developer/ccp4i2-glean/server/ccp4i2/tests/i2run/test_shelx.py:25: not installed: shelxc, shelxd, shelxe (looked in the *_EXECUTABLE and *DIR preferences, exePaths and PATH)</skipped></testcase><testcase classname="test_shelx" name="test_gamma_siras" time="0.000"><skipped type="pytest.skip" message="not installed: shelxc, shelxd, shelxe (looked in the *_EXECUTABLE and *DIR preferences, exePaths and PATH)">/Users/nmemn/Developer/ccp4i2-glean/server/ccp4i2/tests/i2run/test_shelx.py:49: not installed: shelxc, shelxd, shelxe (looked in the *_EXECUTABLE and *DIR preferences, exePaths and PATH)</skipped></testcase><testcase classname="test_shelxe_mr" name="test_gamma" time="0.000"><skipped type="pytest.skip" message="not installed: shelxe (looked in the *_EXECUTABLE and *DIR preferences, exePaths and PATH)">/Users/nmemn/Developer/ccp4i2-glean/server/ccp4i2/tests/i2run/test_shelxe_mr.py:10: not installed: shelxe (looked in the *_EXECUTABLE and *DIR preferences, exePaths and PATH)</skipped></testcase><testcase classname="test_simbad" name="test_gamma_lattice" time="120.051" /><testcase classname="test_simple_pipeline" name="test_simple_signal_chain" time="4.269" /><testcase classname="test_single_atom_mr" name="test_single_atom_mr" time="44.600" /><testcase classname="test_split_mtz" name="test_gamma_abcd_column_group_list" time="0.793" /><testcase classname="test_split_mtz" name="test_gamma_abcd_user_column_group" time="0.800" /><testcase classname="test_split_mtz" name="test_4iid_phi_fom" time="1.123" /><testcase classname="test_split_mtz" name="test_auto_detect_redo_1cbs" time="1.023" /><testcase classname="test_split_mtz" name="test_auto_detect_redo_2ceu" time="0.879" /><testcase classname="test_split_mtz" name="test_auto_detect_gamma_phases" time="0.802" /><testcase classname="test_split_mtz" name="test_auto_detect_beta_blip_relabels_obs_to_canonical" time="0.780" /><testcase classname="test_substitute_ligand" name="test_substitute_ligand_no_ligand" time="52.617" /><testcase classname="test_substitute_ligand" name="test_substitute_ligand_with_smiles" time="89.734" /><testcase classname="test_substitute_ligand" name="test_substitute_ligand_phaser_rnp" time="64.479" /><testcase classname="test_substitute_ligand" name="test_substitute_ligand_merged_data" time="19.113" /><testcase classname="test_substitute_ligand" name="test_merged_free_r_other_crystal" time="19.084" /><testcase classname="test_subtract_native" name="test_8xfm" time="1.099" /><testcase classname="test_urls" name="test_url[pdbe_fasta-8xfm-read_fasta]" time="0.380" /><testcase classname="test_urls" name="test_url[pdbe_mmcif-1gyu-read_structure]" time="0.381" /><testcase classname="test_urls" name="test_url[pdbe_pdb-6ndn-read_structure]" time="0.379" /><testcase classname="test_urls" name="test_url[pdbe_sfcif-2ceu-read]" time="0.382" /><testcase classname="test_urls" name="test_url[rcsb_ligand_cif-A1LU6-read]" time="0.376" /><testcase classname="test_urls" name="test_url[rcsb_ligand_sdf-A1LU6-read_sdf]" time="0.393" /><testcase classname="test_urls" name="test_url[rcsb_mmcif-4dl8-read_structure]" time="0.377" /><testcase classname="test_urls" name="test_url[rcsb_pdb-8rk1-read_structure]" time="0.375" /><testcase classname="test_urls" name="test_url[redo_cif-8xfm-read_structure]" time="0.385" /><testcase classname="test_urls" name="test_url[redo_mtz-8xfm-read_mtz_file]" time="0.380" /><testcase classname="test_validate" name="test_7beq_basic" time="12.425" /><testcase classname="test_validate" name="test_8ola_8olf_basic" time="52.248" /><testcase classname="test_validate" name="test_8rk1_cif_basic" time="61.668" /><testcase classname="test_validate" name="test_8rk1_pdb_basic" time="61.538" /><testcase classname="test_validate" name="test_8ola_8olf_with_molprobity" time="51.029" /><testcase classname="test_validate" name="test_8rk1_cif_with_molprobity" time="62.153" /><testcase classname="test_validate" name="test_8rk1_pdb_with_molprobity" time="61.967" /><testcase classname="test_xia2" name="test_xia2_dials_file" time="143.498"><failure message="AssertionError: Error reports found in diagnostic.xml:&#10;  - processOutputFiles: Python exception in processOutputFiles(): FileNotFoundError: [Errno 2] No such file or directory: '/Users/nmemn/.cache/ccp4i2-tests/20260922_164653_1898_xia2_test_xia2_dials_file/CCP4_JOBS/job_1/program.xml_tmp' -&gt; '/Users/nmemn/.cache/ccp4i2-tests/20260922_164653_1898_xia2_test_xia2_dials_file/CCP4_JOBS/job_1/program.xml'&#10;&#10;Traceback (most recent call last):&#10;  File &quot;/Users/nmemn/Developer/ccp4i2-glean/server/ccp4i2/core/CCP4PluginScript.py&quot;, line 2695, in runProcessOutputFiles&#10;    result = self.processOutputFiles()&#10;             ^^^^^^^^^^^^^^^^^^^^^^^^^&#10;  File &quot;/Users/nmemn/Developer/ccp4i2-glean/server/ccp4i2/wrappers/xia2_dials/script/xia2_dials.py&quot;, line 372, in processOutputFiles&#10;    self.flushXML()&#10;  File &quot;/Users/nmemn/Developer/ccp4i2-glean/server/ccp4i2/wrappers/xia2_dials/script/xia2_dials.py&quot;, line 512, in flushXML&#10;    os.rename(tmpFilename, self.makeFileName(&quot;PROGRAMXML&quot;))&#10;FileNotFoundError: [Errno 2] No such file or directory: '/Users/nmemn/.cache/ccp4i2-tests/20260922_164653_1898_xia2_test_xia2_dials_file/CCP4_JOBS/job_1/program.xml_tmp' -&gt; '/Users/nmemn/.cache/ccp4i2-tests/20260922_164653_1898_xia2_test_xia2_dials_file/CCP4_JOBS/job_1/program.xml'">ccp4i2/tests/i2run/test_xia2.py:51: in test_xia2_dials_file
    run_test_from_image_file("xia2_dials", image_dir)
ccp4i2/tests/i2run/test_xia2.py:29: in run_test_from_image_file
    run_test(args)
ccp4i2/tests/i2run/test_xia2.py:39: in run_test
    with i2run(args) as job:
../../ccp4-20260702/Frameworks/Python.framework/Versions/3.11/lib/python3.11/contextlib.py:137: in __enter__
    return next(self.gen)
ccp4i2/tests/i2run/utils.py:333: in i2run
    assert len(errors) == 0, f"Error reports found in diagnostic.xml:\n" + "\n".join(error_details)
E   AssertionError: Error reports found in diagnostic.xml:
E     - processOutputFiles: Python exception in processOutputFiles(): FileNotFoundError: [Errno 2] No such file or directory: '/Users/nmemn/.cache/ccp4i2-tests/20260922_164653_1898_xia2_test_xia2_dials_file/CCP4_JOBS/job_1/program.xml_tmp' -&gt; '/Users/nmemn/.cache/ccp4i2-tests/20260922_164653_1898_xia2_test_xia2_dials_file/CCP4_JOBS/job_1/program.xml'
E   
E   Traceback (most recent call last):
E     File "/Users/nmemn/Developer/ccp4i2-glean/server/ccp4i2/core/CCP4PluginScript.py", line 2695, in runProcessOutputFiles
E       result = self.processOutputFiles()
E                ^^^^^^^^^^^^^^^^^^^^^^^^^
E     File "/Users/nmemn/Developer/ccp4i2-glean/server/ccp4i2/wrappers/xia2_dials/script/xia2_dials.py", line 372, in processOutputFiles
E       self.flushXML()
E     File "/Users/nmemn/Developer/ccp4i2-glean/server/ccp4i2/wrappers/xia2_dials/script/xia2_dials.py", line 512, in flushXML
E       os.rename(tmpFilename, self.makeFileName("PROGRAMXML"))
E   FileNotFoundError: [Errno 2] No such file or directory: '/Users/nmemn/.cache/ccp4i2-tests/20260922_164653_1898_xia2_test_xia2_dials_file/CCP4_JOBS/job_1/program.xml_tmp' -&gt; '/Users/nmemn/.cache/ccp4i2-tests/20260922_164653_1898_xia2_test_xia2_dials_file/CCP4_JOBS/job_1/program.xml'</failure></testcase><testcase classname="test_xia2" name="test_xia2_dials_directory" time="102.682" /><testcase classname="test_xia2" name="test_xia2_xds_file" time="0.003"><skipped type="pytest.skip" message="not installed: xds_par (looked in the *_EXECUTABLE and *DIR preferences, exePaths and PATH)">/Users/nmemn/Developer/ccp4i2-glean/server/ccp4i2/tests/i2run/test_xia2.py:58: not installed: xds_par (looked in the *_EXECUTABLE and *DIR preferences, exePaths and PATH)</skipped></testcase><testcase classname="test_xia2_multiplex" name="test_multiplex" time="0.000"><skipped type="pytest.skip" message="NOT IMPLEMENTED: no test body. Would need DIALS-integrated .refl/.expt files; see the docstring.">/Users/nmemn/Developer/ccp4i2-glean/server/ccp4i2/tests/i2run/test_xia2_multiplex.py:5: NOT IMPLEMENTED: no test body. Would need DIALS-integrated .refl/.expt files; see the docstring.</skipped></testcase><testcase classname="test_xia2_ssx_reduce" name="test_ssx_reduce" time="0.000"><skipped type="pytest.skip" message="NOT IMPLEMENTED: no test body. Would need DIALS-integrated serial .refl/.expt files; see the docstring.">/Users/nmemn/Developer/ccp4i2-glean/server/ccp4i2/tests/i2run/test_xia2_ssx_reduce.py:5: NOT IMPLEMENTED: no test body. Would need DIALS-integrated serial .refl/.expt files; see the docstring.</skipped></testcase><testcase classname="test_zanuda" name="test_zanuda_8xfm" time="196.583" /></testsuite></testsuites>